running egg_info
writing ../../build/maya_pkg/maya_pkg.egg-info/PKG-INFO
writing dependency_links to ../../build/maya_pkg/maya_pkg.egg-info/dependency_links.txt
writing entry points to ../../build/maya_pkg/maya_pkg.egg-info/entry_points.txt
writing requirements to ../../build/maya_pkg/maya_pkg.egg-info/requires.txt
writing top-level names to ../../build/maya_pkg/maya_pkg.egg-info/top_level.txt
reading manifest file '../../build/maya_pkg/maya_pkg.egg-info/SOURCES.txt'
writing manifest file '../../build/maya_pkg/maya_pkg.egg-info/SOURCES.txt'
running build
running build_py
copying maya_pkg/mayaDriver.py -> /home/patricia/Escritorio/Mecatronica-Proyecto/software/ros_ws/build/maya_pkg/build/lib/maya_pkg
running install
running install_lib
copying /home/patricia/Escritorio/Mecatronica-Proyecto/software/ros_ws/build/maya_pkg/build/lib/maya_pkg/mayaDriver.py -> /home/patricia/Escritorio/Mecatronica-Proyecto/software/ros_ws/install/maya_pkg/lib/python3.10/site-packages/maya_pkg
byte-compiling /home/patricia/Escritorio/Mecatronica-Proyecto/software/ros_ws/install/maya_pkg/lib/python3.10/site-packages/maya_pkg/mayaDriver.py to mayaDriver.cpython-310.pyc
running install_data
running install_egg_info
removing '/home/patricia/Escritorio/Mecatronica-Proyecto/software/ros_ws/install/maya_pkg/lib/python3.10/site-packages/maya_pkg-0.0.0-py3.10.egg-info' (and everything under it)
Copying ../../build/maya_pkg/maya_pkg.egg-info to /home/patricia/Escritorio/Mecatronica-Proyecto/software/ros_ws/install/maya_pkg/lib/python3.10/site-packages/maya_pkg-0.0.0-py3.10.egg-info
running install_scripts
Installing mayaDriver script to /home/patricia/Escritorio/Mecatronica-Proyecto/software/ros_ws/install/maya_pkg/lib/maya_pkg
writing list of installed files to '/home/patricia/Escritorio/Mecatronica-Proyecto/software/ros_ws/build/maya_pkg/install.log'
