[0.369s] Invoking command in '/home/patricia/Escritorio/Mecatronica-Proyecto/software/ros_ws/src/maya_pkg': PYTHONPATH=/home/patricia/Escritorio/Mecatronica-Proyecto/software/ros_ws/install/maya_pkg/lib/python3.10/site-packages:${PYTHONPATH} /usr/bin/python3 setup.py egg_info --egg-base ../../build/maya_pkg build --build-base /home/patricia/Escritorio/Mecatronica-Proyecto/software/ros_ws/build/maya_pkg/build install --prefix /home/patricia/Escritorio/Mecatronica-Proyecto/software/ros_ws/install/maya_pkg --record /home/patricia/Escritorio/Mecatronica-Proyecto/software/ros_ws/build/maya_pkg/install.log --single-version-externally-managed
[0.504s] running egg_info
[0.505s] writing ../../build/maya_pkg/maya_pkg.egg-info/PKG-INFO
[0.505s] writing dependency_links to ../../build/maya_pkg/maya_pkg.egg-info/dependency_links.txt
[0.505s] writing entry points to ../../build/maya_pkg/maya_pkg.egg-info/entry_points.txt
[0.505s] writing requirements to ../../build/maya_pkg/maya_pkg.egg-info/requires.txt
[0.505s] writing top-level names to ../../build/maya_pkg/maya_pkg.egg-info/top_level.txt
[0.506s] reading manifest file '../../build/maya_pkg/maya_pkg.egg-info/SOURCES.txt'
[0.507s] writing manifest file '../../build/maya_pkg/maya_pkg.egg-info/SOURCES.txt'
[0.507s] running build
[0.507s] running build_py
[0.507s] creating /home/patricia/Escritorio/Mecatronica-Proyecto/software/ros_ws/build/maya_pkg/build/lib/maya_pkg/maya_lib
[0.507s] copying maya_pkg/maya_lib/__init__.py -> /home/patricia/Escritorio/Mecatronica-Proyecto/software/ros_ws/build/maya_pkg/build/lib/maya_pkg/maya_lib
[0.507s] copying maya_pkg/maya_lib/maya.py -> /home/patricia/Escritorio/Mecatronica-Proyecto/software/ros_ws/build/maya_pkg/build/lib/maya_pkg/maya_lib
[0.507s] running install
[0.507s] /usr/lib/python3/dist-packages/setuptools/command/install.py:34: SetuptoolsDeprecationWarning: setup.py install is deprecated. Use build and pip and other standards-based tools.
[0.507s]   warnings.warn(
[0.507s] running install_lib
[0.508s] creating /home/patricia/Escritorio/Mecatronica-Proyecto/software/ros_ws/install/maya_pkg/lib/python3.10/site-packages/maya_pkg/maya_lib
[0.508s] copying /home/patricia/Escritorio/Mecatronica-Proyecto/software/ros_ws/build/maya_pkg/build/lib/maya_pkg/maya_lib/maya.py -> /home/patricia/Escritorio/Mecatronica-Proyecto/software/ros_ws/install/maya_pkg/lib/python3.10/site-packages/maya_pkg/maya_lib
[0.508s] copying /home/patricia/Escritorio/Mecatronica-Proyecto/software/ros_ws/build/maya_pkg/build/lib/maya_pkg/maya_lib/__init__.py -> /home/patricia/Escritorio/Mecatronica-Proyecto/software/ros_ws/install/maya_pkg/lib/python3.10/site-packages/maya_pkg/maya_lib
[0.509s] byte-compiling /home/patricia/Escritorio/Mecatronica-Proyecto/software/ros_ws/install/maya_pkg/lib/python3.10/site-packages/maya_pkg/maya_lib/maya.py to maya.cpython-310.pyc
[0.509s] byte-compiling /home/patricia/Escritorio/Mecatronica-Proyecto/software/ros_ws/install/maya_pkg/lib/python3.10/site-packages/maya_pkg/maya_lib/__init__.py to __init__.cpython-310.pyc
[0.509s] running install_data
[0.509s] running install_egg_info
[0.510s] removing '/home/patricia/Escritorio/Mecatronica-Proyecto/software/ros_ws/install/maya_pkg/lib/python3.10/site-packages/maya_pkg-0.0.0-py3.10.egg-info' (and everything under it)
[0.510s] Copying ../../build/maya_pkg/maya_pkg.egg-info to /home/patricia/Escritorio/Mecatronica-Proyecto/software/ros_ws/install/maya_pkg/lib/python3.10/site-packages/maya_pkg-0.0.0-py3.10.egg-info
[0.511s] running install_scripts
[0.523s] Installing mayaDriver script to /home/patricia/Escritorio/Mecatronica-Proyecto/software/ros_ws/install/maya_pkg/lib/maya_pkg
[0.523s] writing list of installed files to '/home/patricia/Escritorio/Mecatronica-Proyecto/software/ros_ws/build/maya_pkg/install.log'
[0.539s] Invoked command in '/home/patricia/Escritorio/Mecatronica-Proyecto/software/ros_ws/src/maya_pkg' returned '0': PYTHONPATH=/home/patricia/Escritorio/Mecatronica-Proyecto/software/ros_ws/install/maya_pkg/lib/python3.10/site-packages:${PYTHONPATH} /usr/bin/python3 setup.py egg_info --egg-base ../../build/maya_pkg build --build-base /home/patricia/Escritorio/Mecatronica-Proyecto/software/ros_ws/build/maya_pkg/build install --prefix /home/patricia/Escritorio/Mecatronica-Proyecto/software/ros_ws/install/maya_pkg --record /home/patricia/Escritorio/Mecatronica-Proyecto/software/ros_ws/build/maya_pkg/install.log --single-version-externally-managed
