running develop
/usr/lib/python3/dist-packages/setuptools/command/easy_install.py:158: EasyInstallDeprecationWarning: easy_install command is deprecated. Use build and pip and other standards-based tools.
  warnings.warn(
/usr/lib/python3/dist-packages/setuptools/command/install.py:34: SetuptoolsDeprecationWarning: setup.py install is deprecated. Use build and pip and other standards-based tools.
  warnings.warn(
/usr/lib/python3/dist-packages/pkg_resources/__init__.py:116: PkgResourcesDeprecationWarning: 1.1build1 is an invalid version and will not be supported in a future release
  warnings.warn(
/usr/lib/python3/dist-packages/pkg_resources/__init__.py:116: PkgResourcesDeprecationWarning: 0.1.43ubuntu1 is an invalid version and will not be supported in a future release
  warnings.warn(
running egg_info
writing maya_pkg.egg-info/PKG-INFO
writing dependency_links to maya_pkg.egg-info/dependency_links.txt
writing entry points to maya_pkg.egg-info/entry_points.txt
writing requirements to maya_pkg.egg-info/requires.txt
writing top-level names to maya_pkg.egg-info/top_level.txt
reading manifest file 'maya_pkg.egg-info/SOURCES.txt'
writing manifest file 'maya_pkg.egg-info/SOURCES.txt'
running build_ext
Creating /home/vidi/reposMecatronica/Mecatronica-Proyecto/software/ros_ws/install/maya_pkg/lib/python3.10/site-packages/maya-pkg.egg-link (link to .)
Installing buzzerTest script to /home/vidi/reposMecatronica/Mecatronica-Proyecto/software/ros_ws/install/maya_pkg/lib/maya_pkg
Installing mayaDriver script to /home/vidi/reposMecatronica/Mecatronica-Proyecto/software/ros_ws/install/maya_pkg/lib/maya_pkg

Installed /home/vidi/reposMecatronica/Mecatronica-Proyecto/software/ros_ws/build/maya_pkg
running install_data
