[0.360s] DEBUG:colcon:Command line arguments: ['/home/patricia/.local/bin/colcon', 'build']
[0.360s] DEBUG:colcon:Parsed command line arguments: Namespace(log_base=None, log_level=None, verb_name='build', build_base='build', install_base='install', merge_install=False, symlink_install=False, test_result_base=None, continue_on_error=False, executor='parallel', parallel_workers=8, event_handlers=None, ignore_user_meta=False, metas=['./colcon.meta'], base_paths=['.'], packages_ignore=None, packages_ignore_regex=None, paths=None, packages_up_to=None, packages_up_to_regex=None, packages_above=None, packages_above_and_dependencies=None, packages_above_depth=None, packages_select_by_dep=None, packages_skip_by_dep=None, packages_skip_up_to=None, packages_select_build_failed=False, packages_skip_build_finished=False, packages_select_test_failures=False, packages_skip_test_passed=False, packages_select=None, packages_skip=None, packages_select_regex=None, packages_skip_regex=None, packages_start=None, packages_end=None, allow_overriding=[], cmake_args=None, cmake_target=None, cmake_target_skip_unavailable=False, cmake_clean_cache=False, cmake_clean_first=False, cmake_force_configure=False, ament_cmake_args=None, catkin_cmake_args=None, catkin_skip_building_tests=False, verb_parser=<colcon_defaults.argument_parser.defaults.DefaultArgumentsDecorator object at 0x7fc085c49600>, verb_extension=<colcon_core.verb.build.BuildVerb object at 0x7fc085e03fd0>, main=<bound method BuildVerb.main of <colcon_core.verb.build.BuildVerb object at 0x7fc085e03fd0>>)
[0.383s] Level 1:colcon.colcon_core.package_discovery:discover_packages(colcon_meta) check parameters
[0.383s] Level 1:colcon.colcon_core.package_discovery:discover_packages(recursive) check parameters
[0.383s] Level 1:colcon.colcon_core.package_discovery:discover_packages(ignore) check parameters
[0.383s] Level 1:colcon.colcon_core.package_discovery:discover_packages(path) check parameters
[0.383s] Level 1:colcon.colcon_core.package_discovery:discover_packages(colcon_meta) discover
[0.383s] Level 1:colcon.colcon_core.package_discovery:discover_packages(recursive) discover
[0.383s] INFO:colcon.colcon_core.package_discovery:Crawling recursively for packages in '/home/patricia/Escritorio/Mecatronica-Proyecto/software/ros_ws'
[0.383s] Level 1:colcon.colcon_core.package_identification:_identify(.) by extensions ['ignore', 'ignore_ament_install']
[0.383s] Level 1:colcon.colcon_core.package_identification:_identify(.) by extension 'ignore'
[0.383s] Level 1:colcon.colcon_core.package_identification:_identify(.) by extension 'ignore_ament_install'
[0.384s] Level 1:colcon.colcon_core.package_identification:_identify(.) by extensions ['colcon_pkg']
[0.384s] Level 1:colcon.colcon_core.package_identification:_identify(.) by extension 'colcon_pkg'
[0.384s] Level 1:colcon.colcon_core.package_identification:_identify(.) by extensions ['colcon_meta']
[0.384s] Level 1:colcon.colcon_core.package_identification:_identify(.) by extension 'colcon_meta'
[0.384s] Level 1:colcon.colcon_core.package_identification:_identify(.) by extensions ['ros']
[0.384s] Level 1:colcon.colcon_core.package_identification:_identify(.) by extension 'ros'
[0.391s] Level 1:colcon.colcon_core.package_identification:_identify(.) by extensions ['cmake', 'python']
[0.391s] Level 1:colcon.colcon_core.package_identification:_identify(.) by extension 'cmake'
[0.391s] Level 1:colcon.colcon_core.package_identification:_identify(.) by extension 'python'
[0.391s] Level 1:colcon.colcon_core.package_identification:_identify(.) by extensions ['python_setup_py']
[0.391s] Level 1:colcon.colcon_core.package_identification:_identify(.) by extension 'python_setup_py'
[0.391s] Level 1:colcon.colcon_core.package_identification:_identify(build) by extensions ['ignore', 'ignore_ament_install']
[0.391s] Level 1:colcon.colcon_core.package_identification:_identify(build) by extension 'ignore'
[0.391s] Level 1:colcon.colcon_core.package_identification:_identify(build) ignored
[0.391s] Level 1:colcon.colcon_core.package_identification:_identify(install) by extensions ['ignore', 'ignore_ament_install']
[0.391s] Level 1:colcon.colcon_core.package_identification:_identify(install) by extension 'ignore'
[0.391s] Level 1:colcon.colcon_core.package_identification:_identify(install) ignored
[0.391s] Level 1:colcon.colcon_core.package_identification:_identify(log) by extensions ['ignore', 'ignore_ament_install']
[0.391s] Level 1:colcon.colcon_core.package_identification:_identify(log) by extension 'ignore'
[0.391s] Level 1:colcon.colcon_core.package_identification:_identify(log) ignored
[0.392s] Level 1:colcon.colcon_core.package_identification:_identify(src) by extensions ['ignore', 'ignore_ament_install']
[0.392s] Level 1:colcon.colcon_core.package_identification:_identify(src) by extension 'ignore'
[0.392s] Level 1:colcon.colcon_core.package_identification:_identify(src) by extension 'ignore_ament_install'
[0.392s] Level 1:colcon.colcon_core.package_identification:_identify(src) by extensions ['colcon_pkg']
[0.392s] Level 1:colcon.colcon_core.package_identification:_identify(src) by extension 'colcon_pkg'
[0.392s] Level 1:colcon.colcon_core.package_identification:_identify(src) by extensions ['colcon_meta']
[0.392s] Level 1:colcon.colcon_core.package_identification:_identify(src) by extension 'colcon_meta'
[0.392s] Level 1:colcon.colcon_core.package_identification:_identify(src) by extensions ['ros']
[0.392s] Level 1:colcon.colcon_core.package_identification:_identify(src) by extension 'ros'
[0.392s] Level 1:colcon.colcon_core.package_identification:_identify(src) by extensions ['cmake', 'python']
[0.392s] Level 1:colcon.colcon_core.package_identification:_identify(src) by extension 'cmake'
[0.392s] Level 1:colcon.colcon_core.package_identification:_identify(src) by extension 'python'
[0.392s] Level 1:colcon.colcon_core.package_identification:_identify(src) by extensions ['python_setup_py']
[0.392s] Level 1:colcon.colcon_core.package_identification:_identify(src) by extension 'python_setup_py'
[0.392s] Level 1:colcon.colcon_core.package_identification:_identify(src/maya_msgs) by extensions ['ignore', 'ignore_ament_install']
[0.392s] Level 1:colcon.colcon_core.package_identification:_identify(src/maya_msgs) by extension 'ignore'
[0.392s] Level 1:colcon.colcon_core.package_identification:_identify(src/maya_msgs) by extension 'ignore_ament_install'
[0.392s] Level 1:colcon.colcon_core.package_identification:_identify(src/maya_msgs) by extensions ['colcon_pkg']
[0.392s] Level 1:colcon.colcon_core.package_identification:_identify(src/maya_msgs) by extension 'colcon_pkg'
[0.392s] Level 1:colcon.colcon_core.package_identification:_identify(src/maya_msgs) by extensions ['colcon_meta']
[0.392s] Level 1:colcon.colcon_core.package_identification:_identify(src/maya_msgs) by extension 'colcon_meta'
[0.392s] Level 1:colcon.colcon_core.package_identification:_identify(src/maya_msgs) by extensions ['ros']
[0.392s] Level 1:colcon.colcon_core.package_identification:_identify(src/maya_msgs) by extension 'ros'
[0.394s] DEBUG:colcon.colcon_core.package_identification:Package 'src/maya_msgs' with type 'ros.ament_cmake' and name 'maya_msgs'
[0.394s] Level 1:colcon.colcon_core.package_identification:_identify(src/maya_pkg) by extensions ['ignore', 'ignore_ament_install']
[0.394s] Level 1:colcon.colcon_core.package_identification:_identify(src/maya_pkg) by extension 'ignore'
[0.394s] Level 1:colcon.colcon_core.package_identification:_identify(src/maya_pkg) by extension 'ignore_ament_install'
[0.394s] Level 1:colcon.colcon_core.package_identification:_identify(src/maya_pkg) by extensions ['colcon_pkg']
[0.394s] Level 1:colcon.colcon_core.package_identification:_identify(src/maya_pkg) by extension 'colcon_pkg'
[0.394s] Level 1:colcon.colcon_core.package_identification:_identify(src/maya_pkg) by extensions ['colcon_meta']
[0.394s] Level 1:colcon.colcon_core.package_identification:_identify(src/maya_pkg) by extension 'colcon_meta'
[0.394s] Level 1:colcon.colcon_core.package_identification:_identify(src/maya_pkg) by extensions ['ros']
[0.394s] Level 1:colcon.colcon_core.package_identification:_identify(src/maya_pkg) by extension 'ros'
[0.395s] DEBUG:colcon.colcon_core.package_identification:Package 'src/maya_pkg' with type 'ros.ament_python' and name 'maya_pkg'
[0.395s] Level 1:colcon.colcon_core.package_discovery:discover_packages(recursive) using defaults
[0.395s] Level 1:colcon.colcon_core.package_discovery:discover_packages(ignore) discover
[0.395s] Level 1:colcon.colcon_core.package_discovery:discover_packages(ignore) using defaults
[0.395s] Level 1:colcon.colcon_core.package_discovery:discover_packages(path) discover
[0.395s] Level 1:colcon.colcon_core.package_discovery:discover_packages(path) using defaults
[0.417s] Level 1:colcon.colcon_core.package_discovery:discover_packages(prefix_path) check parameters
[0.417s] Level 1:colcon.colcon_core.package_discovery:discover_packages(prefix_path) discover
[0.423s] DEBUG:colcon.colcon_installed_package_information.package_discovery:Found 1 installed packages in /home/patricia/Escritorio/Mecatronica-Proyecto/software/ros_ws/install
[0.424s] DEBUG:colcon.colcon_installed_package_information.package_discovery:Found 1 installed packages in /home/patricia/Escritorio/TFG/install
[0.427s] DEBUG:colcon.colcon_installed_package_information.package_discovery:Found 276 installed packages in /opt/ros/humble
[0.428s] Level 1:colcon.colcon_core.package_discovery:discover_packages(prefix_path) using defaults
[0.467s] Level 5:colcon.colcon_core.verb:set package 'maya_msgs' build argument 'cmake_args' from command line to 'None'
[0.467s] Level 5:colcon.colcon_core.verb:set package 'maya_msgs' build argument 'cmake_target' from command line to 'None'
[0.467s] Level 5:colcon.colcon_core.verb:set package 'maya_msgs' build argument 'cmake_target_skip_unavailable' from command line to 'False'
[0.467s] Level 5:colcon.colcon_core.verb:set package 'maya_msgs' build argument 'cmake_clean_cache' from command line to 'False'
[0.467s] Level 5:colcon.colcon_core.verb:set package 'maya_msgs' build argument 'cmake_clean_first' from command line to 'False'
[0.467s] Level 5:colcon.colcon_core.verb:set package 'maya_msgs' build argument 'cmake_force_configure' from command line to 'False'
[0.467s] Level 5:colcon.colcon_core.verb:set package 'maya_msgs' build argument 'ament_cmake_args' from command line to 'None'
[0.467s] Level 5:colcon.colcon_core.verb:set package 'maya_msgs' build argument 'catkin_cmake_args' from command line to 'None'
[0.467s] Level 5:colcon.colcon_core.verb:set package 'maya_msgs' build argument 'catkin_skip_building_tests' from command line to 'False'
[0.467s] DEBUG:colcon.colcon_core.verb:Building package 'maya_msgs' with the following arguments: {'ament_cmake_args': None, 'build_base': '/home/patricia/Escritorio/Mecatronica-Proyecto/software/ros_ws/build/maya_msgs', 'catkin_cmake_args': None, 'catkin_skip_building_tests': False, 'cmake_args': None, 'cmake_clean_cache': False, 'cmake_clean_first': False, 'cmake_force_configure': False, 'cmake_target': None, 'cmake_target_skip_unavailable': False, 'install_base': '/home/patricia/Escritorio/Mecatronica-Proyecto/software/ros_ws/install/maya_msgs', 'merge_install': False, 'path': '/home/patricia/Escritorio/Mecatronica-Proyecto/software/ros_ws/src/maya_msgs', 'symlink_install': False, 'test_result_base': None}
[0.471s] Level 5:colcon.colcon_core.verb:set package 'maya_pkg' build argument 'cmake_args' from command line to 'None'
[0.471s] Level 5:colcon.colcon_core.verb:set package 'maya_pkg' build argument 'cmake_target' from command line to 'None'
[0.471s] Level 5:colcon.colcon_core.verb:set package 'maya_pkg' build argument 'cmake_target_skip_unavailable' from command line to 'False'
[0.471s] Level 5:colcon.colcon_core.verb:set package 'maya_pkg' build argument 'cmake_clean_cache' from command line to 'False'
[0.471s] Level 5:colcon.colcon_core.verb:set package 'maya_pkg' build argument 'cmake_clean_first' from command line to 'False'
[0.471s] Level 5:colcon.colcon_core.verb:set package 'maya_pkg' build argument 'cmake_force_configure' from command line to 'False'
[0.471s] Level 5:colcon.colcon_core.verb:set package 'maya_pkg' build argument 'ament_cmake_args' from command line to 'None'
[0.471s] Level 5:colcon.colcon_core.verb:set package 'maya_pkg' build argument 'catkin_cmake_args' from command line to 'None'
[0.471s] Level 5:colcon.colcon_core.verb:set package 'maya_pkg' build argument 'catkin_skip_building_tests' from command line to 'False'
[0.471s] DEBUG:colcon.colcon_core.verb:Building package 'maya_pkg' with the following arguments: {'ament_cmake_args': None, 'build_base': '/home/patricia/Escritorio/Mecatronica-Proyecto/software/ros_ws/build/maya_pkg', 'catkin_cmake_args': None, 'catkin_skip_building_tests': False, 'cmake_args': None, 'cmake_clean_cache': False, 'cmake_clean_first': False, 'cmake_force_configure': False, 'cmake_target': None, 'cmake_target_skip_unavailable': False, 'install_base': '/home/patricia/Escritorio/Mecatronica-Proyecto/software/ros_ws/install/maya_pkg', 'merge_install': False, 'path': '/home/patricia/Escritorio/Mecatronica-Proyecto/software/ros_ws/src/maya_pkg', 'symlink_install': False, 'test_result_base': None}
[0.472s] INFO:colcon.colcon_core.executor:Executing jobs using 'parallel' executor
[0.479s] DEBUG:colcon.colcon_parallel_executor.executor.parallel:run_until_complete
[0.479s] INFO:colcon.colcon_ros.task.ament_cmake.build:Building ROS package in '/home/patricia/Escritorio/Mecatronica-Proyecto/software/ros_ws/src/maya_msgs' with build type 'ament_cmake'
[0.480s] INFO:colcon.colcon_cmake.task.cmake.build:Building CMake package in '/home/patricia/Escritorio/Mecatronica-Proyecto/software/ros_ws/src/maya_msgs'
[0.487s] INFO:colcon.colcon_core.plugin_system:Skipping extension 'colcon_core.shell.bat': Not used on non-Windows systems
[0.488s] INFO:colcon.colcon_core.shell:Skip shell extension 'powershell' for command environment: Not usable outside of PowerShell
[0.488s] DEBUG:colcon.colcon_core.shell:Skip shell extension 'dsv' for command environment
[0.497s] INFO:colcon.colcon_ros.task.ament_python.build:Building ROS package in '/home/patricia/Escritorio/Mecatronica-Proyecto/software/ros_ws/src/maya_pkg' with build type 'ament_python'
[0.497s] Level 1:colcon.colcon_core.shell:create_environment_hook('maya_pkg', 'ament_prefix_path')
[0.499s] INFO:colcon.colcon_core.shell:Creating environment hook '/home/patricia/Escritorio/Mecatronica-Proyecto/software/ros_ws/install/maya_pkg/share/maya_pkg/hook/ament_prefix_path.ps1'
[0.500s] INFO:colcon.colcon_core.shell:Creating environment descriptor '/home/patricia/Escritorio/Mecatronica-Proyecto/software/ros_ws/install/maya_pkg/share/maya_pkg/hook/ament_prefix_path.dsv'
[0.500s] INFO:colcon.colcon_core.shell:Creating environment hook '/home/patricia/Escritorio/Mecatronica-Proyecto/software/ros_ws/install/maya_pkg/share/maya_pkg/hook/ament_prefix_path.sh'
[0.503s] INFO:colcon.colcon_core.shell:Skip shell extension 'powershell' for command environment: Not usable outside of PowerShell
[0.503s] DEBUG:colcon.colcon_core.shell:Skip shell extension 'dsv' for command environment
[0.514s] DEBUG:colcon.colcon_core.event_handler.log_command:Invoking command in '/home/patricia/Escritorio/Mecatronica-Proyecto/software/ros_ws/build/maya_msgs': CMAKE_PREFIX_PATH=${CMAKE_PREFIX_PATH}:/home/patricia/Escritorio/Mecatronica-Proyecto/software/ros_ws/install/maya_pkg:/opt/ros/humble /usr/bin/cmake /home/patricia/Escritorio/Mecatronica-Proyecto/software/ros_ws/src/maya_msgs -DCMAKE_INSTALL_PREFIX=/home/patricia/Escritorio/Mecatronica-Proyecto/software/ros_ws/install/maya_msgs
[0.680s] INFO:colcon.colcon_core.task.python.build:Building Python package in '/home/patricia/Escritorio/Mecatronica-Proyecto/software/ros_ws/src/maya_pkg'
[0.683s] INFO:colcon.colcon_core.shell:Skip shell extension 'powershell' for command environment: Not usable outside of PowerShell
[0.683s] DEBUG:colcon.colcon_core.shell:Skip shell extension 'dsv' for command environment
[0.922s] DEBUG:colcon.colcon_core.event_handler.log_command:Invoking command in '/home/patricia/Escritorio/Mecatronica-Proyecto/software/ros_ws/src/maya_pkg': PYTHONPATH=/home/patricia/Escritorio/Mecatronica-Proyecto/software/ros_ws/install/maya_pkg/lib/python3.10/site-packages:${PYTHONPATH} /usr/bin/python3 setup.py egg_info --egg-base ../../build/maya_pkg build --build-base /home/patricia/Escritorio/Mecatronica-Proyecto/software/ros_ws/build/maya_pkg/build install --prefix /home/patricia/Escritorio/Mecatronica-Proyecto/software/ros_ws/install/maya_pkg --record /home/patricia/Escritorio/Mecatronica-Proyecto/software/ros_ws/build/maya_pkg/install.log --single-version-externally-managed
[1.122s] DEBUG:colcon.colcon_core.event_handler.log_command:Invoked command in '/home/patricia/Escritorio/Mecatronica-Proyecto/software/ros_ws/src/maya_pkg' returned '0': PYTHONPATH=/home/patricia/Escritorio/Mecatronica-Proyecto/software/ros_ws/install/maya_pkg/lib/python3.10/site-packages:${PYTHONPATH} /usr/bin/python3 setup.py egg_info --egg-base ../../build/maya_pkg build --build-base /home/patricia/Escritorio/Mecatronica-Proyecto/software/ros_ws/build/maya_pkg/build install --prefix /home/patricia/Escritorio/Mecatronica-Proyecto/software/ros_ws/install/maya_pkg --record /home/patricia/Escritorio/Mecatronica-Proyecto/software/ros_ws/build/maya_pkg/install.log --single-version-externally-managed
[1.126s] Level 1:colcon.colcon_core.environment:checking '/home/patricia/Escritorio/Mecatronica-Proyecto/software/ros_ws/install/maya_pkg' for CMake module files
[1.126s] Level 1:colcon.colcon_core.environment:checking '/home/patricia/Escritorio/Mecatronica-Proyecto/software/ros_ws/install/maya_pkg' for CMake config files
[1.127s] Level 1:colcon.colcon_core.environment:checking '/home/patricia/Escritorio/Mecatronica-Proyecto/software/ros_ws/install/maya_pkg/lib'
[1.127s] Level 1:colcon.colcon_core.environment:checking '/home/patricia/Escritorio/Mecatronica-Proyecto/software/ros_ws/install/maya_pkg/bin'
[1.127s] Level 1:colcon.colcon_core.environment:checking '/home/patricia/Escritorio/Mecatronica-Proyecto/software/ros_ws/install/maya_pkg/lib/pkgconfig/maya_pkg.pc'
[1.127s] Level 1:colcon.colcon_core.environment:checking '/home/patricia/Escritorio/Mecatronica-Proyecto/software/ros_ws/install/maya_pkg/lib/python3.10/site-packages'
[1.127s] Level 1:colcon.colcon_core.shell:create_environment_hook('maya_pkg', 'pythonpath')
[1.130s] INFO:colcon.colcon_core.shell:Creating environment hook '/home/patricia/Escritorio/Mecatronica-Proyecto/software/ros_ws/install/maya_pkg/share/maya_pkg/hook/pythonpath.ps1'
[1.131s] INFO:colcon.colcon_core.shell:Creating environment descriptor '/home/patricia/Escritorio/Mecatronica-Proyecto/software/ros_ws/install/maya_pkg/share/maya_pkg/hook/pythonpath.dsv'
[1.131s] INFO:colcon.colcon_core.shell:Creating environment hook '/home/patricia/Escritorio/Mecatronica-Proyecto/software/ros_ws/install/maya_pkg/share/maya_pkg/hook/pythonpath.sh'
[1.131s] Level 1:colcon.colcon_core.environment:checking '/home/patricia/Escritorio/Mecatronica-Proyecto/software/ros_ws/install/maya_pkg/bin'
[1.131s] Level 1:colcon.colcon_core.environment:create_environment_scripts_only(maya_pkg)
[1.134s] INFO:colcon.colcon_core.shell:Creating package script '/home/patricia/Escritorio/Mecatronica-Proyecto/software/ros_ws/install/maya_pkg/share/maya_pkg/package.ps1'
[1.135s] INFO:colcon.colcon_core.shell:Creating package descriptor '/home/patricia/Escritorio/Mecatronica-Proyecto/software/ros_ws/install/maya_pkg/share/maya_pkg/package.dsv'
[1.135s] INFO:colcon.colcon_core.shell:Creating package script '/home/patricia/Escritorio/Mecatronica-Proyecto/software/ros_ws/install/maya_pkg/share/maya_pkg/package.sh'
[1.136s] INFO:colcon.colcon_core.shell:Creating package script '/home/patricia/Escritorio/Mecatronica-Proyecto/software/ros_ws/install/maya_pkg/share/maya_pkg/package.bash'
[1.136s] INFO:colcon.colcon_core.shell:Creating package script '/home/patricia/Escritorio/Mecatronica-Proyecto/software/ros_ws/install/maya_pkg/share/maya_pkg/package.zsh'
[1.137s] Level 1:colcon.colcon_core.environment:create_file_with_runtime_dependencies(/home/patricia/Escritorio/Mecatronica-Proyecto/software/ros_ws/install/maya_pkg/share/colcon-core/packages/maya_pkg)
[1.624s] DEBUG:colcon.colcon_core.event_handler.log_command:Invoked command in '/home/patricia/Escritorio/Mecatronica-Proyecto/software/ros_ws/build/maya_msgs' returned '0': CMAKE_PREFIX_PATH=${CMAKE_PREFIX_PATH}:/home/patricia/Escritorio/Mecatronica-Proyecto/software/ros_ws/install/maya_pkg:/opt/ros/humble /usr/bin/cmake /home/patricia/Escritorio/Mecatronica-Proyecto/software/ros_ws/src/maya_msgs -DCMAKE_INSTALL_PREFIX=/home/patricia/Escritorio/Mecatronica-Proyecto/software/ros_ws/install/maya_msgs
[1.625s] DEBUG:colcon.colcon_core.event_handler.log_command:Invoking command in '/home/patricia/Escritorio/Mecatronica-Proyecto/software/ros_ws/build/maya_msgs': CMAKE_PREFIX_PATH=${CMAKE_PREFIX_PATH}:/home/patricia/Escritorio/Mecatronica-Proyecto/software/ros_ws/install/maya_pkg:/opt/ros/humble /usr/bin/cmake --build /home/patricia/Escritorio/Mecatronica-Proyecto/software/ros_ws/build/maya_msgs -- -j8 -l8
[3.295s] DEBUG:colcon.colcon_core.event_handler.log_command:Invoked command in '/home/patricia/Escritorio/Mecatronica-Proyecto/software/ros_ws/build/maya_msgs' returned '0': CMAKE_PREFIX_PATH=${CMAKE_PREFIX_PATH}:/home/patricia/Escritorio/Mecatronica-Proyecto/software/ros_ws/install/maya_pkg:/opt/ros/humble /usr/bin/cmake --build /home/patricia/Escritorio/Mecatronica-Proyecto/software/ros_ws/build/maya_msgs -- -j8 -l8
[3.335s] DEBUG:colcon.colcon_core.event_handler.log_command:Invoking command in '/home/patricia/Escritorio/Mecatronica-Proyecto/software/ros_ws/build/maya_msgs': CMAKE_PREFIX_PATH=${CMAKE_PREFIX_PATH}:/home/patricia/Escritorio/Mecatronica-Proyecto/software/ros_ws/install/maya_pkg:/opt/ros/humble /usr/bin/cmake --install /home/patricia/Escritorio/Mecatronica-Proyecto/software/ros_ws/build/maya_msgs
[3.373s] Level 1:colcon.colcon_core.environment:create_environment_scripts_only(maya_msgs)
[3.376s] Level 1:colcon.colcon_core.environment:checking '/home/patricia/Escritorio/Mecatronica-Proyecto/software/ros_ws/install/maya_msgs' for CMake module files
[3.376s] DEBUG:colcon.colcon_core.event_handler.log_command:Invoked command in '/home/patricia/Escritorio/Mecatronica-Proyecto/software/ros_ws/build/maya_msgs' returned '0': CMAKE_PREFIX_PATH=${CMAKE_PREFIX_PATH}:/home/patricia/Escritorio/Mecatronica-Proyecto/software/ros_ws/install/maya_pkg:/opt/ros/humble /usr/bin/cmake --install /home/patricia/Escritorio/Mecatronica-Proyecto/software/ros_ws/build/maya_msgs
[3.377s] Level 1:colcon.colcon_core.environment:checking '/home/patricia/Escritorio/Mecatronica-Proyecto/software/ros_ws/install/maya_msgs' for CMake config files
[3.377s] Level 1:colcon.colcon_core.shell:create_environment_hook('maya_msgs', 'cmake_prefix_path')
[3.380s] INFO:colcon.colcon_core.shell:Creating environment hook '/home/patricia/Escritorio/Mecatronica-Proyecto/software/ros_ws/install/maya_msgs/share/maya_msgs/hook/cmake_prefix_path.ps1'
[3.380s] INFO:colcon.colcon_core.shell:Creating environment descriptor '/home/patricia/Escritorio/Mecatronica-Proyecto/software/ros_ws/install/maya_msgs/share/maya_msgs/hook/cmake_prefix_path.dsv'
[3.380s] INFO:colcon.colcon_core.shell:Creating environment hook '/home/patricia/Escritorio/Mecatronica-Proyecto/software/ros_ws/install/maya_msgs/share/maya_msgs/hook/cmake_prefix_path.sh'
[3.380s] Level 1:colcon.colcon_core.environment:checking '/home/patricia/Escritorio/Mecatronica-Proyecto/software/ros_ws/install/maya_msgs/lib'
[3.380s] Level 1:colcon.colcon_core.shell:create_environment_hook('maya_msgs', 'ld_library_path_lib')
[3.383s] INFO:colcon.colcon_core.shell:Creating environment hook '/home/patricia/Escritorio/Mecatronica-Proyecto/software/ros_ws/install/maya_msgs/share/maya_msgs/hook/ld_library_path_lib.ps1'
[3.383s] INFO:colcon.colcon_core.shell:Creating environment descriptor '/home/patricia/Escritorio/Mecatronica-Proyecto/software/ros_ws/install/maya_msgs/share/maya_msgs/hook/ld_library_path_lib.dsv'
[3.383s] INFO:colcon.colcon_core.shell:Creating environment hook '/home/patricia/Escritorio/Mecatronica-Proyecto/software/ros_ws/install/maya_msgs/share/maya_msgs/hook/ld_library_path_lib.sh'
[3.384s] Level 1:colcon.colcon_core.environment:checking '/home/patricia/Escritorio/Mecatronica-Proyecto/software/ros_ws/install/maya_msgs/bin'
[3.384s] Level 1:colcon.colcon_core.environment:checking '/home/patricia/Escritorio/Mecatronica-Proyecto/software/ros_ws/install/maya_msgs/lib/pkgconfig/maya_msgs.pc'
[3.384s] Level 1:colcon.colcon_core.environment:checking '/home/patricia/Escritorio/Mecatronica-Proyecto/software/ros_ws/install/maya_msgs/lib/python3.10/site-packages'
[3.384s] Level 1:colcon.colcon_core.environment:checking '/home/patricia/Escritorio/Mecatronica-Proyecto/software/ros_ws/install/maya_msgs/bin'
[3.387s] INFO:colcon.colcon_core.shell:Creating package script '/home/patricia/Escritorio/Mecatronica-Proyecto/software/ros_ws/install/maya_msgs/share/maya_msgs/package.ps1'
[3.387s] INFO:colcon.colcon_core.shell:Creating package descriptor '/home/patricia/Escritorio/Mecatronica-Proyecto/software/ros_ws/install/maya_msgs/share/maya_msgs/package.dsv'
[3.387s] INFO:colcon.colcon_core.shell:Creating package script '/home/patricia/Escritorio/Mecatronica-Proyecto/software/ros_ws/install/maya_msgs/share/maya_msgs/package.sh'
[3.387s] INFO:colcon.colcon_core.shell:Creating package script '/home/patricia/Escritorio/Mecatronica-Proyecto/software/ros_ws/install/maya_msgs/share/maya_msgs/package.bash'
[3.388s] INFO:colcon.colcon_core.shell:Creating package script '/home/patricia/Escritorio/Mecatronica-Proyecto/software/ros_ws/install/maya_msgs/share/maya_msgs/package.zsh'
[3.388s] Level 1:colcon.colcon_core.environment:create_file_with_runtime_dependencies(/home/patricia/Escritorio/Mecatronica-Proyecto/software/ros_ws/install/maya_msgs/share/colcon-core/packages/maya_msgs)
[3.426s] Level 1:colcon.colcon_core.environment:create_environment_scripts_only(maya_msgs)
[3.429s] Level 1:colcon.colcon_core.environment:checking '/home/patricia/Escritorio/Mecatronica-Proyecto/software/ros_ws/install/maya_msgs' for CMake module files
[3.429s] Level 1:colcon.colcon_core.environment:checking '/home/patricia/Escritorio/Mecatronica-Proyecto/software/ros_ws/install/maya_msgs' for CMake config files
[3.429s] Level 1:colcon.colcon_core.shell:create_environment_hook('maya_msgs', 'cmake_prefix_path')
[3.432s] INFO:colcon.colcon_core.shell:Creating environment hook '/home/patricia/Escritorio/Mecatronica-Proyecto/software/ros_ws/install/maya_msgs/share/maya_msgs/hook/cmake_prefix_path.ps1'
[3.432s] INFO:colcon.colcon_core.shell:Creating environment descriptor '/home/patricia/Escritorio/Mecatronica-Proyecto/software/ros_ws/install/maya_msgs/share/maya_msgs/hook/cmake_prefix_path.dsv'
[3.432s] INFO:colcon.colcon_core.shell:Creating environment hook '/home/patricia/Escritorio/Mecatronica-Proyecto/software/ros_ws/install/maya_msgs/share/maya_msgs/hook/cmake_prefix_path.sh'
[3.433s] Level 1:colcon.colcon_core.environment:checking '/home/patricia/Escritorio/Mecatronica-Proyecto/software/ros_ws/install/maya_msgs/lib'
[3.433s] Level 1:colcon.colcon_core.shell:create_environment_hook('maya_msgs', 'ld_library_path_lib')
[3.435s] INFO:colcon.colcon_core.shell:Creating environment hook '/home/patricia/Escritorio/Mecatronica-Proyecto/software/ros_ws/install/maya_msgs/share/maya_msgs/hook/ld_library_path_lib.ps1'
[3.435s] INFO:colcon.colcon_core.shell:Creating environment descriptor '/home/patricia/Escritorio/Mecatronica-Proyecto/software/ros_ws/install/maya_msgs/share/maya_msgs/hook/ld_library_path_lib.dsv'
[3.436s] INFO:colcon.colcon_core.shell:Creating environment hook '/home/patricia/Escritorio/Mecatronica-Proyecto/software/ros_ws/install/maya_msgs/share/maya_msgs/hook/ld_library_path_lib.sh'
[3.436s] Level 1:colcon.colcon_core.environment:checking '/home/patricia/Escritorio/Mecatronica-Proyecto/software/ros_ws/install/maya_msgs/bin'
[3.436s] Level 1:colcon.colcon_core.environment:checking '/home/patricia/Escritorio/Mecatronica-Proyecto/software/ros_ws/install/maya_msgs/lib/pkgconfig/maya_msgs.pc'
[3.436s] Level 1:colcon.colcon_core.environment:checking '/home/patricia/Escritorio/Mecatronica-Proyecto/software/ros_ws/install/maya_msgs/lib/python3.10/site-packages'
[3.436s] Level 1:colcon.colcon_core.environment:checking '/home/patricia/Escritorio/Mecatronica-Proyecto/software/ros_ws/install/maya_msgs/bin'
[3.439s] INFO:colcon.colcon_core.shell:Creating package script '/home/patricia/Escritorio/Mecatronica-Proyecto/software/ros_ws/install/maya_msgs/share/maya_msgs/package.ps1'
[3.439s] INFO:colcon.colcon_core.shell:Creating package descriptor '/home/patricia/Escritorio/Mecatronica-Proyecto/software/ros_ws/install/maya_msgs/share/maya_msgs/package.dsv'
[3.439s] INFO:colcon.colcon_core.shell:Creating package script '/home/patricia/Escritorio/Mecatronica-Proyecto/software/ros_ws/install/maya_msgs/share/maya_msgs/package.sh'
[3.439s] INFO:colcon.colcon_core.shell:Creating package script '/home/patricia/Escritorio/Mecatronica-Proyecto/software/ros_ws/install/maya_msgs/share/maya_msgs/package.bash'
[3.440s] INFO:colcon.colcon_core.shell:Creating package script '/home/patricia/Escritorio/Mecatronica-Proyecto/software/ros_ws/install/maya_msgs/share/maya_msgs/package.zsh'
[3.440s] Level 1:colcon.colcon_core.environment:create_file_with_runtime_dependencies(/home/patricia/Escritorio/Mecatronica-Proyecto/software/ros_ws/install/maya_msgs/share/colcon-core/packages/maya_msgs)
[3.440s] DEBUG:colcon.colcon_parallel_executor.executor.parallel:closing loop
[3.440s] DEBUG:colcon.colcon_parallel_executor.executor.parallel:loop closed
[3.440s] DEBUG:colcon.colcon_parallel_executor.executor.parallel:run_until_complete finished with '0'
[3.440s] DEBUG:colcon.colcon_core.event_reactor:joining thread
[3.446s] INFO:colcon.colcon_core.plugin_system:Skipping extension 'colcon_notification.desktop_notification.terminal_notifier': Not used on non-Darwin systems
[3.446s] INFO:colcon.colcon_core.plugin_system:Skipping extension 'colcon_notification.desktop_notification.win32': Not used on non-Windows systems
[3.446s] INFO:colcon.colcon_notification.desktop_notification:Sending desktop notification using 'notify2'
[3.457s] DEBUG:colcon.colcon_core.event_reactor:joined thread
[3.460s] INFO:colcon.colcon_core.shell:Creating prefix script '/home/patricia/Escritorio/Mecatronica-Proyecto/software/ros_ws/install/local_setup.ps1'
[3.460s] INFO:colcon.colcon_core.shell:Creating prefix util module '/home/patricia/Escritorio/Mecatronica-Proyecto/software/ros_ws/install/_local_setup_util_ps1.py'
[3.461s] INFO:colcon.colcon_core.shell:Creating prefix chain script '/home/patricia/Escritorio/Mecatronica-Proyecto/software/ros_ws/install/setup.ps1'
[3.464s] INFO:colcon.colcon_core.shell:Creating prefix script '/home/patricia/Escritorio/Mecatronica-Proyecto/software/ros_ws/install/local_setup.sh'
[3.465s] INFO:colcon.colcon_core.shell:Creating prefix util module '/home/patricia/Escritorio/Mecatronica-Proyecto/software/ros_ws/install/_local_setup_util_sh.py'
[3.465s] INFO:colcon.colcon_core.shell:Creating prefix chain script '/home/patricia/Escritorio/Mecatronica-Proyecto/software/ros_ws/install/setup.sh'
[3.468s] INFO:colcon.colcon_core.shell:Creating prefix script '/home/patricia/Escritorio/Mecatronica-Proyecto/software/ros_ws/install/local_setup.bash'
[3.468s] INFO:colcon.colcon_core.shell:Creating prefix chain script '/home/patricia/Escritorio/Mecatronica-Proyecto/software/ros_ws/install/setup.bash'
[3.471s] INFO:colcon.colcon_core.shell:Creating prefix script '/home/patricia/Escritorio/Mecatronica-Proyecto/software/ros_ws/install/local_setup.zsh'
[3.471s] INFO:colcon.colcon_core.shell:Creating prefix chain script '/home/patricia/Escritorio/Mecatronica-Proyecto/software/ros_ws/install/setup.zsh'
