[0.034s] Invoking command in '/home/patricia/Escritorio/Mecatronica-Proyecto/software/ros_ws/build/maya_msgs': CMAKE_PREFIX_PATH=${CMAKE_PREFIX_PATH}:/home/patricia/Escritorio/Mecatronica-Proyecto/software/ros_ws/install/maya_pkg:/opt/ros/humble /usr/bin/cmake /home/patricia/Escritorio/Mecatronica-Proyecto/software/ros_ws/src/maya_msgs -DCMAKE_INSTALL_PREFIX=/home/patricia/Escritorio/Mecatronica-Proyecto/software/ros_ws/install/maya_msgs
[0.120s] -- The C compiler identification is GNU 11.3.0
[0.184s] -- The CXX compiler identification is GNU 11.3.0
[0.193s] -- Detecting C compiler ABI info
[0.235s] -- Detecting C compiler ABI info - done
[0.240s] -- Check for working C compiler: /usr/bin/cc - skipped
[0.240s] -- Detecting C compile features
[0.241s] -- Detecting C compile features - done
[0.243s] -- Detecting CXX compiler ABI info
[0.292s] -- Detecting CXX compiler ABI info - done
[0.297s] -- Check for working CXX compiler: /usr/bin/c++ - skipped
[0.297s] -- Detecting CXX compile features
[0.297s] -- Detecting CXX compile features - done
[0.301s] -- Found ament_cmake: 1.3.3 (/opt/ros/humble/share/ament_cmake/cmake)
[0.416s] -- Found Python3: /usr/bin/python3.10 (found version "3.10.6") found components: Interpreter 
[0.480s] -- Found rosidl_default_generators: 1.2.0 (/opt/ros/humble/share/rosidl_default_generators/cmake)
[0.483s] -- Using all available rosidl_typesupport_c: rosidl_typesupport_fastrtps_c;rosidl_typesupport_introspection_c
[0.489s] -- Found rosidl_adapter: 3.1.4 (/opt/ros/humble/share/rosidl_adapter/cmake)
[0.532s] -- Using all available rosidl_typesupport_cpp: rosidl_typesupport_fastrtps_cpp;rosidl_typesupport_introspection_cpp
[0.722s] -- Found ament_cmake_ros: 0.10.0 (/opt/ros/humble/share/ament_cmake_ros/cmake)
[0.841s] -- Using all available rosidl_typesupport_c: rosidl_typesupport_fastrtps_c;rosidl_typesupport_introspection_c
[1.009s] -- Using all available rosidl_typesupport_cpp: rosidl_typesupport_fastrtps_cpp;rosidl_typesupport_introspection_cpp
[1.023s] -- Found PythonInterp: /usr/bin/python3 (found suitable version "3.10.6", minimum required is "3.6") 
[1.024s] -- Found python_cmake_module: 0.10.0 (/opt/ros/humble/share/python_cmake_module/cmake)
[1.042s] -- Found PythonLibs: /usr/lib/x86_64-linux-gnu/libpython3.10.so (found suitable version "3.10.6", minimum required is "3.5") 
[1.042s] -- Using PYTHON_EXECUTABLE: /usr/bin/python3
[1.042s] -- Using PYTHON_INCLUDE_DIRS: /usr/include/python3.10
[1.042s] -- Using PYTHON_LIBRARIES: /usr/lib/x86_64-linux-gnu/libpython3.10.so
[1.056s] -- Found PythonExtra: .so  
[1.078s] -- Found ament_lint_auto: 0.12.4 (/opt/ros/humble/share/ament_lint_auto/cmake)
[1.119s] -- Added test 'lint_cmake' to check CMake code style
[1.120s] -- Added test 'xmllint' to check XML markup files
[1.122s] -- Configuring done
[1.139s] -- Generating done
[1.140s] -- Build files have been written to: /home/patricia/Escritorio/Mecatronica-Proyecto/software/ros_ws/build/maya_msgs
[1.144s] Invoked command in '/home/patricia/Escritorio/Mecatronica-Proyecto/software/ros_ws/build/maya_msgs' returned '0': CMAKE_PREFIX_PATH=${CMAKE_PREFIX_PATH}:/home/patricia/Escritorio/Mecatronica-Proyecto/software/ros_ws/install/maya_pkg:/opt/ros/humble /usr/bin/cmake /home/patricia/Escritorio/Mecatronica-Proyecto/software/ros_ws/src/maya_msgs -DCMAKE_INSTALL_PREFIX=/home/patricia/Escritorio/Mecatronica-Proyecto/software/ros_ws/install/maya_msgs
[1.145s] Invoking command in '/home/patricia/Escritorio/Mecatronica-Proyecto/software/ros_ws/build/maya_msgs': CMAKE_PREFIX_PATH=${CMAKE_PREFIX_PATH}:/home/patricia/Escritorio/Mecatronica-Proyecto/software/ros_ws/install/maya_pkg:/opt/ros/humble /usr/bin/cmake --build /home/patricia/Escritorio/Mecatronica-Proyecto/software/ros_ws/build/maya_msgs -- -j8 -l8
[1.167s] [  2%] [34m[1mGenerating C code for ROS interfaces[0m
[1.172s] [  5%] [34m[1mGenerating C++ code for ROS interfaces[0m
[1.176s] [  5%] Built target ament_cmake_python_copy_maya_msgs
[1.344s] running egg_info
[1.344s] creating maya_msgs.egg-info
[1.344s] writing maya_msgs.egg-info/PKG-INFO
[1.344s] writing dependency_links to maya_msgs.egg-info/dependency_links.txt
[1.345s] writing top-level names to maya_msgs.egg-info/top_level.txt
[1.345s] writing manifest file 'maya_msgs.egg-info/SOURCES.txt'
[1.346s] reading manifest file 'maya_msgs.egg-info/SOURCES.txt'
[1.346s] writing manifest file 'maya_msgs.egg-info/SOURCES.txt'
[1.362s] [  5%] Built target ament_cmake_python_build_maya_msgs_egg
[1.385s] [  5%] Built target maya_msgs__cpp
[1.391s] [ 12%] [34m[1mGenerating C++ type support for eProsima Fast-RTPS[0m
[1.391s] [ 12%] [34m[1mGenerating C++ type support dispatch for ROS interfaces[0m
[1.391s] [ 12%] [34m[1mGenerating C++ introspection for ROS interfaces[0m
[1.419s] [ 17%] [32mBuilding C object CMakeFiles/maya_msgs__rosidl_generator_c.dir/rosidl_generator_c/maya_msgs/msg/detail/sound__functions.c.o[0m
[1.419s] [ 17%] [32mBuilding C object CMakeFiles/maya_msgs__rosidl_generator_c.dir/rosidl_generator_c/maya_msgs/msg/detail/control__functions.c.o[0m
[1.467s] [ 20%] [32m[1mLinking C shared library libmaya_msgs__rosidl_generator_c.so[0m
[1.488s] [ 20%] Built target maya_msgs__rosidl_generator_c
[1.494s] [ 25%] [34m[1mGenerating C type support for eProsima Fast-RTPS[0m
[1.494s] [ 25%] [34m[1mGenerating C type support dispatch for ROS interfaces[0m
[1.495s] [ 28%] [34m[1mGenerating C introspection for ROS interfaces[0m
[1.636s] [ 30%] [32mBuilding CXX object CMakeFiles/maya_msgs__rosidl_typesupport_introspection_cpp.dir/rosidl_typesupport_introspection_cpp/maya_msgs/msg/detail/control__type_support.cpp.o[0m
[1.636s] [ 33%] [32mBuilding CXX object CMakeFiles/maya_msgs__rosidl_typesupport_introspection_cpp.dir/rosidl_typesupport_introspection_cpp/maya_msgs/msg/detail/sound__type_support.cpp.o[0m
[1.699s] [ 35%] [32mBuilding CXX object CMakeFiles/maya_msgs__rosidl_typesupport_cpp.dir/rosidl_typesupport_cpp/maya_msgs/msg/sound__type_support.cpp.o[0m
[1.699s] [ 38%] [32mBuilding CXX object CMakeFiles/maya_msgs__rosidl_typesupport_cpp.dir/rosidl_typesupport_cpp/maya_msgs/msg/control__type_support.cpp.o[0m
[1.764s] [ 41%] [32mBuilding CXX object CMakeFiles/maya_msgs__rosidl_typesupport_fastrtps_cpp.dir/rosidl_typesupport_fastrtps_cpp/maya_msgs/msg/detail/dds_fastrtps/control__type_support.cpp.o[0m
[1.767s] [ 43%] [32mBuilding CXX object CMakeFiles/maya_msgs__rosidl_typesupport_c.dir/rosidl_typesupport_c/maya_msgs/msg/control__type_support.cpp.o[0m
[1.795s] [ 46%] [32mBuilding CXX object CMakeFiles/maya_msgs__rosidl_typesupport_c.dir/rosidl_typesupport_c/maya_msgs/msg/sound__type_support.cpp.o[0m
[1.821s] [ 48%] [32m[1mLinking CXX shared library libmaya_msgs__rosidl_typesupport_c.so[0m
[1.895s] [ 48%] Built target maya_msgs__rosidl_typesupport_c
[1.904s] [ 51%] [32mBuilding CXX object CMakeFiles/maya_msgs__rosidl_typesupport_fastrtps_cpp.dir/rosidl_typesupport_fastrtps_cpp/maya_msgs/msg/detail/dds_fastrtps/sound__type_support.cpp.o[0m
[1.907s] [ 53%] [32mBuilding CXX object CMakeFiles/maya_msgs__rosidl_typesupport_fastrtps_c.dir/rosidl_typesupport_fastrtps_c/maya_msgs/msg/detail/control__type_support_c.cpp.o[0m
[1.913s] [ 56%] [32mBuilding C object CMakeFiles/maya_msgs__rosidl_typesupport_introspection_c.dir/rosidl_typesupport_introspection_c/maya_msgs/msg/detail/control__type_support.c.o[0m
[1.945s] [ 58%] [32mBuilding C object CMakeFiles/maya_msgs__rosidl_typesupport_introspection_c.dir/rosidl_typesupport_introspection_c/maya_msgs/msg/detail/sound__type_support.c.o[0m
[1.975s] [ 64%] [32m[1mLinking C shared library libmaya_msgs__rosidl_typesupport_introspection_c.so[0m
[1.975s] [ 64%] [32mBuilding CXX object CMakeFiles/maya_msgs__rosidl_typesupport_fastrtps_c.dir/rosidl_typesupport_fastrtps_c/maya_msgs/msg/detail/sound__type_support_c.cpp.o[0m
[1.977s] [ 66%] [32m[1mLinking CXX shared library libmaya_msgs__rosidl_typesupport_cpp.so[0m
[2.016s] [ 66%] Built target maya_msgs__rosidl_typesupport_cpp
[2.037s] [ 66%] Built target maya_msgs__rosidl_typesupport_introspection_c
[2.107s] [ 69%] [32m[1mLinking CXX shared library libmaya_msgs__rosidl_typesupport_introspection_cpp.so[0m
[2.134s] [ 69%] Built target maya_msgs__rosidl_typesupport_introspection_cpp
[2.223s] [ 71%] [32m[1mLinking CXX shared library libmaya_msgs__rosidl_typesupport_fastrtps_cpp.so[0m
[2.264s] [ 74%] [32m[1mLinking CXX shared library libmaya_msgs__rosidl_typesupport_fastrtps_c.so[0m
[2.272s] [ 74%] Built target maya_msgs__rosidl_typesupport_fastrtps_cpp
[2.309s] [ 74%] Built target maya_msgs__rosidl_typesupport_fastrtps_c
[2.319s] [ 74%] Built target maya_msgs
[2.329s] [ 76%] [34m[1mGenerating Python code for ROS interfaces[0m
[2.610s] [ 76%] Built target maya_msgs__py
[2.620s] [ 82%] [32mBuilding C object CMakeFiles/maya_msgs__rosidl_generator_py.dir/rosidl_generator_py/maya_msgs/msg/_control_s.c.o[0m
[2.620s] [ 82%] [32mBuilding C object CMakeFiles/maya_msgs__rosidl_generator_py.dir/rosidl_generator_py/maya_msgs/msg/_sound_s.c.o[0m
[2.698s] [ 84%] [32m[1mLinking C shared library rosidl_generator_py/maya_msgs/libmaya_msgs__rosidl_generator_py.so[0m
[2.720s] [ 84%] Built target maya_msgs__rosidl_generator_py
[2.732s] [ 92%] [32mBuilding C object CMakeFiles/maya_msgs__rosidl_typesupport_fastrtps_c__pyext.dir/rosidl_generator_py/maya_msgs/_maya_msgs_s.ep.rosidl_typesupport_fastrtps_c.c.o[0m
[2.732s] [ 92%] [32mBuilding C object CMakeFiles/maya_msgs__rosidl_typesupport_introspection_c__pyext.dir/rosidl_generator_py/maya_msgs/_maya_msgs_s.ep.rosidl_typesupport_introspection_c.c.o[0m
[2.732s] [ 92%] [32mBuilding C object CMakeFiles/maya_msgs__rosidl_typesupport_c__pyext.dir/rosidl_generator_py/maya_msgs/_maya_msgs_s.ep.rosidl_typesupport_c.c.o[0m
[2.787s] [ 97%] [32m[1mLinking C shared library rosidl_generator_py/maya_msgs/maya_msgs_s__rosidl_typesupport_introspection_c.cpython-310-x86_64-linux-gnu.so[0m
[2.787s] [ 97%] [32m[1mLinking C shared library rosidl_generator_py/maya_msgs/maya_msgs_s__rosidl_typesupport_c.cpython-310-x86_64-linux-gnu.so[0m
[2.789s] [100%] [32m[1mLinking C shared library rosidl_generator_py/maya_msgs/maya_msgs_s__rosidl_typesupport_fastrtps_c.cpython-310-x86_64-linux-gnu.so[0m
[2.807s] [100%] Built target maya_msgs__rosidl_typesupport_introspection_c__pyext
[2.808s] [100%] Built target maya_msgs__rosidl_typesupport_fastrtps_c__pyext
[2.809s] [100%] Built target maya_msgs__rosidl_typesupport_c__pyext
[2.815s] Invoked command in '/home/patricia/Escritorio/Mecatronica-Proyecto/software/ros_ws/build/maya_msgs' returned '0': CMAKE_PREFIX_PATH=${CMAKE_PREFIX_PATH}:/home/patricia/Escritorio/Mecatronica-Proyecto/software/ros_ws/install/maya_pkg:/opt/ros/humble /usr/bin/cmake --build /home/patricia/Escritorio/Mecatronica-Proyecto/software/ros_ws/build/maya_msgs -- -j8 -l8
[2.855s] Invoking command in '/home/patricia/Escritorio/Mecatronica-Proyecto/software/ros_ws/build/maya_msgs': CMAKE_PREFIX_PATH=${CMAKE_PREFIX_PATH}:/home/patricia/Escritorio/Mecatronica-Proyecto/software/ros_ws/install/maya_pkg:/opt/ros/humble /usr/bin/cmake --install /home/patricia/Escritorio/Mecatronica-Proyecto/software/ros_ws/build/maya_msgs
[2.859s] -- Install configuration: ""
[2.859s] -- Installing: /home/patricia/Escritorio/Mecatronica-Proyecto/software/ros_ws/install/maya_msgs/share/ament_index/resource_index/rosidl_interfaces/maya_msgs
[2.859s] -- Installing: /home/patricia/Escritorio/Mecatronica-Proyecto/software/ros_ws/install/maya_msgs/include/maya_msgs/maya_msgs
[2.859s] -- Installing: /home/patricia/Escritorio/Mecatronica-Proyecto/software/ros_ws/install/maya_msgs/include/maya_msgs/maya_msgs/msg
[2.860s] -- Installing: /home/patricia/Escritorio/Mecatronica-Proyecto/software/ros_ws/install/maya_msgs/include/maya_msgs/maya_msgs/msg/detail
[2.860s] -- Installing: /home/patricia/Escritorio/Mecatronica-Proyecto/software/ros_ws/install/maya_msgs/include/maya_msgs/maya_msgs/msg/detail/sound__functions.h
[2.860s] -- Installing: /home/patricia/Escritorio/Mecatronica-Proyecto/software/ros_ws/install/maya_msgs/include/maya_msgs/maya_msgs/msg/detail/control__functions.c
[2.860s] -- Installing: /home/patricia/Escritorio/Mecatronica-Proyecto/software/ros_ws/install/maya_msgs/include/maya_msgs/maya_msgs/msg/detail/control__type_support.h
[2.860s] -- Installing: /home/patricia/Escritorio/Mecatronica-Proyecto/software/ros_ws/install/maya_msgs/include/maya_msgs/maya_msgs/msg/detail/control__functions.h
[2.860s] -- Installing: /home/patricia/Escritorio/Mecatronica-Proyecto/software/ros_ws/install/maya_msgs/include/maya_msgs/maya_msgs/msg/detail/sound__type_support.h
[2.860s] -- Installing: /home/patricia/Escritorio/Mecatronica-Proyecto/software/ros_ws/install/maya_msgs/include/maya_msgs/maya_msgs/msg/detail/sound__functions.c
[2.860s] -- Installing: /home/patricia/Escritorio/Mecatronica-Proyecto/software/ros_ws/install/maya_msgs/include/maya_msgs/maya_msgs/msg/detail/control__struct.h
[2.860s] -- Installing: /home/patricia/Escritorio/Mecatronica-Proyecto/software/ros_ws/install/maya_msgs/include/maya_msgs/maya_msgs/msg/detail/sound__struct.h
[2.860s] -- Installing: /home/patricia/Escritorio/Mecatronica-Proyecto/software/ros_ws/install/maya_msgs/include/maya_msgs/maya_msgs/msg/rosidl_generator_c__visibility_control.h
[2.860s] -- Installing: /home/patricia/Escritorio/Mecatronica-Proyecto/software/ros_ws/install/maya_msgs/include/maya_msgs/maya_msgs/msg/control.h
[2.860s] -- Installing: /home/patricia/Escritorio/Mecatronica-Proyecto/software/ros_ws/install/maya_msgs/include/maya_msgs/maya_msgs/msg/sound.h
[2.860s] -- Installing: /home/patricia/Escritorio/Mecatronica-Proyecto/software/ros_ws/install/maya_msgs/share/maya_msgs/environment/library_path.sh
[2.860s] -- Installing: /home/patricia/Escritorio/Mecatronica-Proyecto/software/ros_ws/install/maya_msgs/share/maya_msgs/environment/library_path.dsv
[2.860s] -- Installing: /home/patricia/Escritorio/Mecatronica-Proyecto/software/ros_ws/install/maya_msgs/lib/libmaya_msgs__rosidl_generator_c.so
[2.860s] -- Set runtime path of "/home/patricia/Escritorio/Mecatronica-Proyecto/software/ros_ws/install/maya_msgs/lib/libmaya_msgs__rosidl_generator_c.so" to ""
[2.860s] -- Up-to-date: /home/patricia/Escritorio/Mecatronica-Proyecto/software/ros_ws/install/maya_msgs/include/maya_msgs/maya_msgs
[2.860s] -- Up-to-date: /home/patricia/Escritorio/Mecatronica-Proyecto/software/ros_ws/install/maya_msgs/include/maya_msgs/maya_msgs/msg
[2.861s] -- Installing: /home/patricia/Escritorio/Mecatronica-Proyecto/software/ros_ws/install/maya_msgs/include/maya_msgs/maya_msgs/msg/rosidl_typesupport_fastrtps_c__visibility_control.h
[2.861s] -- Up-to-date: /home/patricia/Escritorio/Mecatronica-Proyecto/software/ros_ws/install/maya_msgs/include/maya_msgs/maya_msgs/msg/detail
[2.861s] -- Installing: /home/patricia/Escritorio/Mecatronica-Proyecto/software/ros_ws/install/maya_msgs/include/maya_msgs/maya_msgs/msg/detail/sound__rosidl_typesupport_fastrtps_c.h
[2.861s] -- Installing: /home/patricia/Escritorio/Mecatronica-Proyecto/software/ros_ws/install/maya_msgs/include/maya_msgs/maya_msgs/msg/detail/control__rosidl_typesupport_fastrtps_c.h
[2.861s] -- Installing: /home/patricia/Escritorio/Mecatronica-Proyecto/software/ros_ws/install/maya_msgs/lib/libmaya_msgs__rosidl_typesupport_fastrtps_c.so
[2.861s] -- Set runtime path of "/home/patricia/Escritorio/Mecatronica-Proyecto/software/ros_ws/install/maya_msgs/lib/libmaya_msgs__rosidl_typesupport_fastrtps_c.so" to ""
[2.861s] -- Up-to-date: /home/patricia/Escritorio/Mecatronica-Proyecto/software/ros_ws/install/maya_msgs/include/maya_msgs/maya_msgs
[2.861s] -- Up-to-date: /home/patricia/Escritorio/Mecatronica-Proyecto/software/ros_ws/install/maya_msgs/include/maya_msgs/maya_msgs/msg
[2.861s] -- Up-to-date: /home/patricia/Escritorio/Mecatronica-Proyecto/software/ros_ws/install/maya_msgs/include/maya_msgs/maya_msgs/msg/detail
[2.861s] -- Installing: /home/patricia/Escritorio/Mecatronica-Proyecto/software/ros_ws/install/maya_msgs/include/maya_msgs/maya_msgs/msg/detail/sound__rosidl_typesupport_introspection_c.h
[2.861s] -- Installing: /home/patricia/Escritorio/Mecatronica-Proyecto/software/ros_ws/install/maya_msgs/include/maya_msgs/maya_msgs/msg/detail/sound__type_support.c
[2.861s] -- Installing: /home/patricia/Escritorio/Mecatronica-Proyecto/software/ros_ws/install/maya_msgs/include/maya_msgs/maya_msgs/msg/detail/control__rosidl_typesupport_introspection_c.h
[2.861s] -- Installing: /home/patricia/Escritorio/Mecatronica-Proyecto/software/ros_ws/install/maya_msgs/include/maya_msgs/maya_msgs/msg/detail/control__type_support.c
[2.861s] -- Installing: /home/patricia/Escritorio/Mecatronica-Proyecto/software/ros_ws/install/maya_msgs/include/maya_msgs/maya_msgs/msg/rosidl_typesupport_introspection_c__visibility_control.h
[2.861s] -- Installing: /home/patricia/Escritorio/Mecatronica-Proyecto/software/ros_ws/install/maya_msgs/lib/libmaya_msgs__rosidl_typesupport_introspection_c.so
[2.861s] -- Set runtime path of "/home/patricia/Escritorio/Mecatronica-Proyecto/software/ros_ws/install/maya_msgs/lib/libmaya_msgs__rosidl_typesupport_introspection_c.so" to ""
[2.861s] -- Installing: /home/patricia/Escritorio/Mecatronica-Proyecto/software/ros_ws/install/maya_msgs/lib/libmaya_msgs__rosidl_typesupport_c.so
[2.861s] -- Set runtime path of "/home/patricia/Escritorio/Mecatronica-Proyecto/software/ros_ws/install/maya_msgs/lib/libmaya_msgs__rosidl_typesupport_c.so" to ""
[2.861s] -- Up-to-date: /home/patricia/Escritorio/Mecatronica-Proyecto/software/ros_ws/install/maya_msgs/include/maya_msgs/maya_msgs
[2.861s] -- Up-to-date: /home/patricia/Escritorio/Mecatronica-Proyecto/software/ros_ws/install/maya_msgs/include/maya_msgs/maya_msgs/msg
[2.862s] -- Installing: /home/patricia/Escritorio/Mecatronica-Proyecto/software/ros_ws/install/maya_msgs/include/maya_msgs/maya_msgs/msg/control.hpp
[2.862s] -- Up-to-date: /home/patricia/Escritorio/Mecatronica-Proyecto/software/ros_ws/install/maya_msgs/include/maya_msgs/maya_msgs/msg/detail
[2.862s] -- Installing: /home/patricia/Escritorio/Mecatronica-Proyecto/software/ros_ws/install/maya_msgs/include/maya_msgs/maya_msgs/msg/detail/sound__builder.hpp
[2.862s] -- Installing: /home/patricia/Escritorio/Mecatronica-Proyecto/software/ros_ws/install/maya_msgs/include/maya_msgs/maya_msgs/msg/detail/control__struct.hpp
[2.862s] -- Installing: /home/patricia/Escritorio/Mecatronica-Proyecto/software/ros_ws/install/maya_msgs/include/maya_msgs/maya_msgs/msg/detail/sound__traits.hpp
[2.862s] -- Installing: /home/patricia/Escritorio/Mecatronica-Proyecto/software/ros_ws/install/maya_msgs/include/maya_msgs/maya_msgs/msg/detail/control__builder.hpp
[2.862s] -- Installing: /home/patricia/Escritorio/Mecatronica-Proyecto/software/ros_ws/install/maya_msgs/include/maya_msgs/maya_msgs/msg/detail/sound__struct.hpp
[2.862s] -- Installing: /home/patricia/Escritorio/Mecatronica-Proyecto/software/ros_ws/install/maya_msgs/include/maya_msgs/maya_msgs/msg/detail/control__traits.hpp
[2.862s] -- Installing: /home/patricia/Escritorio/Mecatronica-Proyecto/software/ros_ws/install/maya_msgs/include/maya_msgs/maya_msgs/msg/sound.hpp
[2.862s] -- Up-to-date: /home/patricia/Escritorio/Mecatronica-Proyecto/software/ros_ws/install/maya_msgs/include/maya_msgs/maya_msgs
[2.862s] -- Up-to-date: /home/patricia/Escritorio/Mecatronica-Proyecto/software/ros_ws/install/maya_msgs/include/maya_msgs/maya_msgs/msg
[2.862s] -- Up-to-date: /home/patricia/Escritorio/Mecatronica-Proyecto/software/ros_ws/install/maya_msgs/include/maya_msgs/maya_msgs/msg/detail
[2.862s] -- Installing: /home/patricia/Escritorio/Mecatronica-Proyecto/software/ros_ws/install/maya_msgs/include/maya_msgs/maya_msgs/msg/detail/control__rosidl_typesupport_fastrtps_cpp.hpp
[2.862s] -- Installing: /home/patricia/Escritorio/Mecatronica-Proyecto/software/ros_ws/install/maya_msgs/include/maya_msgs/maya_msgs/msg/detail/sound__rosidl_typesupport_fastrtps_cpp.hpp
[2.862s] -- Installing: /home/patricia/Escritorio/Mecatronica-Proyecto/software/ros_ws/install/maya_msgs/include/maya_msgs/maya_msgs/msg/detail/dds_fastrtps
[2.862s] -- Installing: /home/patricia/Escritorio/Mecatronica-Proyecto/software/ros_ws/install/maya_msgs/include/maya_msgs/maya_msgs/msg/rosidl_typesupport_fastrtps_cpp__visibility_control.h
[2.862s] -- Installing: /home/patricia/Escritorio/Mecatronica-Proyecto/software/ros_ws/install/maya_msgs/lib/libmaya_msgs__rosidl_typesupport_fastrtps_cpp.so
[2.862s] -- Set runtime path of "/home/patricia/Escritorio/Mecatronica-Proyecto/software/ros_ws/install/maya_msgs/lib/libmaya_msgs__rosidl_typesupport_fastrtps_cpp.so" to ""
[2.862s] -- Up-to-date: /home/patricia/Escritorio/Mecatronica-Proyecto/software/ros_ws/install/maya_msgs/include/maya_msgs/maya_msgs
[2.862s] -- Up-to-date: /home/patricia/Escritorio/Mecatronica-Proyecto/software/ros_ws/install/maya_msgs/include/maya_msgs/maya_msgs/msg
[2.862s] -- Up-to-date: /home/patricia/Escritorio/Mecatronica-Proyecto/software/ros_ws/install/maya_msgs/include/maya_msgs/maya_msgs/msg/detail
[2.862s] -- Installing: /home/patricia/Escritorio/Mecatronica-Proyecto/software/ros_ws/install/maya_msgs/include/maya_msgs/maya_msgs/msg/detail/sound__type_support.cpp
[2.863s] -- Installing: /home/patricia/Escritorio/Mecatronica-Proyecto/software/ros_ws/install/maya_msgs/include/maya_msgs/maya_msgs/msg/detail/control__type_support.cpp
[2.863s] -- Installing: /home/patricia/Escritorio/Mecatronica-Proyecto/software/ros_ws/install/maya_msgs/include/maya_msgs/maya_msgs/msg/detail/sound__rosidl_typesupport_introspection_cpp.hpp
[2.863s] -- Installing: /home/patricia/Escritorio/Mecatronica-Proyecto/software/ros_ws/install/maya_msgs/include/maya_msgs/maya_msgs/msg/detail/control__rosidl_typesupport_introspection_cpp.hpp
[2.863s] -- Installing: /home/patricia/Escritorio/Mecatronica-Proyecto/software/ros_ws/install/maya_msgs/lib/libmaya_msgs__rosidl_typesupport_introspection_cpp.so
[2.863s] -- Set runtime path of "/home/patricia/Escritorio/Mecatronica-Proyecto/software/ros_ws/install/maya_msgs/lib/libmaya_msgs__rosidl_typesupport_introspection_cpp.so" to ""
[2.863s] -- Installing: /home/patricia/Escritorio/Mecatronica-Proyecto/software/ros_ws/install/maya_msgs/lib/libmaya_msgs__rosidl_typesupport_cpp.so
[2.863s] -- Set runtime path of "/home/patricia/Escritorio/Mecatronica-Proyecto/software/ros_ws/install/maya_msgs/lib/libmaya_msgs__rosidl_typesupport_cpp.so" to ""
[2.863s] -- Installing: /home/patricia/Escritorio/Mecatronica-Proyecto/software/ros_ws/install/maya_msgs/share/maya_msgs/environment/pythonpath.sh
[2.863s] -- Installing: /home/patricia/Escritorio/Mecatronica-Proyecto/software/ros_ws/install/maya_msgs/share/maya_msgs/environment/pythonpath.dsv
[2.863s] -- Installing: /home/patricia/Escritorio/Mecatronica-Proyecto/software/ros_ws/install/maya_msgs/local/lib/python3.10/dist-packages/maya_msgs-0.0.0-py3.10.egg-info
[2.863s] -- Installing: /home/patricia/Escritorio/Mecatronica-Proyecto/software/ros_ws/install/maya_msgs/local/lib/python3.10/dist-packages/maya_msgs-0.0.0-py3.10.egg-info/dependency_links.txt
[2.863s] -- Installing: /home/patricia/Escritorio/Mecatronica-Proyecto/software/ros_ws/install/maya_msgs/local/lib/python3.10/dist-packages/maya_msgs-0.0.0-py3.10.egg-info/top_level.txt
[2.863s] -- Installing: /home/patricia/Escritorio/Mecatronica-Proyecto/software/ros_ws/install/maya_msgs/local/lib/python3.10/dist-packages/maya_msgs-0.0.0-py3.10.egg-info/SOURCES.txt
[2.863s] -- Installing: /home/patricia/Escritorio/Mecatronica-Proyecto/software/ros_ws/install/maya_msgs/local/lib/python3.10/dist-packages/maya_msgs-0.0.0-py3.10.egg-info/PKG-INFO
[2.863s] -- Installing: /home/patricia/Escritorio/Mecatronica-Proyecto/software/ros_ws/install/maya_msgs/local/lib/python3.10/dist-packages/maya_msgs
[2.863s] -- Installing: /home/patricia/Escritorio/Mecatronica-Proyecto/software/ros_ws/install/maya_msgs/local/lib/python3.10/dist-packages/maya_msgs/maya_msgs_s__rosidl_typesupport_c.cpython-310-x86_64-linux-gnu.so
[2.863s] -- Installing: /home/patricia/Escritorio/Mecatronica-Proyecto/software/ros_ws/install/maya_msgs/local/lib/python3.10/dist-packages/maya_msgs/maya_msgs_s__rosidl_typesupport_introspection_c.cpython-310-x86_64-linux-gnu.so
[2.863s] -- Installing: /home/patricia/Escritorio/Mecatronica-Proyecto/software/ros_ws/install/maya_msgs/local/lib/python3.10/dist-packages/maya_msgs/_maya_msgs_s.ep.rosidl_typesupport_c.c
[2.863s] -- Installing: /home/patricia/Escritorio/Mecatronica-Proyecto/software/ros_ws/install/maya_msgs/local/lib/python3.10/dist-packages/maya_msgs/msg
[2.863s] -- Installing: /home/patricia/Escritorio/Mecatronica-Proyecto/software/ros_ws/install/maya_msgs/local/lib/python3.10/dist-packages/maya_msgs/msg/_control_s.c
[2.863s] -- Installing: /home/patricia/Escritorio/Mecatronica-Proyecto/software/ros_ws/install/maya_msgs/local/lib/python3.10/dist-packages/maya_msgs/msg/_sound_s.c
[2.863s] -- Installing: /home/patricia/Escritorio/Mecatronica-Proyecto/software/ros_ws/install/maya_msgs/local/lib/python3.10/dist-packages/maya_msgs/msg/__init__.py
[2.864s] -- Installing: /home/patricia/Escritorio/Mecatronica-Proyecto/software/ros_ws/install/maya_msgs/local/lib/python3.10/dist-packages/maya_msgs/msg/_control.py
[2.864s] -- Installing: /home/patricia/Escritorio/Mecatronica-Proyecto/software/ros_ws/install/maya_msgs/local/lib/python3.10/dist-packages/maya_msgs/msg/_sound.py
[2.864s] -- Installing: /home/patricia/Escritorio/Mecatronica-Proyecto/software/ros_ws/install/maya_msgs/local/lib/python3.10/dist-packages/maya_msgs/_maya_msgs_s.ep.rosidl_typesupport_introspection_c.c
[2.864s] -- Installing: /home/patricia/Escritorio/Mecatronica-Proyecto/software/ros_ws/install/maya_msgs/local/lib/python3.10/dist-packages/maya_msgs/__init__.py
[2.864s] -- Installing: /home/patricia/Escritorio/Mecatronica-Proyecto/software/ros_ws/install/maya_msgs/local/lib/python3.10/dist-packages/maya_msgs/_maya_msgs_s.ep.rosidl_typesupport_fastrtps_c.c
[2.864s] -- Installing: /home/patricia/Escritorio/Mecatronica-Proyecto/software/ros_ws/install/maya_msgs/local/lib/python3.10/dist-packages/maya_msgs/libmaya_msgs__rosidl_generator_py.so
[2.864s] -- Installing: /home/patricia/Escritorio/Mecatronica-Proyecto/software/ros_ws/install/maya_msgs/local/lib/python3.10/dist-packages/maya_msgs/maya_msgs_s__rosidl_typesupport_fastrtps_c.cpython-310-x86_64-linux-gnu.so
[2.886s] Listing '/home/patricia/Escritorio/Mecatronica-Proyecto/software/ros_ws/install/maya_msgs/local/lib/python3.10/dist-packages/maya_msgs'...
[2.886s] Compiling '/home/patricia/Escritorio/Mecatronica-Proyecto/software/ros_ws/install/maya_msgs/local/lib/python3.10/dist-packages/maya_msgs/__init__.py'...
[2.886s] Listing '/home/patricia/Escritorio/Mecatronica-Proyecto/software/ros_ws/install/maya_msgs/local/lib/python3.10/dist-packages/maya_msgs/msg'...
[2.886s] Compiling '/home/patricia/Escritorio/Mecatronica-Proyecto/software/ros_ws/install/maya_msgs/local/lib/python3.10/dist-packages/maya_msgs/msg/__init__.py'...
[2.886s] Compiling '/home/patricia/Escritorio/Mecatronica-Proyecto/software/ros_ws/install/maya_msgs/local/lib/python3.10/dist-packages/maya_msgs/msg/_control.py'...
[2.886s] Compiling '/home/patricia/Escritorio/Mecatronica-Proyecto/software/ros_ws/install/maya_msgs/local/lib/python3.10/dist-packages/maya_msgs/msg/_sound.py'...
[2.889s] -- Installing: /home/patricia/Escritorio/Mecatronica-Proyecto/software/ros_ws/install/maya_msgs/local/lib/python3.10/dist-packages/maya_msgs/maya_msgs_s__rosidl_typesupport_fastrtps_c.cpython-310-x86_64-linux-gnu.so
[2.889s] -- Set runtime path of "/home/patricia/Escritorio/Mecatronica-Proyecto/software/ros_ws/install/maya_msgs/local/lib/python3.10/dist-packages/maya_msgs/maya_msgs_s__rosidl_typesupport_fastrtps_c.cpython-310-x86_64-linux-gnu.so" to ""
[2.889s] -- Installing: /home/patricia/Escritorio/Mecatronica-Proyecto/software/ros_ws/install/maya_msgs/local/lib/python3.10/dist-packages/maya_msgs/maya_msgs_s__rosidl_typesupport_introspection_c.cpython-310-x86_64-linux-gnu.so
[2.889s] -- Set runtime path of "/home/patricia/Escritorio/Mecatronica-Proyecto/software/ros_ws/install/maya_msgs/local/lib/python3.10/dist-packages/maya_msgs/maya_msgs_s__rosidl_typesupport_introspection_c.cpython-310-x86_64-linux-gnu.so" to ""
[2.889s] -- Installing: /home/patricia/Escritorio/Mecatronica-Proyecto/software/ros_ws/install/maya_msgs/local/lib/python3.10/dist-packages/maya_msgs/maya_msgs_s__rosidl_typesupport_c.cpython-310-x86_64-linux-gnu.so
[2.889s] -- Set runtime path of "/home/patricia/Escritorio/Mecatronica-Proyecto/software/ros_ws/install/maya_msgs/local/lib/python3.10/dist-packages/maya_msgs/maya_msgs_s__rosidl_typesupport_c.cpython-310-x86_64-linux-gnu.so" to ""
[2.889s] -- Installing: /home/patricia/Escritorio/Mecatronica-Proyecto/software/ros_ws/install/maya_msgs/lib/libmaya_msgs__rosidl_generator_py.so
[2.890s] -- Set runtime path of "/home/patricia/Escritorio/Mecatronica-Proyecto/software/ros_ws/install/maya_msgs/lib/libmaya_msgs__rosidl_generator_py.so" to ""
[2.890s] -- Installing: /home/patricia/Escritorio/Mecatronica-Proyecto/software/ros_ws/install/maya_msgs/share/maya_msgs/msg/Control.idl
[2.890s] -- Installing: /home/patricia/Escritorio/Mecatronica-Proyecto/software/ros_ws/install/maya_msgs/share/maya_msgs/msg/Sound.idl
[2.890s] -- Installing: /home/patricia/Escritorio/Mecatronica-Proyecto/software/ros_ws/install/maya_msgs/share/maya_msgs/msg/Control.msg
[2.890s] -- Installing: /home/patricia/Escritorio/Mecatronica-Proyecto/software/ros_ws/install/maya_msgs/share/maya_msgs/msg/Sound.msg
[2.890s] -- Installing: /home/patricia/Escritorio/Mecatronica-Proyecto/software/ros_ws/install/maya_msgs/share/ament_index/resource_index/package_run_dependencies/maya_msgs
[2.890s] -- Installing: /home/patricia/Escritorio/Mecatronica-Proyecto/software/ros_ws/install/maya_msgs/share/ament_index/resource_index/parent_prefix_path/maya_msgs
[2.890s] -- Installing: /home/patricia/Escritorio/Mecatronica-Proyecto/software/ros_ws/install/maya_msgs/share/maya_msgs/environment/ament_prefix_path.sh
[2.890s] -- Installing: /home/patricia/Escritorio/Mecatronica-Proyecto/software/ros_ws/install/maya_msgs/share/maya_msgs/environment/ament_prefix_path.dsv
[2.890s] -- Installing: /home/patricia/Escritorio/Mecatronica-Proyecto/software/ros_ws/install/maya_msgs/share/maya_msgs/environment/path.sh
[2.890s] -- Installing: /home/patricia/Escritorio/Mecatronica-Proyecto/software/ros_ws/install/maya_msgs/share/maya_msgs/environment/path.dsv
[2.890s] -- Installing: /home/patricia/Escritorio/Mecatronica-Proyecto/software/ros_ws/install/maya_msgs/share/maya_msgs/local_setup.bash
[2.890s] -- Installing: /home/patricia/Escritorio/Mecatronica-Proyecto/software/ros_ws/install/maya_msgs/share/maya_msgs/local_setup.sh
[2.890s] -- Installing: /home/patricia/Escritorio/Mecatronica-Proyecto/software/ros_ws/install/maya_msgs/share/maya_msgs/local_setup.zsh
[2.890s] -- Installing: /home/patricia/Escritorio/Mecatronica-Proyecto/software/ros_ws/install/maya_msgs/share/maya_msgs/local_setup.dsv
[2.890s] -- Installing: /home/patricia/Escritorio/Mecatronica-Proyecto/software/ros_ws/install/maya_msgs/share/maya_msgs/package.dsv
[2.890s] -- Installing: /home/patricia/Escritorio/Mecatronica-Proyecto/software/ros_ws/install/maya_msgs/share/ament_index/resource_index/packages/maya_msgs
[2.891s] -- Installing: /home/patricia/Escritorio/Mecatronica-Proyecto/software/ros_ws/install/maya_msgs/share/maya_msgs/cmake/export_maya_msgs__rosidl_generator_cExport.cmake
[2.891s] -- Installing: /home/patricia/Escritorio/Mecatronica-Proyecto/software/ros_ws/install/maya_msgs/share/maya_msgs/cmake/export_maya_msgs__rosidl_generator_cExport-noconfig.cmake
[2.891s] -- Installing: /home/patricia/Escritorio/Mecatronica-Proyecto/software/ros_ws/install/maya_msgs/share/maya_msgs/cmake/export_maya_msgs__rosidl_typesupport_fastrtps_cExport.cmake
[2.891s] -- Installing: /home/patricia/Escritorio/Mecatronica-Proyecto/software/ros_ws/install/maya_msgs/share/maya_msgs/cmake/export_maya_msgs__rosidl_typesupport_fastrtps_cExport-noconfig.cmake
[2.891s] -- Installing: /home/patricia/Escritorio/Mecatronica-Proyecto/software/ros_ws/install/maya_msgs/share/maya_msgs/cmake/maya_msgs__rosidl_typesupport_introspection_cExport.cmake
[2.891s] -- Installing: /home/patricia/Escritorio/Mecatronica-Proyecto/software/ros_ws/install/maya_msgs/share/maya_msgs/cmake/maya_msgs__rosidl_typesupport_introspection_cExport-noconfig.cmake
[2.891s] -- Installing: /home/patricia/Escritorio/Mecatronica-Proyecto/software/ros_ws/install/maya_msgs/share/maya_msgs/cmake/maya_msgs__rosidl_typesupport_cExport.cmake
[2.891s] -- Installing: /home/patricia/Escritorio/Mecatronica-Proyecto/software/ros_ws/install/maya_msgs/share/maya_msgs/cmake/maya_msgs__rosidl_typesupport_cExport-noconfig.cmake
[2.891s] -- Installing: /home/patricia/Escritorio/Mecatronica-Proyecto/software/ros_ws/install/maya_msgs/share/maya_msgs/cmake/export_maya_msgs__rosidl_generator_cppExport.cmake
[2.891s] -- Installing: /home/patricia/Escritorio/Mecatronica-Proyecto/software/ros_ws/install/maya_msgs/share/maya_msgs/cmake/export_maya_msgs__rosidl_typesupport_fastrtps_cppExport.cmake
[2.891s] -- Installing: /home/patricia/Escritorio/Mecatronica-Proyecto/software/ros_ws/install/maya_msgs/share/maya_msgs/cmake/export_maya_msgs__rosidl_typesupport_fastrtps_cppExport-noconfig.cmake
[2.891s] -- Installing: /home/patricia/Escritorio/Mecatronica-Proyecto/software/ros_ws/install/maya_msgs/share/maya_msgs/cmake/maya_msgs__rosidl_typesupport_introspection_cppExport.cmake
[2.891s] -- Installing: /home/patricia/Escritorio/Mecatronica-Proyecto/software/ros_ws/install/maya_msgs/share/maya_msgs/cmake/maya_msgs__rosidl_typesupport_introspection_cppExport-noconfig.cmake
[2.891s] -- Installing: /home/patricia/Escritorio/Mecatronica-Proyecto/software/ros_ws/install/maya_msgs/share/maya_msgs/cmake/maya_msgs__rosidl_typesupport_cppExport.cmake
[2.891s] -- Installing: /home/patricia/Escritorio/Mecatronica-Proyecto/software/ros_ws/install/maya_msgs/share/maya_msgs/cmake/maya_msgs__rosidl_typesupport_cppExport-noconfig.cmake
[2.891s] -- Installing: /home/patricia/Escritorio/Mecatronica-Proyecto/software/ros_ws/install/maya_msgs/share/maya_msgs/cmake/export_maya_msgs__rosidl_generator_pyExport.cmake
[2.892s] -- Installing: /home/patricia/Escritorio/Mecatronica-Proyecto/software/ros_ws/install/maya_msgs/share/maya_msgs/cmake/export_maya_msgs__rosidl_generator_pyExport-noconfig.cmake
[2.892s] -- Installing: /home/patricia/Escritorio/Mecatronica-Proyecto/software/ros_ws/install/maya_msgs/share/maya_msgs/cmake/rosidl_cmake-extras.cmake
[2.892s] -- Installing: /home/patricia/Escritorio/Mecatronica-Proyecto/software/ros_ws/install/maya_msgs/share/maya_msgs/cmake/ament_cmake_export_include_directories-extras.cmake
[2.892s] -- Installing: /home/patricia/Escritorio/Mecatronica-Proyecto/software/ros_ws/install/maya_msgs/share/maya_msgs/cmake/ament_cmake_export_libraries-extras.cmake
[2.892s] -- Installing: /home/patricia/Escritorio/Mecatronica-Proyecto/software/ros_ws/install/maya_msgs/share/maya_msgs/cmake/ament_cmake_export_targets-extras.cmake
[2.892s] -- Installing: /home/patricia/Escritorio/Mecatronica-Proyecto/software/ros_ws/install/maya_msgs/share/maya_msgs/cmake/rosidl_cmake_export_typesupport_targets-extras.cmake
[2.892s] -- Installing: /home/patricia/Escritorio/Mecatronica-Proyecto/software/ros_ws/install/maya_msgs/share/maya_msgs/cmake/ament_cmake_export_dependencies-extras.cmake
[2.892s] -- Installing: /home/patricia/Escritorio/Mecatronica-Proyecto/software/ros_ws/install/maya_msgs/share/maya_msgs/cmake/rosidl_cmake_export_typesupport_libraries-extras.cmake
[2.892s] -- Installing: /home/patricia/Escritorio/Mecatronica-Proyecto/software/ros_ws/install/maya_msgs/share/maya_msgs/cmake/maya_msgsConfig.cmake
[2.892s] -- Installing: /home/patricia/Escritorio/Mecatronica-Proyecto/software/ros_ws/install/maya_msgs/share/maya_msgs/cmake/maya_msgsConfig-version.cmake
[2.892s] -- Installing: /home/patricia/Escritorio/Mecatronica-Proyecto/software/ros_ws/install/maya_msgs/share/maya_msgs/package.xml
[2.897s] Invoked command in '/home/patricia/Escritorio/Mecatronica-Proyecto/software/ros_ws/build/maya_msgs' returned '0': CMAKE_PREFIX_PATH=${CMAKE_PREFIX_PATH}:/home/patricia/Escritorio/Mecatronica-Proyecto/software/ros_ws/install/maya_pkg:/opt/ros/humble /usr/bin/cmake --install /home/patricia/Escritorio/Mecatronica-Proyecto/software/ros_ws/build/maya_msgs
