running develop
running egg_info
creating maya.egg-info
writing maya.egg-info/PKG-INFO
writing dependency_links to maya.egg-info/dependency_links.txt
writing entry points to maya.egg-info/entry_points.txt
writing requirements to maya.egg-info/requires.txt
writing top-level names to maya.egg-info/top_level.txt
writing manifest file 'maya.egg-info/SOURCES.txt'
reading manifest file 'maya.egg-info/SOURCES.txt'
writing manifest file 'maya.egg-info/SOURCES.txt'
running build_ext
Creating /home/vidi/reposMecatronica/Mecatronica-Proyecto/software/maya/install/maya/lib/python3.10/site-packages/maya.egg-link (link to .)
Installing maya_driver script to /home/vidi/reposMecatronica/Mecatronica-Proyecto/software/maya/install/maya/lib/maya

Installed /home/vidi/reposMecatronica/Mecatronica-Proyecto/software/maya/build/maya
running install_data
creating /home/vidi/reposMecatronica/Mecatronica-Proyecto/software/maya/install/maya/share/ament_index
creating /home/vidi/reposMecatronica/Mecatronica-Proyecto/software/maya/install/maya/share/ament_index/resource_index
creating /home/vidi/reposMecatronica/Mecatronica-Proyecto/software/maya/install/maya/share/ament_index/resource_index/packages
copying resource/maya -> /home/vidi/reposMecatronica/Mecatronica-Proyecto/software/maya/install/maya/share/ament_index/resource_index/packages
copying package.xml -> /home/vidi/reposMecatronica/Mecatronica-Proyecto/software/maya/install/maya/share/maya
