[0.960s] Invoking command in '/home/vidi/reposMecatronica/Mecatronica-Proyecto/software/maya/build/maya': PYTHONPATH=/home/vidi/reposMecatronica/Mecatronica-Proyecto/software/maya/install/maya/lib/python3.10/site-packages:${PYTHONPATH} /usr/bin/python3 setup.py develop --prefix /home/vidi/reposMecatronica/Mecatronica-Proyecto/software/maya/install/maya --editable --build-directory /home/vidi/reposMecatronica/Mecatronica-Proyecto/software/maya/build/maya/build --no-deps install_data --install-dir /home/vidi/reposMecatronica/Mecatronica-Proyecto/software/maya/install/maya
[1.312s] running develop
[1.312s] /usr/lib/python3/dist-packages/setuptools/command/easy_install.py:158: EasyInstallDeprecationWarning: easy_install command is deprecated. Use build and pip and other standards-based tools.
[1.312s]   warnings.warn(
[1.313s] /usr/lib/python3/dist-packages/setuptools/command/install.py:34: SetuptoolsDeprecationWarning: setup.py install is deprecated. Use build and pip and other standards-based tools.
[1.314s]   warnings.warn(
[1.391s] /usr/lib/python3/dist-packages/pkg_resources/__init__.py:116: PkgResourcesDeprecationWarning: 1.1build1 is an invalid version and will not be supported in a future release
[1.391s]   warnings.warn(
[1.391s] /usr/lib/python3/dist-packages/pkg_resources/__init__.py:116: PkgResourcesDeprecationWarning: 0.1.43ubuntu1 is an invalid version and will not be supported in a future release
[1.391s]   warnings.warn(
[1.534s] running egg_info
[1.534s] creating maya.egg-info
[1.534s] writing maya.egg-info/PKG-INFO
[1.535s] writing dependency_links to maya.egg-info/dependency_links.txt
[1.535s] writing entry points to maya.egg-info/entry_points.txt
[1.535s] writing requirements to maya.egg-info/requires.txt
[1.535s] writing top-level names to maya.egg-info/top_level.txt
[1.535s] writing manifest file 'maya.egg-info/SOURCES.txt'
[1.537s] reading manifest file 'maya.egg-info/SOURCES.txt'
[1.538s] writing manifest file 'maya.egg-info/SOURCES.txt'
[1.540s] running build_ext
[1.540s] Creating /home/vidi/reposMecatronica/Mecatronica-Proyecto/software/maya/install/maya/lib/python3.10/site-packages/maya.egg-link (link to .)
[1.541s] Installing maya_driver script to /home/vidi/reposMecatronica/Mecatronica-Proyecto/software/maya/install/maya/lib/maya
[1.541s] 
[1.541s] Installed /home/vidi/reposMecatronica/Mecatronica-Proyecto/software/maya/build/maya
[1.541s] running install_data
[1.541s] creating /home/vidi/reposMecatronica/Mecatronica-Proyecto/software/maya/install/maya/share/ament_index
[1.542s] creating /home/vidi/reposMecatronica/Mecatronica-Proyecto/software/maya/install/maya/share/ament_index/resource_index
[1.542s] creating /home/vidi/reposMecatronica/Mecatronica-Proyecto/software/maya/install/maya/share/ament_index/resource_index/packages
[1.542s] copying resource/maya -> /home/vidi/reposMecatronica/Mecatronica-Proyecto/software/maya/install/maya/share/ament_index/resource_index/packages
[1.542s] copying package.xml -> /home/vidi/reposMecatronica/Mecatronica-Proyecto/software/maya/install/maya/share/maya
[1.583s] Invoked command in '/home/vidi/reposMecatronica/Mecatronica-Proyecto/software/maya/build/maya' returned '0': PYTHONPATH=/home/vidi/reposMecatronica/Mecatronica-Proyecto/software/maya/install/maya/lib/python3.10/site-packages:${PYTHONPATH} /usr/bin/python3 setup.py develop --prefix /home/vidi/reposMecatronica/Mecatronica-Proyecto/software/maya/install/maya --editable --build-directory /home/vidi/reposMecatronica/Mecatronica-Proyecto/software/maya/build/maya/build --no-deps install_data --install-dir /home/vidi/reposMecatronica/Mecatronica-Proyecto/software/maya/install/maya
