-- The C compiler identification is GNU 11.3.0
-- The CXX compiler identification is GNU 11.3.0
-- Detecting C compiler ABI info
-- Detecting C compiler ABI info - done
-- Check for working C compiler: /usr/bin/cc - skipped
-- Detecting C compile features
-- Detecting C compile features - done
-- Detecting CXX compiler ABI info
-- Detecting CXX compiler ABI info - done
-- Check for working CXX compiler: /usr/bin/c++ - skipped
-- Detecting CXX compile features
-- Detecting CXX compile features - done
-- Found ament_cmake: 1.3.2 (/opt/ros/humble/share/ament_cmake/cmake)
-- Found Python3: /usr/bin/python3.10 (found version "3.10.6") found components: Interpreter 
-- Override CMake install command with custom implementation using symlinks instead of copying resources
-- Found rosidl_default_generators: 1.2.0 (/opt/ros/humble/share/rosidl_default_generators/cmake)
-- Using all available rosidl_typesupport_c: rosidl_typesupport_fastrtps_c;rosidl_typesupport_introspection_c
-- Found rosidl_adapter: 3.1.3 (/opt/ros/humble/share/rosidl_adapter/cmake)
-- Using all available rosidl_typesupport_cpp: rosidl_typesupport_fastrtps_cpp;rosidl_typesupport_introspection_cpp
-- Found ament_cmake_ros: 0.10.0 (/opt/ros/humble/share/ament_cmake_ros/cmake)
-- Using all available rosidl_typesupport_c: rosidl_typesupport_fastrtps_c;rosidl_typesupport_introspection_c
-- Using all available rosidl_typesupport_cpp: rosidl_typesupport_fastrtps_cpp;rosidl_typesupport_introspection_cpp
-- Found PythonInterp: /usr/bin/python3 (found suitable version "3.10.6", minimum required is "3.6") 
-- Found python_cmake_module: 0.10.0 (/opt/ros/humble/share/python_cmake_module/cmake)
-- Found PythonLibs: /usr/lib/x86_64-linux-gnu/libpython3.10.so (found suitable version "3.10.6", minimum required is "3.5") 
-- Using PYTHON_EXECUTABLE: /usr/bin/python3
-- Using PYTHON_INCLUDE_DIRS: /usr/include/python3.10
-- Using PYTHON_LIBRARIES: /usr/lib/x86_64-linux-gnu/libpython3.10.so
-- Found PythonExtra: .so  
-- Found ament_lint_auto: 0.12.4 (/opt/ros/humble/share/ament_lint_auto/cmake)
-- Added test 'lint_cmake' to check CMake code style
-- Added test 'xmllint' to check XML markup files
-- Configuring done
-- Generating done
-- Build files have been written to: /home/vidi/reposMecatronica/Mecatronica-Proyecto/software/ros_ws/build/maya_msgs
[  2%] [34m[1mGenerating C code for ROS interfaces[0m
[  5%] [34m[1mGenerating C++ code for ROS interfaces[0m
[  5%] Built target ament_cmake_python_symlink_maya_msgs
running egg_info
creating maya_msgs.egg-info
writing maya_msgs.egg-info/PKG-INFO
writing dependency_links to maya_msgs.egg-info/dependency_links.txt
writing top-level names to maya_msgs.egg-info/top_level.txt
writing manifest file 'maya_msgs.egg-info/SOURCES.txt'
reading manifest file 'maya_msgs.egg-info/SOURCES.txt'
writing manifest file 'maya_msgs.egg-info/SOURCES.txt'
[  5%] Built target ament_cmake_python_build_maya_msgs_egg
[  5%] Built target maya_msgs__cpp
[  7%] [32mBuilding C object CMakeFiles/maya_msgs__rosidl_generator_c.dir/rosidl_generator_c/maya_msgs/msg/detail/sound__functions.c.o[0m
[ 12%] [34m[1mGenerating C++ type support for eProsima Fast-RTPS[0m
[ 12%] [34m[1mGenerating C++ type support dispatch for ROS interfaces[0m
[ 15%] [32mBuilding C object CMakeFiles/maya_msgs__rosidl_generator_c.dir/rosidl_generator_c/maya_msgs/msg/detail/control__functions.c.o[0m
[ 17%] [34m[1mGenerating C++ introspection for ROS interfaces[0m
[ 20%] [32m[1mLinking C shared library libmaya_msgs__rosidl_generator_c.so[0m
[ 20%] Built target maya_msgs__rosidl_generator_c
[ 25%] [34m[1mGenerating C type support dispatch for ROS interfaces[0m
[ 25%] [34m[1mGenerating C type support for eProsima Fast-RTPS[0m
[ 28%] [34m[1mGenerating C introspection for ROS interfaces[0m
[ 33%] [32mBuilding CXX object CMakeFiles/maya_msgs__rosidl_typesupport_cpp.dir/rosidl_typesupport_cpp/maya_msgs/msg/control__type_support.cpp.o[0m
[ 33%] [32mBuilding CXX object CMakeFiles/maya_msgs__rosidl_typesupport_cpp.dir/rosidl_typesupport_cpp/maya_msgs/msg/sound__type_support.cpp.o[0m
[ 35%] [32mBuilding CXX object CMakeFiles/maya_msgs__rosidl_typesupport_introspection_cpp.dir/rosidl_typesupport_introspection_cpp/maya_msgs/msg/detail/control__type_support.cpp.o[0m
[ 38%] [32mBuilding CXX object CMakeFiles/maya_msgs__rosidl_typesupport_introspection_cpp.dir/rosidl_typesupport_introspection_cpp/maya_msgs/msg/detail/sound__type_support.cpp.o[0m
[ 41%] [32mBuilding CXX object CMakeFiles/maya_msgs__rosidl_typesupport_fastrtps_cpp.dir/rosidl_typesupport_fastrtps_cpp/maya_msgs/msg/detail/dds_fastrtps/sound__type_support.cpp.o[0m
[ 43%] [32mBuilding CXX object CMakeFiles/maya_msgs__rosidl_typesupport_fastrtps_cpp.dir/rosidl_typesupport_fastrtps_cpp/maya_msgs/msg/detail/dds_fastrtps/control__type_support.cpp.o[0m
[ 48%] [32mBuilding CXX object CMakeFiles/maya_msgs__rosidl_typesupport_c.dir/rosidl_typesupport_c/maya_msgs/msg/control__type_support.cpp.o[0m
[ 48%] [32mBuilding CXX object CMakeFiles/maya_msgs__rosidl_typesupport_c.dir/rosidl_typesupport_c/maya_msgs/msg/sound__type_support.cpp.o[0m
[ 51%] [32m[1mLinking CXX shared library libmaya_msgs__rosidl_typesupport_c.so[0m
[ 53%] [32mBuilding C object CMakeFiles/maya_msgs__rosidl_typesupport_introspection_c.dir/rosidl_typesupport_introspection_c/maya_msgs/msg/detail/control__type_support.c.o[0m
[ 56%] [32mBuilding C object CMakeFiles/maya_msgs__rosidl_typesupport_introspection_c.dir/rosidl_typesupport_introspection_c/maya_msgs/msg/detail/sound__type_support.c.o[0m
[ 58%] [32mBuilding CXX object CMakeFiles/maya_msgs__rosidl_typesupport_fastrtps_c.dir/rosidl_typesupport_fastrtps_c/maya_msgs/msg/detail/control__type_support_c.cpp.o[0m
[ 61%] [32mBuilding CXX object CMakeFiles/maya_msgs__rosidl_typesupport_fastrtps_c.dir/rosidl_typesupport_fastrtps_c/maya_msgs/msg/detail/sound__type_support_c.cpp.o[0m
[ 61%] Built target maya_msgs__rosidl_typesupport_c
[ 64%] [32m[1mLinking C shared library libmaya_msgs__rosidl_typesupport_introspection_c.so[0m
[ 64%] Built target maya_msgs__rosidl_typesupport_introspection_c
[ 66%] [32m[1mLinking CXX shared library libmaya_msgs__rosidl_typesupport_cpp.so[0m
[ 66%] Built target maya_msgs__rosidl_typesupport_cpp
[ 69%] [32m[1mLinking CXX shared library libmaya_msgs__rosidl_typesupport_introspection_cpp.so[0m
[ 71%] [32m[1mLinking CXX shared library libmaya_msgs__rosidl_typesupport_fastrtps_cpp.so[0m
[ 71%] Built target maya_msgs__rosidl_typesupport_introspection_cpp
[ 74%] [32m[1mLinking CXX shared library libmaya_msgs__rosidl_typesupport_fastrtps_c.so[0m
[ 74%] Built target maya_msgs__rosidl_typesupport_fastrtps_cpp
[ 74%] Built target maya_msgs__rosidl_typesupport_fastrtps_c
[ 74%] Built target maya_msgs
[ 76%] [34m[1mGenerating Python code for ROS interfaces[0m
[ 76%] Built target maya_msgs__py
[ 79%] [32mBuilding C object CMakeFiles/maya_msgs__rosidl_generator_py.dir/rosidl_generator_py/maya_msgs/msg/_control_s.c.o[0m
[ 82%] [32mBuilding C object CMakeFiles/maya_msgs__rosidl_generator_py.dir/rosidl_generator_py/maya_msgs/msg/_sound_s.c.o[0m
[ 84%] [32m[1mLinking C shared library rosidl_generator_py/maya_msgs/libmaya_msgs__rosidl_generator_py.so[0m
[ 84%] Built target maya_msgs__rosidl_generator_py
[ 89%] [32mBuilding C object CMakeFiles/maya_msgs__rosidl_typesupport_fastrtps_c__pyext.dir/rosidl_generator_py/maya_msgs/_maya_msgs_s.ep.rosidl_typesupport_fastrtps_c.c.o[0m
[ 89%] [32mBuilding C object CMakeFiles/maya_msgs__rosidl_typesupport_introspection_c__pyext.dir/rosidl_generator_py/maya_msgs/_maya_msgs_s.ep.rosidl_typesupport_introspection_c.c.o[0m
[ 92%] [32mBuilding C object CMakeFiles/maya_msgs__rosidl_typesupport_c__pyext.dir/rosidl_generator_py/maya_msgs/_maya_msgs_s.ep.rosidl_typesupport_c.c.o[0m
[ 94%] [32m[1mLinking C shared library rosidl_generator_py/maya_msgs/maya_msgs_s__rosidl_typesupport_fastrtps_c.cpython-310-x86_64-linux-gnu.so[0m
[ 97%] [32m[1mLinking C shared library rosidl_generator_py/maya_msgs/maya_msgs_s__rosidl_typesupport_introspection_c.cpython-310-x86_64-linux-gnu.so[0m
[100%] [32m[1mLinking C shared library rosidl_generator_py/maya_msgs/maya_msgs_s__rosidl_typesupport_c.cpython-310-x86_64-linux-gnu.so[0m
[100%] Built target maya_msgs__rosidl_typesupport_c__pyext
[100%] Built target maya_msgs__rosidl_typesupport_fastrtps_c__pyext
[100%] Built target maya_msgs__rosidl_typesupport_introspection_c__pyext
-- Install configuration: ""
-- Execute custom install script
-- Symlinking: /home/vidi/reposMecatronica/Mecatronica-Proyecto/software/ros_ws/install/maya_msgs/share/ament_index/resource_index/rosidl_interfaces/maya_msgs
-- Symlinking: /home/vidi/reposMecatronica/Mecatronica-Proyecto/software/ros_ws/install/maya_msgs/include/maya_msgs/maya_msgs/msg/control.h
-- Symlinking: /home/vidi/reposMecatronica/Mecatronica-Proyecto/software/ros_ws/install/maya_msgs/include/maya_msgs/maya_msgs/msg/detail/control__functions.h
-- Symlinking: /home/vidi/reposMecatronica/Mecatronica-Proyecto/software/ros_ws/install/maya_msgs/include/maya_msgs/maya_msgs/msg/detail/control__struct.h
-- Symlinking: /home/vidi/reposMecatronica/Mecatronica-Proyecto/software/ros_ws/install/maya_msgs/include/maya_msgs/maya_msgs/msg/detail/control__type_support.h
-- Symlinking: /home/vidi/reposMecatronica/Mecatronica-Proyecto/software/ros_ws/install/maya_msgs/include/maya_msgs/maya_msgs/msg/detail/sound__functions.h
-- Symlinking: /home/vidi/reposMecatronica/Mecatronica-Proyecto/software/ros_ws/install/maya_msgs/include/maya_msgs/maya_msgs/msg/detail/sound__struct.h
-- Symlinking: /home/vidi/reposMecatronica/Mecatronica-Proyecto/software/ros_ws/install/maya_msgs/include/maya_msgs/maya_msgs/msg/detail/sound__type_support.h
-- Symlinking: /home/vidi/reposMecatronica/Mecatronica-Proyecto/software/ros_ws/install/maya_msgs/include/maya_msgs/maya_msgs/msg/rosidl_generator_c__visibility_control.h
-- Symlinking: /home/vidi/reposMecatronica/Mecatronica-Proyecto/software/ros_ws/install/maya_msgs/include/maya_msgs/maya_msgs/msg/sound.h
-- Symlinking: /home/vidi/reposMecatronica/Mecatronica-Proyecto/software/ros_ws/install/maya_msgs/share/maya_msgs/environment/library_path.sh
-- Symlinking: /home/vidi/reposMecatronica/Mecatronica-Proyecto/software/ros_ws/install/maya_msgs/share/maya_msgs/environment/library_path.dsv
-- Symlinking: /home/vidi/reposMecatronica/Mecatronica-Proyecto/software/ros_ws/install/maya_msgs/include/maya_msgs/maya_msgs/msg/detail/control__rosidl_typesupport_fastrtps_c.h
-- Symlinking: /home/vidi/reposMecatronica/Mecatronica-Proyecto/software/ros_ws/install/maya_msgs/include/maya_msgs/maya_msgs/msg/detail/sound__rosidl_typesupport_fastrtps_c.h
-- Symlinking: /home/vidi/reposMecatronica/Mecatronica-Proyecto/software/ros_ws/install/maya_msgs/include/maya_msgs/maya_msgs/msg/rosidl_typesupport_fastrtps_c__visibility_control.h
-- Symlinking: /home/vidi/reposMecatronica/Mecatronica-Proyecto/software/ros_ws/install/maya_msgs/include/maya_msgs/maya_msgs/msg/detail/control__rosidl_typesupport_introspection_c.h
-- Symlinking: /home/vidi/reposMecatronica/Mecatronica-Proyecto/software/ros_ws/install/maya_msgs/include/maya_msgs/maya_msgs/msg/detail/sound__rosidl_typesupport_introspection_c.h
-- Symlinking: /home/vidi/reposMecatronica/Mecatronica-Proyecto/software/ros_ws/install/maya_msgs/include/maya_msgs/maya_msgs/msg/rosidl_typesupport_introspection_c__visibility_control.h
-- Symlinking: /home/vidi/reposMecatronica/Mecatronica-Proyecto/software/ros_ws/install/maya_msgs/include/maya_msgs/maya_msgs/msg/control.hpp
-- Symlinking: /home/vidi/reposMecatronica/Mecatronica-Proyecto/software/ros_ws/install/maya_msgs/include/maya_msgs/maya_msgs/msg/detail/control__builder.hpp
-- Symlinking: /home/vidi/reposMecatronica/Mecatronica-Proyecto/software/ros_ws/install/maya_msgs/include/maya_msgs/maya_msgs/msg/detail/control__struct.hpp
-- Symlinking: /home/vidi/reposMecatronica/Mecatronica-Proyecto/software/ros_ws/install/maya_msgs/include/maya_msgs/maya_msgs/msg/detail/control__traits.hpp
-- Symlinking: /home/vidi/reposMecatronica/Mecatronica-Proyecto/software/ros_ws/install/maya_msgs/include/maya_msgs/maya_msgs/msg/detail/sound__builder.hpp
-- Symlinking: /home/vidi/reposMecatronica/Mecatronica-Proyecto/software/ros_ws/install/maya_msgs/include/maya_msgs/maya_msgs/msg/detail/sound__struct.hpp
-- Symlinking: /home/vidi/reposMecatronica/Mecatronica-Proyecto/software/ros_ws/install/maya_msgs/include/maya_msgs/maya_msgs/msg/detail/sound__traits.hpp
-- Symlinking: /home/vidi/reposMecatronica/Mecatronica-Proyecto/software/ros_ws/install/maya_msgs/include/maya_msgs/maya_msgs/msg/sound.hpp
-- Symlinking: /home/vidi/reposMecatronica/Mecatronica-Proyecto/software/ros_ws/install/maya_msgs/include/maya_msgs/maya_msgs/msg/detail/control__rosidl_typesupport_fastrtps_cpp.hpp
-- Symlinking: /home/vidi/reposMecatronica/Mecatronica-Proyecto/software/ros_ws/install/maya_msgs/include/maya_msgs/maya_msgs/msg/detail/sound__rosidl_typesupport_fastrtps_cpp.hpp
-- Symlinking: /home/vidi/reposMecatronica/Mecatronica-Proyecto/software/ros_ws/install/maya_msgs/include/maya_msgs/maya_msgs/msg/rosidl_typesupport_fastrtps_cpp__visibility_control.h
-- Symlinking: /home/vidi/reposMecatronica/Mecatronica-Proyecto/software/ros_ws/install/maya_msgs/include/maya_msgs/maya_msgs/msg/detail/control__rosidl_typesupport_introspection_cpp.hpp
-- Symlinking: /home/vidi/reposMecatronica/Mecatronica-Proyecto/software/ros_ws/install/maya_msgs/include/maya_msgs/maya_msgs/msg/detail/sound__rosidl_typesupport_introspection_cpp.hpp
-- Symlinking: /home/vidi/reposMecatronica/Mecatronica-Proyecto/software/ros_ws/install/maya_msgs/share/maya_msgs/environment/pythonpath.sh
-- Symlinking: /home/vidi/reposMecatronica/Mecatronica-Proyecto/software/ros_ws/install/maya_msgs/share/maya_msgs/environment/pythonpath.dsv
-- Symlinking: /home/vidi/reposMecatronica/Mecatronica-Proyecto/software/ros_ws/install/maya_msgs/local/lib/python3.10/dist-packages/maya_msgs-0.0.0-py3.10.egg-info/PKG-INFO
-- Symlinking: /home/vidi/reposMecatronica/Mecatronica-Proyecto/software/ros_ws/install/maya_msgs/local/lib/python3.10/dist-packages/maya_msgs-0.0.0-py3.10.egg-info/SOURCES.txt
-- Symlinking: /home/vidi/reposMecatronica/Mecatronica-Proyecto/software/ros_ws/install/maya_msgs/local/lib/python3.10/dist-packages/maya_msgs-0.0.0-py3.10.egg-info/dependency_links.txt
-- Symlinking: /home/vidi/reposMecatronica/Mecatronica-Proyecto/software/ros_ws/install/maya_msgs/local/lib/python3.10/dist-packages/maya_msgs-0.0.0-py3.10.egg-info/top_level.txt
-- Symlinking: /home/vidi/reposMecatronica/Mecatronica-Proyecto/software/ros_ws/install/maya_msgs/local/lib/python3.10/dist-packages/maya_msgs/__init__.py
-- Symlinking: /home/vidi/reposMecatronica/Mecatronica-Proyecto/software/ros_ws/install/maya_msgs/local/lib/python3.10/dist-packages/maya_msgs/_maya_msgs_s.ep.rosidl_typesupport_c.c
-- Symlinking: /home/vidi/reposMecatronica/Mecatronica-Proyecto/software/ros_ws/install/maya_msgs/local/lib/python3.10/dist-packages/maya_msgs/_maya_msgs_s.ep.rosidl_typesupport_fastrtps_c.c
-- Symlinking: /home/vidi/reposMecatronica/Mecatronica-Proyecto/software/ros_ws/install/maya_msgs/local/lib/python3.10/dist-packages/maya_msgs/_maya_msgs_s.ep.rosidl_typesupport_introspection_c.c
-- Symlinking: /home/vidi/reposMecatronica/Mecatronica-Proyecto/software/ros_ws/install/maya_msgs/local/lib/python3.10/dist-packages/maya_msgs/libmaya_msgs__rosidl_generator_py.so
-- Symlinking: /home/vidi/reposMecatronica/Mecatronica-Proyecto/software/ros_ws/install/maya_msgs/local/lib/python3.10/dist-packages/maya_msgs/maya_msgs_s__rosidl_typesupport_c.cpython-310-x86_64-linux-gnu.so
-- Symlinking: /home/vidi/reposMecatronica/Mecatronica-Proyecto/software/ros_ws/install/maya_msgs/local/lib/python3.10/dist-packages/maya_msgs/maya_msgs_s__rosidl_typesupport_fastrtps_c.cpython-310-x86_64-linux-gnu.so
-- Symlinking: /home/vidi/reposMecatronica/Mecatronica-Proyecto/software/ros_ws/install/maya_msgs/local/lib/python3.10/dist-packages/maya_msgs/maya_msgs_s__rosidl_typesupport_introspection_c.cpython-310-x86_64-linux-gnu.so
-- Symlinking: /home/vidi/reposMecatronica/Mecatronica-Proyecto/software/ros_ws/install/maya_msgs/local/lib/python3.10/dist-packages/maya_msgs/msg/__init__.py
-- Symlinking: /home/vidi/reposMecatronica/Mecatronica-Proyecto/software/ros_ws/install/maya_msgs/local/lib/python3.10/dist-packages/maya_msgs/msg/_control.py
-- Symlinking: /home/vidi/reposMecatronica/Mecatronica-Proyecto/software/ros_ws/install/maya_msgs/local/lib/python3.10/dist-packages/maya_msgs/msg/_control_s.c
-- Symlinking: /home/vidi/reposMecatronica/Mecatronica-Proyecto/software/ros_ws/install/maya_msgs/local/lib/python3.10/dist-packages/maya_msgs/msg/_sound.py
-- Symlinking: /home/vidi/reposMecatronica/Mecatronica-Proyecto/software/ros_ws/install/maya_msgs/local/lib/python3.10/dist-packages/maya_msgs/msg/_sound_s.c
-- Up-to-date symlink: /home/vidi/reposMecatronica/Mecatronica-Proyecto/software/ros_ws/install/maya_msgs/local/lib/python3.10/dist-packages/maya_msgs/maya_msgs_s__rosidl_typesupport_fastrtps_c.cpython-310-x86_64-linux-gnu.so
-- Up-to-date symlink: /home/vidi/reposMecatronica/Mecatronica-Proyecto/software/ros_ws/install/maya_msgs/local/lib/python3.10/dist-packages/maya_msgs/maya_msgs_s__rosidl_typesupport_introspection_c.cpython-310-x86_64-linux-gnu.so
-- Up-to-date symlink: /home/vidi/reposMecatronica/Mecatronica-Proyecto/software/ros_ws/install/maya_msgs/local/lib/python3.10/dist-packages/maya_msgs/maya_msgs_s__rosidl_typesupport_c.cpython-310-x86_64-linux-gnu.so
-- Symlinking: /home/vidi/reposMecatronica/Mecatronica-Proyecto/software/ros_ws/install/maya_msgs/share/maya_msgs/msg/Control.idl
-- Symlinking: /home/vidi/reposMecatronica/Mecatronica-Proyecto/software/ros_ws/install/maya_msgs/share/maya_msgs/msg/Sound.idl
-- Symlinking: /home/vidi/reposMecatronica/Mecatronica-Proyecto/software/ros_ws/install/maya_msgs/share/maya_msgs/msg/Control.msg
-- Symlinking: /home/vidi/reposMecatronica/Mecatronica-Proyecto/software/ros_ws/install/maya_msgs/share/maya_msgs/msg/Sound.msg
-- Symlinking: /home/vidi/reposMecatronica/Mecatronica-Proyecto/software/ros_ws/install/maya_msgs/share/ament_index/resource_index/package_run_dependencies/maya_msgs
-- Symlinking: /home/vidi/reposMecatronica/Mecatronica-Proyecto/software/ros_ws/install/maya_msgs/share/ament_index/resource_index/parent_prefix_path/maya_msgs
-- Symlinking: /home/vidi/reposMecatronica/Mecatronica-Proyecto/software/ros_ws/install/maya_msgs/share/maya_msgs/environment/ament_prefix_path.sh
-- Symlinking: /home/vidi/reposMecatronica/Mecatronica-Proyecto/software/ros_ws/install/maya_msgs/share/maya_msgs/environment/ament_prefix_path.dsv
-- Symlinking: /home/vidi/reposMecatronica/Mecatronica-Proyecto/software/ros_ws/install/maya_msgs/share/maya_msgs/environment/path.sh
-- Symlinking: /home/vidi/reposMecatronica/Mecatronica-Proyecto/software/ros_ws/install/maya_msgs/share/maya_msgs/environment/path.dsv
-- Symlinking: /home/vidi/reposMecatronica/Mecatronica-Proyecto/software/ros_ws/install/maya_msgs/share/maya_msgs/local_setup.bash
-- Symlinking: /home/vidi/reposMecatronica/Mecatronica-Proyecto/software/ros_ws/install/maya_msgs/share/maya_msgs/local_setup.sh
-- Symlinking: /home/vidi/reposMecatronica/Mecatronica-Proyecto/software/ros_ws/install/maya_msgs/share/maya_msgs/local_setup.zsh
-- Symlinking: /home/vidi/reposMecatronica/Mecatronica-Proyecto/software/ros_ws/install/maya_msgs/share/maya_msgs/local_setup.dsv
-- Symlinking: /home/vidi/reposMecatronica/Mecatronica-Proyecto/software/ros_ws/install/maya_msgs/share/maya_msgs/package.dsv
-- Symlinking: /home/vidi/reposMecatronica/Mecatronica-Proyecto/software/ros_ws/install/maya_msgs/share/ament_index/resource_index/packages/maya_msgs
-- Symlinking: /home/vidi/reposMecatronica/Mecatronica-Proyecto/software/ros_ws/install/maya_msgs/share/maya_msgs/cmake/rosidl_cmake-extras.cmake
-- Symlinking: /home/vidi/reposMecatronica/Mecatronica-Proyecto/software/ros_ws/install/maya_msgs/share/maya_msgs/cmake/ament_cmake_export_include_directories-extras.cmake
-- Symlinking: /home/vidi/reposMecatronica/Mecatronica-Proyecto/software/ros_ws/install/maya_msgs/share/maya_msgs/cmake/ament_cmake_export_libraries-extras.cmake
-- Symlinking: /home/vidi/reposMecatronica/Mecatronica-Proyecto/software/ros_ws/install/maya_msgs/share/maya_msgs/cmake/ament_cmake_export_targets-extras.cmake
-- Symlinking: /home/vidi/reposMecatronica/Mecatronica-Proyecto/software/ros_ws/install/maya_msgs/share/maya_msgs/cmake/rosidl_cmake_export_typesupport_targets-extras.cmake
-- Symlinking: /home/vidi/reposMecatronica/Mecatronica-Proyecto/software/ros_ws/install/maya_msgs/share/maya_msgs/cmake/ament_cmake_export_dependencies-extras.cmake
-- Symlinking: /home/vidi/reposMecatronica/Mecatronica-Proyecto/software/ros_ws/install/maya_msgs/share/maya_msgs/cmake/rosidl_cmake_export_typesupport_libraries-extras.cmake
-- Symlinking: /home/vidi/reposMecatronica/Mecatronica-Proyecto/software/ros_ws/install/maya_msgs/share/maya_msgs/cmake/maya_msgsConfig.cmake
-- Symlinking: /home/vidi/reposMecatronica/Mecatronica-Proyecto/software/ros_ws/install/maya_msgs/share/maya_msgs/cmake/maya_msgsConfig-version.cmake
-- Symlinking: /home/vidi/reposMecatronica/Mecatronica-Proyecto/software/ros_ws/install/maya_msgs/share/maya_msgs/package.xml
-- Installing: /home/vidi/reposMecatronica/Mecatronica-Proyecto/software/ros_ws/install/maya_msgs/lib/libmaya_msgs__rosidl_generator_c.so
-- Set runtime path of "/home/vidi/reposMecatronica/Mecatronica-Proyecto/software/ros_ws/install/maya_msgs/lib/libmaya_msgs__rosidl_generator_c.so" to ""
-- Installing: /home/vidi/reposMecatronica/Mecatronica-Proyecto/software/ros_ws/install/maya_msgs/lib/libmaya_msgs__rosidl_typesupport_fastrtps_c.so
-- Set runtime path of "/home/vidi/reposMecatronica/Mecatronica-Proyecto/software/ros_ws/install/maya_msgs/lib/libmaya_msgs__rosidl_typesupport_fastrtps_c.so" to ""
-- Installing: /home/vidi/reposMecatronica/Mecatronica-Proyecto/software/ros_ws/install/maya_msgs/lib/libmaya_msgs__rosidl_typesupport_introspection_c.so
-- Set runtime path of "/home/vidi/reposMecatronica/Mecatronica-Proyecto/software/ros_ws/install/maya_msgs/lib/libmaya_msgs__rosidl_typesupport_introspection_c.so" to ""
-- Installing: /home/vidi/reposMecatronica/Mecatronica-Proyecto/software/ros_ws/install/maya_msgs/lib/libmaya_msgs__rosidl_typesupport_c.so
-- Set runtime path of "/home/vidi/reposMecatronica/Mecatronica-Proyecto/software/ros_ws/install/maya_msgs/lib/libmaya_msgs__rosidl_typesupport_c.so" to ""
-- Installing: /home/vidi/reposMecatronica/Mecatronica-Proyecto/software/ros_ws/install/maya_msgs/lib/libmaya_msgs__rosidl_typesupport_fastrtps_cpp.so
-- Set runtime path of "/home/vidi/reposMecatronica/Mecatronica-Proyecto/software/ros_ws/install/maya_msgs/lib/libmaya_msgs__rosidl_typesupport_fastrtps_cpp.so" to ""
-- Installing: /home/vidi/reposMecatronica/Mecatronica-Proyecto/software/ros_ws/install/maya_msgs/lib/libmaya_msgs__rosidl_typesupport_introspection_cpp.so
-- Set runtime path of "/home/vidi/reposMecatronica/Mecatronica-Proyecto/software/ros_ws/install/maya_msgs/lib/libmaya_msgs__rosidl_typesupport_introspection_cpp.so" to ""
-- Installing: /home/vidi/reposMecatronica/Mecatronica-Proyecto/software/ros_ws/install/maya_msgs/lib/libmaya_msgs__rosidl_typesupport_cpp.so
-- Set runtime path of "/home/vidi/reposMecatronica/Mecatronica-Proyecto/software/ros_ws/install/maya_msgs/lib/libmaya_msgs__rosidl_typesupport_cpp.so" to ""
Listing '/home/vidi/reposMecatronica/Mecatronica-Proyecto/software/ros_ws/install/maya_msgs/local/lib/python3.10/dist-packages/maya_msgs'...
Compiling '/home/vidi/reposMecatronica/Mecatronica-Proyecto/software/ros_ws/install/maya_msgs/local/lib/python3.10/dist-packages/maya_msgs/__init__.py'...
Listing '/home/vidi/reposMecatronica/Mecatronica-Proyecto/software/ros_ws/install/maya_msgs/local/lib/python3.10/dist-packages/maya_msgs/msg'...
Compiling '/home/vidi/reposMecatronica/Mecatronica-Proyecto/software/ros_ws/install/maya_msgs/local/lib/python3.10/dist-packages/maya_msgs/msg/__init__.py'...
Compiling '/home/vidi/reposMecatronica/Mecatronica-Proyecto/software/ros_ws/install/maya_msgs/local/lib/python3.10/dist-packages/maya_msgs/msg/_control.py'...
Compiling '/home/vidi/reposMecatronica/Mecatronica-Proyecto/software/ros_ws/install/maya_msgs/local/lib/python3.10/dist-packages/maya_msgs/msg/_sound.py'...
-- Installing: /home/vidi/reposMecatronica/Mecatronica-Proyecto/software/ros_ws/install/maya_msgs/lib/libmaya_msgs__rosidl_generator_py.so
-- Set runtime path of "/home/vidi/reposMecatronica/Mecatronica-Proyecto/software/ros_ws/install/maya_msgs/lib/libmaya_msgs__rosidl_generator_py.so" to ""
-- Installing: /home/vidi/reposMecatronica/Mecatronica-Proyecto/software/ros_ws/install/maya_msgs/share/maya_msgs/cmake/export_maya_msgs__rosidl_generator_cExport.cmake
-- Installing: /home/vidi/reposMecatronica/Mecatronica-Proyecto/software/ros_ws/install/maya_msgs/share/maya_msgs/cmake/export_maya_msgs__rosidl_generator_cExport-noconfig.cmake
-- Installing: /home/vidi/reposMecatronica/Mecatronica-Proyecto/software/ros_ws/install/maya_msgs/share/maya_msgs/cmake/export_maya_msgs__rosidl_typesupport_fastrtps_cExport.cmake
-- Installing: /home/vidi/reposMecatronica/Mecatronica-Proyecto/software/ros_ws/install/maya_msgs/share/maya_msgs/cmake/export_maya_msgs__rosidl_typesupport_fastrtps_cExport-noconfig.cmake
-- Installing: /home/vidi/reposMecatronica/Mecatronica-Proyecto/software/ros_ws/install/maya_msgs/share/maya_msgs/cmake/maya_msgs__rosidl_typesupport_introspection_cExport.cmake
-- Installing: /home/vidi/reposMecatronica/Mecatronica-Proyecto/software/ros_ws/install/maya_msgs/share/maya_msgs/cmake/maya_msgs__rosidl_typesupport_introspection_cExport-noconfig.cmake
-- Installing: /home/vidi/reposMecatronica/Mecatronica-Proyecto/software/ros_ws/install/maya_msgs/share/maya_msgs/cmake/maya_msgs__rosidl_typesupport_cExport.cmake
-- Installing: /home/vidi/reposMecatronica/Mecatronica-Proyecto/software/ros_ws/install/maya_msgs/share/maya_msgs/cmake/maya_msgs__rosidl_typesupport_cExport-noconfig.cmake
-- Installing: /home/vidi/reposMecatronica/Mecatronica-Proyecto/software/ros_ws/install/maya_msgs/share/maya_msgs/cmake/export_maya_msgs__rosidl_generator_cppExport.cmake
-- Installing: /home/vidi/reposMecatronica/Mecatronica-Proyecto/software/ros_ws/install/maya_msgs/share/maya_msgs/cmake/export_maya_msgs__rosidl_typesupport_fastrtps_cppExport.cmake
-- Installing: /home/vidi/reposMecatronica/Mecatronica-Proyecto/software/ros_ws/install/maya_msgs/share/maya_msgs/cmake/export_maya_msgs__rosidl_typesupport_fastrtps_cppExport-noconfig.cmake
-- Installing: /home/vidi/reposMecatronica/Mecatronica-Proyecto/software/ros_ws/install/maya_msgs/share/maya_msgs/cmake/maya_msgs__rosidl_typesupport_introspection_cppExport.cmake
-- Installing: /home/vidi/reposMecatronica/Mecatronica-Proyecto/software/ros_ws/install/maya_msgs/share/maya_msgs/cmake/maya_msgs__rosidl_typesupport_introspection_cppExport-noconfig.cmake
-- Installing: /home/vidi/reposMecatronica/Mecatronica-Proyecto/software/ros_ws/install/maya_msgs/share/maya_msgs/cmake/maya_msgs__rosidl_typesupport_cppExport.cmake
-- Installing: /home/vidi/reposMecatronica/Mecatronica-Proyecto/software/ros_ws/install/maya_msgs/share/maya_msgs/cmake/maya_msgs__rosidl_typesupport_cppExport-noconfig.cmake
-- Installing: /home/vidi/reposMecatronica/Mecatronica-Proyecto/software/ros_ws/install/maya_msgs/share/maya_msgs/cmake/export_maya_msgs__rosidl_generator_pyExport.cmake
-- Installing: /home/vidi/reposMecatronica/Mecatronica-Proyecto/software/ros_ws/install/maya_msgs/share/maya_msgs/cmake/export_maya_msgs__rosidl_generator_pyExport-noconfig.cmake
