[0.418s] DEBUG:colcon:Command line arguments: ['/usr/bin/colcon', 'build', '--symlink-install']
[0.418s] DEBUG:colcon:Parsed command line arguments: Namespace(log_base=None, log_level=None, verb_name='build', build_base='build', install_base='install', merge_install=False, symlink_install=True, test_result_base=None, continue_on_error=False, executor='parallel', parallel_workers=12, event_handlers=None, ignore_user_meta=False, metas=['./colcon.meta'], base_paths=['.'], packages_ignore=None, packages_ignore_regex=None, paths=None, packages_up_to=None, packages_up_to_regex=None, packages_above=None, packages_above_and_dependencies=None, packages_above_depth=None, packages_select_by_dep=None, packages_skip_by_dep=None, packages_skip_up_to=None, packages_select_build_failed=False, packages_skip_build_finished=False, packages_select_test_failures=False, packages_skip_test_passed=False, packages_select=None, packages_skip=None, packages_select_regex=None, packages_skip_regex=None, packages_start=None, packages_end=None, allow_overriding=[], cmake_args=None, cmake_target=None, cmake_target_skip_unavailable=False, cmake_clean_cache=False, cmake_clean_first=False, cmake_force_configure=False, ament_cmake_args=None, catkin_cmake_args=None, catkin_skip_building_tests=False, verb_parser=<colcon_defaults.argument_parser.defaults.DefaultArgumentsDecorator object at 0x7fd80d96d1e0>, verb_extension=<colcon_core.verb.build.BuildVerb object at 0x7fd80e2ab910>, main=<bound method BuildVerb.main of <colcon_core.verb.build.BuildVerb object at 0x7fd80e2ab910>>)
[0.481s] Level 1:colcon.colcon_core.package_discovery:discover_packages(colcon_meta) check parameters
[0.481s] Level 1:colcon.colcon_core.package_discovery:discover_packages(recursive) check parameters
[0.481s] Level 1:colcon.colcon_core.package_discovery:discover_packages(ignore) check parameters
[0.481s] Level 1:colcon.colcon_core.package_discovery:discover_packages(path) check parameters
[0.481s] Level 1:colcon.colcon_core.package_discovery:discover_packages(colcon_meta) discover
[0.481s] Level 1:colcon.colcon_core.package_discovery:discover_packages(recursive) discover
[0.481s] INFO:colcon.colcon_core.package_discovery:Crawling recursively for packages in '/home/vidi/reposMecatronica/Mecatronica-Proyecto/software/maya'
[0.481s] Level 1:colcon.colcon_core.package_identification:_identify(.) by extensions ['ignore', 'ignore_ament_install']
[0.481s] Level 1:colcon.colcon_core.package_identification:_identify(.) by extension 'ignore'
[0.482s] Level 1:colcon.colcon_core.package_identification:_identify(.) by extension 'ignore_ament_install'
[0.482s] Level 1:colcon.colcon_core.package_identification:_identify(.) by extensions ['colcon_pkg']
[0.482s] Level 1:colcon.colcon_core.package_identification:_identify(.) by extension 'colcon_pkg'
[0.482s] Level 1:colcon.colcon_core.package_identification:_identify(.) by extensions ['colcon_meta']
[0.482s] Level 1:colcon.colcon_core.package_identification:_identify(.) by extension 'colcon_meta'
[0.482s] Level 1:colcon.colcon_core.package_identification:_identify(.) by extensions ['ros']
[0.482s] Level 1:colcon.colcon_core.package_identification:_identify(.) by extension 'ros'
[0.500s] DEBUG:colcon.colcon_core.package_identification:Package '.' with type 'ros.ament_python' and name 'maya'
[0.500s] Level 1:colcon.colcon_core.package_discovery:discover_packages(recursive) using defaults
[0.500s] Level 1:colcon.colcon_core.package_discovery:discover_packages(ignore) discover
[0.500s] Level 1:colcon.colcon_core.package_discovery:discover_packages(ignore) using defaults
[0.500s] Level 1:colcon.colcon_core.package_discovery:discover_packages(path) discover
[0.500s] Level 1:colcon.colcon_core.package_discovery:discover_packages(path) using defaults
[0.537s] Level 1:colcon.colcon_core.package_discovery:discover_packages(prefix_path) check parameters
[0.537s] Level 1:colcon.colcon_core.package_discovery:discover_packages(prefix_path) discover
[0.539s] WARNING:colcon.colcon_ros.prefix_path.ament:The path '/home/vidi/reposMecatronica/Mecatronica-Proyecto/software/maya/install/maya' in the environment variable AMENT_PREFIX_PATH doesn't exist
[0.541s] DEBUG:colcon.colcon_installed_package_information.package_discovery:Found 0 installed packages in /home/vidi/reposMecatronica/Mecatronica-Proyecto/software/maya/install
[0.542s] DEBUG:colcon.colcon_installed_package_information.package_discovery:Found 1 installed packages in /home/vidi/tfg/move_test/install
[0.543s] DEBUG:colcon.colcon_installed_package_information.package_discovery:Found 3 installed packages in /home/vidi/tfg/car_demo/install
[0.544s] DEBUG:colcon.colcon_installed_package_information.package_discovery:Found 1 installed packages in /home/vidi/tfg/car_sim2/install
[0.545s] DEBUG:colcon.colcon_installed_package_information.package_discovery:Found 9 installed packages in /home/vidi/tfg/ROS2-Ultimate-learners-Repository/install
[0.547s] DEBUG:colcon.colcon_installed_package_information.package_discovery:Found 279 installed packages in /opt/ros/humble
[0.549s] Level 1:colcon.colcon_core.package_discovery:discover_packages(prefix_path) using defaults
[0.625s] Level 5:colcon.colcon_core.verb:set package 'maya' build argument 'cmake_args' from command line to 'None'
[0.625s] Level 5:colcon.colcon_core.verb:set package 'maya' build argument 'cmake_target' from command line to 'None'
[0.625s] Level 5:colcon.colcon_core.verb:set package 'maya' build argument 'cmake_target_skip_unavailable' from command line to 'False'
[0.625s] Level 5:colcon.colcon_core.verb:set package 'maya' build argument 'cmake_clean_cache' from command line to 'False'
[0.625s] Level 5:colcon.colcon_core.verb:set package 'maya' build argument 'cmake_clean_first' from command line to 'False'
[0.625s] Level 5:colcon.colcon_core.verb:set package 'maya' build argument 'cmake_force_configure' from command line to 'False'
[0.625s] Level 5:colcon.colcon_core.verb:set package 'maya' build argument 'ament_cmake_args' from command line to 'None'
[0.625s] Level 5:colcon.colcon_core.verb:set package 'maya' build argument 'catkin_cmake_args' from command line to 'None'
[0.625s] Level 5:colcon.colcon_core.verb:set package 'maya' build argument 'catkin_skip_building_tests' from command line to 'False'
[0.625s] DEBUG:colcon.colcon_core.verb:Building package 'maya' with the following arguments: {'ament_cmake_args': None, 'build_base': '/home/vidi/reposMecatronica/Mecatronica-Proyecto/software/maya/build/maya', 'catkin_cmake_args': None, 'catkin_skip_building_tests': False, 'cmake_args': None, 'cmake_clean_cache': False, 'cmake_clean_first': False, 'cmake_force_configure': False, 'cmake_target': None, 'cmake_target_skip_unavailable': False, 'install_base': '/home/vidi/reposMecatronica/Mecatronica-Proyecto/software/maya/install/maya', 'merge_install': False, 'path': '/home/vidi/reposMecatronica/Mecatronica-Proyecto/software/maya', 'symlink_install': True, 'test_result_base': None}
[0.626s] INFO:colcon.colcon_core.executor:Executing jobs using 'parallel' executor
[0.632s] DEBUG:colcon.colcon_parallel_executor.executor.parallel:run_until_complete
[0.632s] INFO:colcon.colcon_ros.task.ament_python.build:Building ROS package in '/home/vidi/reposMecatronica/Mecatronica-Proyecto/software/maya' with build type 'ament_python'
[0.633s] Level 1:colcon.colcon_core.shell:create_environment_hook('maya', 'ament_prefix_path')
[0.639s] INFO:colcon.colcon_core.plugin_system:Skipping extension 'colcon_core.shell.bat': Not used on non-Windows systems
[0.639s] INFO:colcon.colcon_core.shell:Creating environment hook '/home/vidi/reposMecatronica/Mecatronica-Proyecto/software/maya/install/maya/share/maya/hook/ament_prefix_path.ps1'
[0.640s] INFO:colcon.colcon_core.shell:Creating environment descriptor '/home/vidi/reposMecatronica/Mecatronica-Proyecto/software/maya/install/maya/share/maya/hook/ament_prefix_path.dsv'
[0.640s] INFO:colcon.colcon_core.shell:Creating environment hook '/home/vidi/reposMecatronica/Mecatronica-Proyecto/software/maya/install/maya/share/maya/hook/ament_prefix_path.sh'
[0.643s] INFO:colcon.colcon_core.shell:Skip shell extension 'powershell' for command environment: Not usable outside of PowerShell
[0.643s] DEBUG:colcon.colcon_core.shell:Skip shell extension 'dsv' for command environment
[1.059s] INFO:colcon.colcon_core.task.python.build:Building Python package in '/home/vidi/reposMecatronica/Mecatronica-Proyecto/software/maya'
[1.062s] INFO:colcon.colcon_core.shell:Skip shell extension 'powershell' for command environment: Not usable outside of PowerShell
[1.062s] DEBUG:colcon.colcon_core.shell:Skip shell extension 'dsv' for command environment
[1.594s] DEBUG:colcon.colcon_core.event_handler.log_command:Invoking command in '/home/vidi/reposMecatronica/Mecatronica-Proyecto/software/maya/build/maya': PYTHONPATH=/home/vidi/reposMecatronica/Mecatronica-Proyecto/software/maya/install/maya/lib/python3.10/site-packages:${PYTHONPATH} /usr/bin/python3 setup.py develop --prefix /home/vidi/reposMecatronica/Mecatronica-Proyecto/software/maya/install/maya --editable --build-directory /home/vidi/reposMecatronica/Mecatronica-Proyecto/software/maya/build/maya/build --no-deps install_data --install-dir /home/vidi/reposMecatronica/Mecatronica-Proyecto/software/maya/install/maya
[2.213s] Level 1:colcon.colcon_core.shell:create_environment_hook('maya', 'pythonpath_develop')
[2.216s] INFO:colcon.colcon_core.shell:Creating environment hook '/home/vidi/reposMecatronica/Mecatronica-Proyecto/software/maya/build/maya/share/maya/hook/pythonpath_develop.ps1'
[2.217s] DEBUG:colcon.colcon_core.event_handler.log_command:Invoked command in '/home/vidi/reposMecatronica/Mecatronica-Proyecto/software/maya/build/maya' returned '0': PYTHONPATH=/home/vidi/reposMecatronica/Mecatronica-Proyecto/software/maya/install/maya/lib/python3.10/site-packages:${PYTHONPATH} /usr/bin/python3 setup.py develop --prefix /home/vidi/reposMecatronica/Mecatronica-Proyecto/software/maya/install/maya --editable --build-directory /home/vidi/reposMecatronica/Mecatronica-Proyecto/software/maya/build/maya/build --no-deps install_data --install-dir /home/vidi/reposMecatronica/Mecatronica-Proyecto/software/maya/install/maya
[2.217s] INFO:colcon.colcon_core.shell:Creating environment descriptor '/home/vidi/reposMecatronica/Mecatronica-Proyecto/software/maya/build/maya/share/maya/hook/pythonpath_develop.dsv'
[2.218s] INFO:colcon.colcon_core.shell:Creating environment hook '/home/vidi/reposMecatronica/Mecatronica-Proyecto/software/maya/build/maya/share/maya/hook/pythonpath_develop.sh'
[2.233s] Level 1:colcon.colcon_core.environment:checking '/home/vidi/reposMecatronica/Mecatronica-Proyecto/software/maya/install/maya' for CMake module files
[2.234s] Level 1:colcon.colcon_core.environment:checking '/home/vidi/reposMecatronica/Mecatronica-Proyecto/software/maya/install/maya' for CMake config files
[2.236s] Level 1:colcon.colcon_core.environment:checking '/home/vidi/reposMecatronica/Mecatronica-Proyecto/software/maya/install/maya/lib'
[2.236s] Level 1:colcon.colcon_core.environment:checking '/home/vidi/reposMecatronica/Mecatronica-Proyecto/software/maya/install/maya/bin'
[2.236s] Level 1:colcon.colcon_core.environment:checking '/home/vidi/reposMecatronica/Mecatronica-Proyecto/software/maya/install/maya/lib/pkgconfig/maya.pc'
[2.237s] Level 1:colcon.colcon_core.environment:checking '/home/vidi/reposMecatronica/Mecatronica-Proyecto/software/maya/install/maya/lib/python3.10/site-packages'
[2.237s] Level 1:colcon.colcon_core.shell:create_environment_hook('maya', 'pythonpath')
[2.241s] INFO:colcon.colcon_core.shell:Creating environment hook '/home/vidi/reposMecatronica/Mecatronica-Proyecto/software/maya/install/maya/share/maya/hook/pythonpath.ps1'
[2.241s] INFO:colcon.colcon_core.shell:Creating environment descriptor '/home/vidi/reposMecatronica/Mecatronica-Proyecto/software/maya/install/maya/share/maya/hook/pythonpath.dsv'
[2.242s] INFO:colcon.colcon_core.shell:Creating environment hook '/home/vidi/reposMecatronica/Mecatronica-Proyecto/software/maya/install/maya/share/maya/hook/pythonpath.sh'
[2.243s] Level 1:colcon.colcon_core.environment:checking '/home/vidi/reposMecatronica/Mecatronica-Proyecto/software/maya/install/maya/bin'
[2.243s] Level 1:colcon.colcon_core.environment:create_environment_scripts_only(maya)
[2.246s] INFO:colcon.colcon_core.shell:Creating package script '/home/vidi/reposMecatronica/Mecatronica-Proyecto/software/maya/install/maya/share/maya/package.ps1'
[2.248s] INFO:colcon.colcon_core.shell:Creating package descriptor '/home/vidi/reposMecatronica/Mecatronica-Proyecto/software/maya/install/maya/share/maya/package.dsv'
[2.249s] INFO:colcon.colcon_core.shell:Creating package script '/home/vidi/reposMecatronica/Mecatronica-Proyecto/software/maya/install/maya/share/maya/package.sh'
[2.250s] INFO:colcon.colcon_core.shell:Creating package script '/home/vidi/reposMecatronica/Mecatronica-Proyecto/software/maya/install/maya/share/maya/package.bash'
[2.252s] INFO:colcon.colcon_core.shell:Creating package script '/home/vidi/reposMecatronica/Mecatronica-Proyecto/software/maya/install/maya/share/maya/package.zsh'
[2.253s] Level 1:colcon.colcon_core.environment:create_file_with_runtime_dependencies(/home/vidi/reposMecatronica/Mecatronica-Proyecto/software/maya/install/maya/share/colcon-core/packages/maya)
[2.253s] DEBUG:colcon.colcon_parallel_executor.executor.parallel:closing loop
[2.254s] DEBUG:colcon.colcon_parallel_executor.executor.parallel:loop closed
[2.254s] DEBUG:colcon.colcon_parallel_executor.executor.parallel:run_until_complete finished with '0'
[2.254s] DEBUG:colcon.colcon_core.event_reactor:joining thread
[2.267s] INFO:colcon.colcon_core.plugin_system:Skipping extension 'colcon_notification.desktop_notification.terminal_notifier': Not used on non-Darwin systems
[2.267s] INFO:colcon.colcon_core.plugin_system:Skipping extension 'colcon_notification.desktop_notification.win32': Not used on non-Windows systems
[2.267s] INFO:colcon.colcon_notification.desktop_notification:Sending desktop notification using 'notify2'
[2.291s] DEBUG:colcon.colcon_core.event_reactor:joined thread
[2.294s] INFO:colcon.colcon_core.shell:Creating prefix script '/home/vidi/reposMecatronica/Mecatronica-Proyecto/software/maya/install/local_setup.ps1'
[2.296s] INFO:colcon.colcon_core.shell:Creating prefix util module '/home/vidi/reposMecatronica/Mecatronica-Proyecto/software/maya/install/_local_setup_util_ps1.py'
[2.299s] INFO:colcon.colcon_core.shell:Creating prefix chain script '/home/vidi/reposMecatronica/Mecatronica-Proyecto/software/maya/install/setup.ps1'
[2.304s] INFO:colcon.colcon_core.shell:Creating prefix script '/home/vidi/reposMecatronica/Mecatronica-Proyecto/software/maya/install/local_setup.sh'
[2.306s] INFO:colcon.colcon_core.shell:Creating prefix util module '/home/vidi/reposMecatronica/Mecatronica-Proyecto/software/maya/install/_local_setup_util_sh.py'
[2.307s] INFO:colcon.colcon_core.shell:Creating prefix chain script '/home/vidi/reposMecatronica/Mecatronica-Proyecto/software/maya/install/setup.sh'
[2.313s] INFO:colcon.colcon_core.shell:Creating prefix script '/home/vidi/reposMecatronica/Mecatronica-Proyecto/software/maya/install/local_setup.bash'
[2.314s] INFO:colcon.colcon_core.shell:Creating prefix chain script '/home/vidi/reposMecatronica/Mecatronica-Proyecto/software/maya/install/setup.bash'
[2.320s] INFO:colcon.colcon_core.shell:Creating prefix script '/home/vidi/reposMecatronica/Mecatronica-Proyecto/software/maya/install/local_setup.zsh'
[2.321s] INFO:colcon.colcon_core.shell:Creating prefix chain script '/home/vidi/reposMecatronica/Mecatronica-Proyecto/software/maya/install/setup.zsh'
