running egg_info
creating ../../build/maya_pkg/maya_pkg.egg-info
writing ../../build/maya_pkg/maya_pkg.egg-info/PKG-INFO
writing dependency_links to ../../build/maya_pkg/maya_pkg.egg-info/dependency_links.txt
writing entry points to ../../build/maya_pkg/maya_pkg.egg-info/entry_points.txt
writing requirements to ../../build/maya_pkg/maya_pkg.egg-info/requires.txt
writing top-level names to ../../build/maya_pkg/maya_pkg.egg-info/top_level.txt
writing manifest file '../../build/maya_pkg/maya_pkg.egg-info/SOURCES.txt'
reading manifest file '../../build/maya_pkg/maya_pkg.egg-info/SOURCES.txt'
writing manifest file '../../build/maya_pkg/maya_pkg.egg-info/SOURCES.txt'
running build
running build_py
creating /home/patricia/Escritorio/Mecatronica-Proyecto/software/ros_ws/build/maya_pkg/build
creating /home/patricia/Escritorio/Mecatronica-Proyecto/software/ros_ws/build/maya_pkg/build/lib
creating /home/patricia/Escritorio/Mecatronica-Proyecto/software/ros_ws/build/maya_pkg/build/lib/maya_pkg
copying maya_pkg/mayaDriver.py -> /home/patricia/Escritorio/Mecatronica-Proyecto/software/ros_ws/build/maya_pkg/build/lib/maya_pkg
copying maya_pkg/__init__.py -> /home/patricia/Escritorio/Mecatronica-Proyecto/software/ros_ws/build/maya_pkg/build/lib/maya_pkg
running install
running install_lib
creating /home/patricia/Escritorio/Mecatronica-Proyecto/software/ros_ws/install/maya_pkg/lib/python3.10/site-packages/maya_pkg
copying /home/patricia/Escritorio/Mecatronica-Proyecto/software/ros_ws/build/maya_pkg/build/lib/maya_pkg/mayaDriver.py -> /home/patricia/Escritorio/Mecatronica-Proyecto/software/ros_ws/install/maya_pkg/lib/python3.10/site-packages/maya_pkg
copying /home/patricia/Escritorio/Mecatronica-Proyecto/software/ros_ws/build/maya_pkg/build/lib/maya_pkg/__init__.py -> /home/patricia/Escritorio/Mecatronica-Proyecto/software/ros_ws/install/maya_pkg/lib/python3.10/site-packages/maya_pkg
byte-compiling /home/patricia/Escritorio/Mecatronica-Proyecto/software/ros_ws/install/maya_pkg/lib/python3.10/site-packages/maya_pkg/mayaDriver.py to mayaDriver.cpython-310.pyc
byte-compiling /home/patricia/Escritorio/Mecatronica-Proyecto/software/ros_ws/install/maya_pkg/lib/python3.10/site-packages/maya_pkg/__init__.py to __init__.cpython-310.pyc
running install_data
creating /home/patricia/Escritorio/Mecatronica-Proyecto/software/ros_ws/install/maya_pkg/share/ament_index
creating /home/patricia/Escritorio/Mecatronica-Proyecto/software/ros_ws/install/maya_pkg/share/ament_index/resource_index
creating /home/patricia/Escritorio/Mecatronica-Proyecto/software/ros_ws/install/maya_pkg/share/ament_index/resource_index/packages
copying resource/maya_pkg -> /home/patricia/Escritorio/Mecatronica-Proyecto/software/ros_ws/install/maya_pkg/share/ament_index/resource_index/packages
copying package.xml -> /home/patricia/Escritorio/Mecatronica-Proyecto/software/ros_ws/install/maya_pkg/share/maya_pkg
running install_egg_info
Copying ../../build/maya_pkg/maya_pkg.egg-info to /home/patricia/Escritorio/Mecatronica-Proyecto/software/ros_ws/install/maya_pkg/lib/python3.10/site-packages/maya_pkg-0.0.0-py3.10.egg-info
running install_scripts
Installing mayaDriver script to /home/patricia/Escritorio/Mecatronica-Proyecto/software/ros_ws/install/maya_pkg/lib/maya_pkg
writing list of installed files to '/home/patricia/Escritorio/Mecatronica-Proyecto/software/ros_ws/build/maya_pkg/install.log'
