[0.421s] DEBUG:colcon:Command line arguments: ['/usr/bin/colcon', 'build', '--symlink-install']
[0.422s] DEBUG:colcon:Parsed command line arguments: Namespace(log_base=None, log_level=None, verb_name='build', build_base='build', install_base='install', merge_install=False, symlink_install=True, test_result_base=None, continue_on_error=False, executor='parallel', parallel_workers=12, event_handlers=None, ignore_user_meta=False, metas=['./colcon.meta'], base_paths=['.'], packages_ignore=None, packages_ignore_regex=None, paths=None, packages_up_to=None, packages_up_to_regex=None, packages_above=None, packages_above_and_dependencies=None, packages_above_depth=None, packages_select_by_dep=None, packages_skip_by_dep=None, packages_skip_up_to=None, packages_select_build_failed=False, packages_skip_build_finished=False, packages_select_test_failures=False, packages_skip_test_passed=False, packages_select=None, packages_skip=None, packages_select_regex=None, packages_skip_regex=None, packages_start=None, packages_end=None, allow_overriding=[], cmake_args=None, cmake_target=None, cmake_target_skip_unavailable=False, cmake_clean_cache=False, cmake_clean_first=False, cmake_force_configure=False, ament_cmake_args=None, catkin_cmake_args=None, catkin_skip_building_tests=False, verb_parser=<colcon_defaults.argument_parser.defaults.DefaultArgumentsDecorator object at 0x7fd6a1d594e0>, verb_extension=<colcon_core.verb.build.BuildVerb object at 0x7fd6a268f2b0>, main=<bound method BuildVerb.main of <colcon_core.verb.build.BuildVerb object at 0x7fd6a268f2b0>>)
[0.477s] Level 1:colcon.colcon_core.package_discovery:discover_packages(colcon_meta) check parameters
[0.477s] Level 1:colcon.colcon_core.package_discovery:discover_packages(recursive) check parameters
[0.477s] Level 1:colcon.colcon_core.package_discovery:discover_packages(ignore) check parameters
[0.477s] Level 1:colcon.colcon_core.package_discovery:discover_packages(path) check parameters
[0.477s] Level 1:colcon.colcon_core.package_discovery:discover_packages(colcon_meta) discover
[0.477s] Level 1:colcon.colcon_core.package_discovery:discover_packages(recursive) discover
[0.477s] INFO:colcon.colcon_core.package_discovery:Crawling recursively for packages in '/home/vidi/reposMecatronica/Mecatronica-Proyecto/software/ros_ws'
[0.477s] Level 1:colcon.colcon_core.package_identification:_identify(.) by extensions ['ignore', 'ignore_ament_install']
[0.478s] Level 1:colcon.colcon_core.package_identification:_identify(.) by extension 'ignore'
[0.478s] Level 1:colcon.colcon_core.package_identification:_identify(.) by extension 'ignore_ament_install'
[0.478s] Level 1:colcon.colcon_core.package_identification:_identify(.) by extensions ['colcon_pkg']
[0.478s] Level 1:colcon.colcon_core.package_identification:_identify(.) by extension 'colcon_pkg'
[0.478s] Level 1:colcon.colcon_core.package_identification:_identify(.) by extensions ['colcon_meta']
[0.478s] Level 1:colcon.colcon_core.package_identification:_identify(.) by extension 'colcon_meta'
[0.478s] Level 1:colcon.colcon_core.package_identification:_identify(.) by extensions ['ros']
[0.478s] Level 1:colcon.colcon_core.package_identification:_identify(.) by extension 'ros'
[0.493s] Level 1:colcon.colcon_core.package_identification:_identify(.) by extensions ['cmake', 'python']
[0.493s] Level 1:colcon.colcon_core.package_identification:_identify(.) by extension 'cmake'
[0.493s] Level 1:colcon.colcon_core.package_identification:_identify(.) by extension 'python'
[0.493s] Level 1:colcon.colcon_core.package_identification:_identify(.) by extensions ['python_setup_py']
[0.493s] Level 1:colcon.colcon_core.package_identification:_identify(.) by extension 'python_setup_py'
[0.493s] Level 1:colcon.colcon_core.package_identification:_identify(build) by extensions ['ignore', 'ignore_ament_install']
[0.493s] Level 1:colcon.colcon_core.package_identification:_identify(build) by extension 'ignore'
[0.493s] Level 1:colcon.colcon_core.package_identification:_identify(build) ignored
[0.494s] Level 1:colcon.colcon_core.package_identification:_identify(install) by extensions ['ignore', 'ignore_ament_install']
[0.494s] Level 1:colcon.colcon_core.package_identification:_identify(install) by extension 'ignore'
[0.494s] Level 1:colcon.colcon_core.package_identification:_identify(install) ignored
[0.494s] Level 1:colcon.colcon_core.package_identification:_identify(log) by extensions ['ignore', 'ignore_ament_install']
[0.494s] Level 1:colcon.colcon_core.package_identification:_identify(log) by extension 'ignore'
[0.494s] Level 1:colcon.colcon_core.package_identification:_identify(log) ignored
[0.494s] Level 1:colcon.colcon_core.package_identification:_identify(src) by extensions ['ignore', 'ignore_ament_install']
[0.494s] Level 1:colcon.colcon_core.package_identification:_identify(src) by extension 'ignore'
[0.494s] Level 1:colcon.colcon_core.package_identification:_identify(src) by extension 'ignore_ament_install'
[0.494s] Level 1:colcon.colcon_core.package_identification:_identify(src) by extensions ['colcon_pkg']
[0.494s] Level 1:colcon.colcon_core.package_identification:_identify(src) by extension 'colcon_pkg'
[0.495s] Level 1:colcon.colcon_core.package_identification:_identify(src) by extensions ['colcon_meta']
[0.495s] Level 1:colcon.colcon_core.package_identification:_identify(src) by extension 'colcon_meta'
[0.495s] Level 1:colcon.colcon_core.package_identification:_identify(src) by extensions ['ros']
[0.495s] Level 1:colcon.colcon_core.package_identification:_identify(src) by extension 'ros'
[0.495s] Level 1:colcon.colcon_core.package_identification:_identify(src) by extensions ['cmake', 'python']
[0.495s] Level 1:colcon.colcon_core.package_identification:_identify(src) by extension 'cmake'
[0.495s] Level 1:colcon.colcon_core.package_identification:_identify(src) by extension 'python'
[0.495s] Level 1:colcon.colcon_core.package_identification:_identify(src) by extensions ['python_setup_py']
[0.495s] Level 1:colcon.colcon_core.package_identification:_identify(src) by extension 'python_setup_py'
[0.495s] Level 1:colcon.colcon_core.package_identification:_identify(src/maya_msgs) by extensions ['ignore', 'ignore_ament_install']
[0.495s] Level 1:colcon.colcon_core.package_identification:_identify(src/maya_msgs) by extension 'ignore'
[0.495s] Level 1:colcon.colcon_core.package_identification:_identify(src/maya_msgs) by extension 'ignore_ament_install'
[0.495s] Level 1:colcon.colcon_core.package_identification:_identify(src/maya_msgs) by extensions ['colcon_pkg']
[0.495s] Level 1:colcon.colcon_core.package_identification:_identify(src/maya_msgs) by extension 'colcon_pkg'
[0.495s] Level 1:colcon.colcon_core.package_identification:_identify(src/maya_msgs) by extensions ['colcon_meta']
[0.495s] Level 1:colcon.colcon_core.package_identification:_identify(src/maya_msgs) by extension 'colcon_meta'
[0.495s] Level 1:colcon.colcon_core.package_identification:_identify(src/maya_msgs) by extensions ['ros']
[0.496s] Level 1:colcon.colcon_core.package_identification:_identify(src/maya_msgs) by extension 'ros'
[0.499s] DEBUG:colcon.colcon_core.package_identification:Package 'src/maya_msgs' with type 'ros.ament_cmake' and name 'maya_msgs'
[0.499s] Level 1:colcon.colcon_core.package_identification:_identify(src/maya_pkg) by extensions ['ignore', 'ignore_ament_install']
[0.499s] Level 1:colcon.colcon_core.package_identification:_identify(src/maya_pkg) by extension 'ignore'
[0.499s] Level 1:colcon.colcon_core.package_identification:_identify(src/maya_pkg) by extension 'ignore_ament_install'
[0.499s] Level 1:colcon.colcon_core.package_identification:_identify(src/maya_pkg) by extensions ['colcon_pkg']
[0.499s] Level 1:colcon.colcon_core.package_identification:_identify(src/maya_pkg) by extension 'colcon_pkg'
[0.499s] Level 1:colcon.colcon_core.package_identification:_identify(src/maya_pkg) by extensions ['colcon_meta']
[0.499s] Level 1:colcon.colcon_core.package_identification:_identify(src/maya_pkg) by extension 'colcon_meta'
[0.500s] Level 1:colcon.colcon_core.package_identification:_identify(src/maya_pkg) by extensions ['ros']
[0.500s] Level 1:colcon.colcon_core.package_identification:_identify(src/maya_pkg) by extension 'ros'
[0.500s] DEBUG:colcon.colcon_core.package_identification:Package 'src/maya_pkg' with type 'ros.ament_python' and name 'maya_pkg'
[0.500s] Level 1:colcon.colcon_core.package_discovery:discover_packages(recursive) using defaults
[0.500s] Level 1:colcon.colcon_core.package_discovery:discover_packages(ignore) discover
[0.500s] Level 1:colcon.colcon_core.package_discovery:discover_packages(ignore) using defaults
[0.500s] Level 1:colcon.colcon_core.package_discovery:discover_packages(path) discover
[0.500s] Level 1:colcon.colcon_core.package_discovery:discover_packages(path) using defaults
[0.539s] Level 1:colcon.colcon_core.package_discovery:discover_packages(prefix_path) check parameters
[0.539s] Level 1:colcon.colcon_core.package_discovery:discover_packages(prefix_path) discover
[0.542s] WARNING:colcon.colcon_ros.prefix_path.ament:The path '/home/vidi/reposMecatronica/Mecatronica-Proyecto/software/ros_ws/install/maya_pkg' in the environment variable AMENT_PREFIX_PATH doesn't exist
[0.542s] WARNING:colcon.colcon_ros.prefix_path.ament:The path '/home/vidi/reposMecatronica/Mecatronica-Proyecto/software/ros_ws/install/maya_msgs' in the environment variable AMENT_PREFIX_PATH doesn't exist
[0.543s] WARNING:colcon.colcon_ros.prefix_path.catkin:The path '/home/vidi/reposMecatronica/Mecatronica-Proyecto/software/ros_ws/install/maya_msgs' in the environment variable CMAKE_PREFIX_PATH doesn't exist
[0.545s] DEBUG:colcon.colcon_installed_package_information.package_discovery:Found 0 installed packages in /home/vidi/reposMecatronica/Mecatronica-Proyecto/software/ros_ws/install
[0.547s] DEBUG:colcon.colcon_installed_package_information.package_discovery:Found 1 installed packages in /home/vidi/tfg/move_test/install
[0.549s] DEBUG:colcon.colcon_installed_package_information.package_discovery:Found 3 installed packages in /home/vidi/tfg/car_demo/install
[0.551s] DEBUG:colcon.colcon_installed_package_information.package_discovery:Found 1 installed packages in /home/vidi/tfg/car_sim2/install
[0.554s] DEBUG:colcon.colcon_installed_package_information.package_discovery:Found 9 installed packages in /home/vidi/tfg/ROS2-Ultimate-learners-Repository/install
[0.557s] DEBUG:colcon.colcon_installed_package_information.package_discovery:Found 279 installed packages in /opt/ros/humble
[0.560s] Level 1:colcon.colcon_core.package_discovery:discover_packages(prefix_path) using defaults
[0.651s] Level 5:colcon.colcon_core.verb:set package 'maya_msgs' build argument 'cmake_args' from command line to 'None'
[0.651s] Level 5:colcon.colcon_core.verb:set package 'maya_msgs' build argument 'cmake_target' from command line to 'None'
[0.651s] Level 5:colcon.colcon_core.verb:set package 'maya_msgs' build argument 'cmake_target_skip_unavailable' from command line to 'False'
[0.651s] Level 5:colcon.colcon_core.verb:set package 'maya_msgs' build argument 'cmake_clean_cache' from command line to 'False'
[0.651s] Level 5:colcon.colcon_core.verb:set package 'maya_msgs' build argument 'cmake_clean_first' from command line to 'False'
[0.651s] Level 5:colcon.colcon_core.verb:set package 'maya_msgs' build argument 'cmake_force_configure' from command line to 'False'
[0.651s] Level 5:colcon.colcon_core.verb:set package 'maya_msgs' build argument 'ament_cmake_args' from command line to 'None'
[0.651s] Level 5:colcon.colcon_core.verb:set package 'maya_msgs' build argument 'catkin_cmake_args' from command line to 'None'
[0.651s] Level 5:colcon.colcon_core.verb:set package 'maya_msgs' build argument 'catkin_skip_building_tests' from command line to 'False'
[0.651s] DEBUG:colcon.colcon_core.verb:Building package 'maya_msgs' with the following arguments: {'ament_cmake_args': None, 'build_base': '/home/vidi/reposMecatronica/Mecatronica-Proyecto/software/ros_ws/build/maya_msgs', 'catkin_cmake_args': None, 'catkin_skip_building_tests': False, 'cmake_args': None, 'cmake_clean_cache': False, 'cmake_clean_first': False, 'cmake_force_configure': False, 'cmake_target': None, 'cmake_target_skip_unavailable': False, 'install_base': '/home/vidi/reposMecatronica/Mecatronica-Proyecto/software/ros_ws/install/maya_msgs', 'merge_install': False, 'path': '/home/vidi/reposMecatronica/Mecatronica-Proyecto/software/ros_ws/src/maya_msgs', 'symlink_install': True, 'test_result_base': None}
[0.652s] Level 5:colcon.colcon_core.verb:set package 'maya_pkg' build argument 'cmake_args' from command line to 'None'
[0.653s] Level 5:colcon.colcon_core.verb:set package 'maya_pkg' build argument 'cmake_target' from command line to 'None'
[0.653s] Level 5:colcon.colcon_core.verb:set package 'maya_pkg' build argument 'cmake_target_skip_unavailable' from command line to 'False'
[0.653s] Level 5:colcon.colcon_core.verb:set package 'maya_pkg' build argument 'cmake_clean_cache' from command line to 'False'
[0.653s] Level 5:colcon.colcon_core.verb:set package 'maya_pkg' build argument 'cmake_clean_first' from command line to 'False'
[0.653s] Level 5:colcon.colcon_core.verb:set package 'maya_pkg' build argument 'cmake_force_configure' from command line to 'False'
[0.653s] Level 5:colcon.colcon_core.verb:set package 'maya_pkg' build argument 'ament_cmake_args' from command line to 'None'
[0.653s] Level 5:colcon.colcon_core.verb:set package 'maya_pkg' build argument 'catkin_cmake_args' from command line to 'None'
[0.653s] Level 5:colcon.colcon_core.verb:set package 'maya_pkg' build argument 'catkin_skip_building_tests' from command line to 'False'
[0.653s] DEBUG:colcon.colcon_core.verb:Building package 'maya_pkg' with the following arguments: {'ament_cmake_args': None, 'build_base': '/home/vidi/reposMecatronica/Mecatronica-Proyecto/software/ros_ws/build/maya_pkg', 'catkin_cmake_args': None, 'catkin_skip_building_tests': False, 'cmake_args': None, 'cmake_clean_cache': False, 'cmake_clean_first': False, 'cmake_force_configure': False, 'cmake_target': None, 'cmake_target_skip_unavailable': False, 'install_base': '/home/vidi/reposMecatronica/Mecatronica-Proyecto/software/ros_ws/install/maya_pkg', 'merge_install': False, 'path': '/home/vidi/reposMecatronica/Mecatronica-Proyecto/software/ros_ws/src/maya_pkg', 'symlink_install': True, 'test_result_base': None}
[0.654s] INFO:colcon.colcon_core.executor:Executing jobs using 'parallel' executor
[0.659s] DEBUG:colcon.colcon_parallel_executor.executor.parallel:run_until_complete
[0.660s] INFO:colcon.colcon_ros.task.ament_cmake.build:Building ROS package in '/home/vidi/reposMecatronica/Mecatronica-Proyecto/software/ros_ws/src/maya_msgs' with build type 'ament_cmake'
[0.660s] INFO:colcon.colcon_cmake.task.cmake.build:Building CMake package in '/home/vidi/reposMecatronica/Mecatronica-Proyecto/software/ros_ws/src/maya_msgs'
[0.667s] INFO:colcon.colcon_core.plugin_system:Skipping extension 'colcon_core.shell.bat': Not used on non-Windows systems
[0.668s] INFO:colcon.colcon_core.shell:Skip shell extension 'powershell' for command environment: Not usable outside of PowerShell
[0.668s] DEBUG:colcon.colcon_core.shell:Skip shell extension 'dsv' for command environment
[0.681s] INFO:colcon.colcon_ros.task.ament_python.build:Building ROS package in '/home/vidi/reposMecatronica/Mecatronica-Proyecto/software/ros_ws/src/maya_pkg' with build type 'ament_python'
[0.682s] Level 1:colcon.colcon_core.shell:create_environment_hook('maya_pkg', 'ament_prefix_path')
[0.684s] INFO:colcon.colcon_core.shell:Creating environment hook '/home/vidi/reposMecatronica/Mecatronica-Proyecto/software/ros_ws/install/maya_pkg/share/maya_pkg/hook/ament_prefix_path.ps1'
[0.686s] INFO:colcon.colcon_core.shell:Creating environment descriptor '/home/vidi/reposMecatronica/Mecatronica-Proyecto/software/ros_ws/install/maya_pkg/share/maya_pkg/hook/ament_prefix_path.dsv'
[0.686s] INFO:colcon.colcon_core.shell:Creating environment hook '/home/vidi/reposMecatronica/Mecatronica-Proyecto/software/ros_ws/install/maya_pkg/share/maya_pkg/hook/ament_prefix_path.sh'
[0.689s] INFO:colcon.colcon_core.shell:Skip shell extension 'powershell' for command environment: Not usable outside of PowerShell
[0.689s] DEBUG:colcon.colcon_core.shell:Skip shell extension 'dsv' for command environment
[0.714s] DEBUG:colcon.colcon_core.event_handler.log_command:Invoking command in '/home/vidi/reposMecatronica/Mecatronica-Proyecto/software/ros_ws/build/maya_msgs': CMAKE_PREFIX_PATH=${CMAKE_PREFIX_PATH}:/home/vidi/reposMecatronica/Mecatronica-Proyecto/software/ros_ws/install/maya_pkg:/home/vidi/tfg/move_test/install/move_test:/home/vidi/tfg/ROS2-Ultimate-learners-Repository/install/tsc:/home/vidi/tfg/ROS2-Ultimate-learners-Repository/install/tracks_gazebo_worlds:/home/vidi/tfg/ROS2-Ultimate-learners-Repository/install/ros2_and_turtlesim_deep_dive:/home/vidi/tfg/ROS2-Ultimate-learners-Repository/install/prius_sdc:/home/vidi/tfg/ROS2-Ultimate-learners-Repository/install/mr_rehri:/home/vidi/tfg/ROS2-Ultimate-learners-Repository/install/custom_package:/home/vidi/tfg/ROS2-Ultimate-learners-Repository/install/custom_models:/home/vidi/tfg/ROS2-Ultimate-learners-Repository/install/bazu:/opt/ros/humble /usr/bin/cmake /home/vidi/reposMecatronica/Mecatronica-Proyecto/software/ros_ws/src/maya_msgs -DAMENT_CMAKE_SYMLINK_INSTALL=1 -DCMAKE_INSTALL_PREFIX=/home/vidi/reposMecatronica/Mecatronica-Proyecto/software/ros_ws/install/maya_msgs
[1.167s] INFO:colcon.colcon_core.task.python.build:Building Python package in '/home/vidi/reposMecatronica/Mecatronica-Proyecto/software/ros_ws/src/maya_pkg'
[1.169s] INFO:colcon.colcon_core.shell:Skip shell extension 'powershell' for command environment: Not usable outside of PowerShell
[1.170s] DEBUG:colcon.colcon_core.shell:Skip shell extension 'dsv' for command environment
[1.673s] DEBUG:colcon.colcon_core.event_handler.log_command:Invoking command in '/home/vidi/reposMecatronica/Mecatronica-Proyecto/software/ros_ws/build/maya_pkg': PYTHONPATH=/home/vidi/reposMecatronica/Mecatronica-Proyecto/software/ros_ws/install/maya_pkg/lib/python3.10/site-packages:${PYTHONPATH} /usr/bin/python3 setup.py develop --prefix /home/vidi/reposMecatronica/Mecatronica-Proyecto/software/ros_ws/install/maya_pkg --editable --build-directory /home/vidi/reposMecatronica/Mecatronica-Proyecto/software/ros_ws/build/maya_pkg/build --no-deps install_data --install-dir /home/vidi/reposMecatronica/Mecatronica-Proyecto/software/ros_ws/install/maya_pkg
[2.333s] Level 1:colcon.colcon_core.shell:create_environment_hook('maya_pkg', 'pythonpath_develop')
[2.335s] INFO:colcon.colcon_core.shell:Creating environment hook '/home/vidi/reposMecatronica/Mecatronica-Proyecto/software/ros_ws/build/maya_pkg/share/maya_pkg/hook/pythonpath_develop.ps1'
[2.336s] DEBUG:colcon.colcon_core.event_handler.log_command:Invoked command in '/home/vidi/reposMecatronica/Mecatronica-Proyecto/software/ros_ws/build/maya_pkg' returned '0': PYTHONPATH=/home/vidi/reposMecatronica/Mecatronica-Proyecto/software/ros_ws/install/maya_pkg/lib/python3.10/site-packages:${PYTHONPATH} /usr/bin/python3 setup.py develop --prefix /home/vidi/reposMecatronica/Mecatronica-Proyecto/software/ros_ws/install/maya_pkg --editable --build-directory /home/vidi/reposMecatronica/Mecatronica-Proyecto/software/ros_ws/build/maya_pkg/build --no-deps install_data --install-dir /home/vidi/reposMecatronica/Mecatronica-Proyecto/software/ros_ws/install/maya_pkg
[2.336s] INFO:colcon.colcon_core.shell:Creating environment descriptor '/home/vidi/reposMecatronica/Mecatronica-Proyecto/software/ros_ws/build/maya_pkg/share/maya_pkg/hook/pythonpath_develop.dsv'
[2.337s] INFO:colcon.colcon_core.shell:Creating environment hook '/home/vidi/reposMecatronica/Mecatronica-Proyecto/software/ros_ws/build/maya_pkg/share/maya_pkg/hook/pythonpath_develop.sh'
[2.342s] Level 1:colcon.colcon_core.environment:checking '/home/vidi/reposMecatronica/Mecatronica-Proyecto/software/ros_ws/install/maya_pkg' for CMake module files
[2.343s] Level 1:colcon.colcon_core.environment:checking '/home/vidi/reposMecatronica/Mecatronica-Proyecto/software/ros_ws/install/maya_pkg' for CMake config files
[2.344s] Level 1:colcon.colcon_core.environment:checking '/home/vidi/reposMecatronica/Mecatronica-Proyecto/software/ros_ws/install/maya_pkg/lib'
[2.344s] Level 1:colcon.colcon_core.environment:checking '/home/vidi/reposMecatronica/Mecatronica-Proyecto/software/ros_ws/install/maya_pkg/bin'
[2.344s] Level 1:colcon.colcon_core.environment:checking '/home/vidi/reposMecatronica/Mecatronica-Proyecto/software/ros_ws/install/maya_pkg/lib/pkgconfig/maya_pkg.pc'
[2.344s] Level 1:colcon.colcon_core.environment:checking '/home/vidi/reposMecatronica/Mecatronica-Proyecto/software/ros_ws/install/maya_pkg/lib/python3.10/site-packages'
[2.344s] Level 1:colcon.colcon_core.shell:create_environment_hook('maya_pkg', 'pythonpath')
[2.347s] INFO:colcon.colcon_core.shell:Creating environment hook '/home/vidi/reposMecatronica/Mecatronica-Proyecto/software/ros_ws/install/maya_pkg/share/maya_pkg/hook/pythonpath.ps1'
[2.347s] INFO:colcon.colcon_core.shell:Creating environment descriptor '/home/vidi/reposMecatronica/Mecatronica-Proyecto/software/ros_ws/install/maya_pkg/share/maya_pkg/hook/pythonpath.dsv'
[2.347s] INFO:colcon.colcon_core.shell:Creating environment hook '/home/vidi/reposMecatronica/Mecatronica-Proyecto/software/ros_ws/install/maya_pkg/share/maya_pkg/hook/pythonpath.sh'
[2.348s] Level 1:colcon.colcon_core.environment:checking '/home/vidi/reposMecatronica/Mecatronica-Proyecto/software/ros_ws/install/maya_pkg/bin'
[2.348s] Level 1:colcon.colcon_core.environment:create_environment_scripts_only(maya_pkg)
[2.350s] INFO:colcon.colcon_core.shell:Creating package script '/home/vidi/reposMecatronica/Mecatronica-Proyecto/software/ros_ws/install/maya_pkg/share/maya_pkg/package.ps1'
[2.351s] INFO:colcon.colcon_core.shell:Creating package descriptor '/home/vidi/reposMecatronica/Mecatronica-Proyecto/software/ros_ws/install/maya_pkg/share/maya_pkg/package.dsv'
[2.351s] INFO:colcon.colcon_core.shell:Creating package script '/home/vidi/reposMecatronica/Mecatronica-Proyecto/software/ros_ws/install/maya_pkg/share/maya_pkg/package.sh'
[2.352s] INFO:colcon.colcon_core.shell:Creating package script '/home/vidi/reposMecatronica/Mecatronica-Proyecto/software/ros_ws/install/maya_pkg/share/maya_pkg/package.bash'
[2.353s] INFO:colcon.colcon_core.shell:Creating package script '/home/vidi/reposMecatronica/Mecatronica-Proyecto/software/ros_ws/install/maya_pkg/share/maya_pkg/package.zsh'
[2.354s] Level 1:colcon.colcon_core.environment:create_file_with_runtime_dependencies(/home/vidi/reposMecatronica/Mecatronica-Proyecto/software/ros_ws/install/maya_pkg/share/colcon-core/packages/maya_pkg)
[3.867s] DEBUG:colcon.colcon_core.event_handler.log_command:Invoked command in '/home/vidi/reposMecatronica/Mecatronica-Proyecto/software/ros_ws/build/maya_msgs' returned '0': CMAKE_PREFIX_PATH=${CMAKE_PREFIX_PATH}:/home/vidi/reposMecatronica/Mecatronica-Proyecto/software/ros_ws/install/maya_pkg:/home/vidi/tfg/move_test/install/move_test:/home/vidi/tfg/ROS2-Ultimate-learners-Repository/install/tsc:/home/vidi/tfg/ROS2-Ultimate-learners-Repository/install/tracks_gazebo_worlds:/home/vidi/tfg/ROS2-Ultimate-learners-Repository/install/ros2_and_turtlesim_deep_dive:/home/vidi/tfg/ROS2-Ultimate-learners-Repository/install/prius_sdc:/home/vidi/tfg/ROS2-Ultimate-learners-Repository/install/mr_rehri:/home/vidi/tfg/ROS2-Ultimate-learners-Repository/install/custom_package:/home/vidi/tfg/ROS2-Ultimate-learners-Repository/install/custom_models:/home/vidi/tfg/ROS2-Ultimate-learners-Repository/install/bazu:/opt/ros/humble /usr/bin/cmake /home/vidi/reposMecatronica/Mecatronica-Proyecto/software/ros_ws/src/maya_msgs -DAMENT_CMAKE_SYMLINK_INSTALL=1 -DCMAKE_INSTALL_PREFIX=/home/vidi/reposMecatronica/Mecatronica-Proyecto/software/ros_ws/install/maya_msgs
[3.870s] DEBUG:colcon.colcon_core.event_handler.log_command:Invoking command in '/home/vidi/reposMecatronica/Mecatronica-Proyecto/software/ros_ws/build/maya_msgs': CMAKE_PREFIX_PATH=${CMAKE_PREFIX_PATH}:/home/vidi/reposMecatronica/Mecatronica-Proyecto/software/ros_ws/install/maya_pkg:/home/vidi/tfg/move_test/install/move_test:/home/vidi/tfg/ROS2-Ultimate-learners-Repository/install/tsc:/home/vidi/tfg/ROS2-Ultimate-learners-Repository/install/tracks_gazebo_worlds:/home/vidi/tfg/ROS2-Ultimate-learners-Repository/install/ros2_and_turtlesim_deep_dive:/home/vidi/tfg/ROS2-Ultimate-learners-Repository/install/prius_sdc:/home/vidi/tfg/ROS2-Ultimate-learners-Repository/install/mr_rehri:/home/vidi/tfg/ROS2-Ultimate-learners-Repository/install/custom_package:/home/vidi/tfg/ROS2-Ultimate-learners-Repository/install/custom_models:/home/vidi/tfg/ROS2-Ultimate-learners-Repository/install/bazu:/opt/ros/humble /usr/bin/cmake --build /home/vidi/reposMecatronica/Mecatronica-Proyecto/software/ros_ws/build/maya_msgs -- -j12 -l12
[7.034s] DEBUG:colcon.colcon_core.event_handler.log_command:Invoked command in '/home/vidi/reposMecatronica/Mecatronica-Proyecto/software/ros_ws/build/maya_msgs' returned '0': CMAKE_PREFIX_PATH=${CMAKE_PREFIX_PATH}:/home/vidi/reposMecatronica/Mecatronica-Proyecto/software/ros_ws/install/maya_pkg:/home/vidi/tfg/move_test/install/move_test:/home/vidi/tfg/ROS2-Ultimate-learners-Repository/install/tsc:/home/vidi/tfg/ROS2-Ultimate-learners-Repository/install/tracks_gazebo_worlds:/home/vidi/tfg/ROS2-Ultimate-learners-Repository/install/ros2_and_turtlesim_deep_dive:/home/vidi/tfg/ROS2-Ultimate-learners-Repository/install/prius_sdc:/home/vidi/tfg/ROS2-Ultimate-learners-Repository/install/mr_rehri:/home/vidi/tfg/ROS2-Ultimate-learners-Repository/install/custom_package:/home/vidi/tfg/ROS2-Ultimate-learners-Repository/install/custom_models:/home/vidi/tfg/ROS2-Ultimate-learners-Repository/install/bazu:/opt/ros/humble /usr/bin/cmake --build /home/vidi/reposMecatronica/Mecatronica-Proyecto/software/ros_ws/build/maya_msgs -- -j12 -l12
[7.150s] DEBUG:colcon.colcon_core.event_handler.log_command:Invoking command in '/home/vidi/reposMecatronica/Mecatronica-Proyecto/software/ros_ws/build/maya_msgs': CMAKE_PREFIX_PATH=${CMAKE_PREFIX_PATH}:/home/vidi/reposMecatronica/Mecatronica-Proyecto/software/ros_ws/install/maya_pkg:/home/vidi/tfg/move_test/install/move_test:/home/vidi/tfg/ROS2-Ultimate-learners-Repository/install/tsc:/home/vidi/tfg/ROS2-Ultimate-learners-Repository/install/tracks_gazebo_worlds:/home/vidi/tfg/ROS2-Ultimate-learners-Repository/install/ros2_and_turtlesim_deep_dive:/home/vidi/tfg/ROS2-Ultimate-learners-Repository/install/prius_sdc:/home/vidi/tfg/ROS2-Ultimate-learners-Repository/install/mr_rehri:/home/vidi/tfg/ROS2-Ultimate-learners-Repository/install/custom_package:/home/vidi/tfg/ROS2-Ultimate-learners-Repository/install/custom_models:/home/vidi/tfg/ROS2-Ultimate-learners-Repository/install/bazu:/opt/ros/humble /usr/bin/cmake --install /home/vidi/reposMecatronica/Mecatronica-Proyecto/software/ros_ws/build/maya_msgs
[8.217s] Level 1:colcon.colcon_core.environment:create_environment_scripts_only(maya_msgs)
[8.221s] Level 1:colcon.colcon_core.environment:checking '/home/vidi/reposMecatronica/Mecatronica-Proyecto/software/ros_ws/install/maya_msgs' for CMake module files
[8.222s] DEBUG:colcon.colcon_core.event_handler.log_command:Invoked command in '/home/vidi/reposMecatronica/Mecatronica-Proyecto/software/ros_ws/build/maya_msgs' returned '0': CMAKE_PREFIX_PATH=${CMAKE_PREFIX_PATH}:/home/vidi/reposMecatronica/Mecatronica-Proyecto/software/ros_ws/install/maya_pkg:/home/vidi/tfg/move_test/install/move_test:/home/vidi/tfg/ROS2-Ultimate-learners-Repository/install/tsc:/home/vidi/tfg/ROS2-Ultimate-learners-Repository/install/tracks_gazebo_worlds:/home/vidi/tfg/ROS2-Ultimate-learners-Repository/install/ros2_and_turtlesim_deep_dive:/home/vidi/tfg/ROS2-Ultimate-learners-Repository/install/prius_sdc:/home/vidi/tfg/ROS2-Ultimate-learners-Repository/install/mr_rehri:/home/vidi/tfg/ROS2-Ultimate-learners-Repository/install/custom_package:/home/vidi/tfg/ROS2-Ultimate-learners-Repository/install/custom_models:/home/vidi/tfg/ROS2-Ultimate-learners-Repository/install/bazu:/opt/ros/humble /usr/bin/cmake --install /home/vidi/reposMecatronica/Mecatronica-Proyecto/software/ros_ws/build/maya_msgs
[8.223s] Level 1:colcon.colcon_core.environment:checking '/home/vidi/reposMecatronica/Mecatronica-Proyecto/software/ros_ws/install/maya_msgs' for CMake config files
[8.224s] Level 1:colcon.colcon_core.shell:create_environment_hook('maya_msgs', 'cmake_prefix_path')
[8.227s] INFO:colcon.colcon_core.shell:Creating environment hook '/home/vidi/reposMecatronica/Mecatronica-Proyecto/software/ros_ws/install/maya_msgs/share/maya_msgs/hook/cmake_prefix_path.ps1'
[8.228s] INFO:colcon.colcon_core.shell:Creating environment descriptor '/home/vidi/reposMecatronica/Mecatronica-Proyecto/software/ros_ws/install/maya_msgs/share/maya_msgs/hook/cmake_prefix_path.dsv'
[8.228s] INFO:colcon.colcon_core.shell:Creating environment hook '/home/vidi/reposMecatronica/Mecatronica-Proyecto/software/ros_ws/install/maya_msgs/share/maya_msgs/hook/cmake_prefix_path.sh'
[8.229s] Level 1:colcon.colcon_core.environment:checking '/home/vidi/reposMecatronica/Mecatronica-Proyecto/software/ros_ws/install/maya_msgs/lib'
[8.229s] Level 1:colcon.colcon_core.shell:create_environment_hook('maya_msgs', 'ld_library_path_lib')
[8.232s] INFO:colcon.colcon_core.shell:Creating environment hook '/home/vidi/reposMecatronica/Mecatronica-Proyecto/software/ros_ws/install/maya_msgs/share/maya_msgs/hook/ld_library_path_lib.ps1'
[8.233s] INFO:colcon.colcon_core.shell:Creating environment descriptor '/home/vidi/reposMecatronica/Mecatronica-Proyecto/software/ros_ws/install/maya_msgs/share/maya_msgs/hook/ld_library_path_lib.dsv'
[8.233s] INFO:colcon.colcon_core.shell:Creating environment hook '/home/vidi/reposMecatronica/Mecatronica-Proyecto/software/ros_ws/install/maya_msgs/share/maya_msgs/hook/ld_library_path_lib.sh'
[8.234s] Level 1:colcon.colcon_core.environment:checking '/home/vidi/reposMecatronica/Mecatronica-Proyecto/software/ros_ws/install/maya_msgs/bin'
[8.234s] Level 1:colcon.colcon_core.environment:checking '/home/vidi/reposMecatronica/Mecatronica-Proyecto/software/ros_ws/install/maya_msgs/lib/pkgconfig/maya_msgs.pc'
[8.234s] Level 1:colcon.colcon_core.environment:checking '/home/vidi/reposMecatronica/Mecatronica-Proyecto/software/ros_ws/install/maya_msgs/lib/python3.10/site-packages'
[8.235s] Level 1:colcon.colcon_core.environment:checking '/home/vidi/reposMecatronica/Mecatronica-Proyecto/software/ros_ws/install/maya_msgs/bin'
[8.238s] INFO:colcon.colcon_core.shell:Creating package script '/home/vidi/reposMecatronica/Mecatronica-Proyecto/software/ros_ws/install/maya_msgs/share/maya_msgs/package.ps1'
[8.238s] INFO:colcon.colcon_core.shell:Creating package descriptor '/home/vidi/reposMecatronica/Mecatronica-Proyecto/software/ros_ws/install/maya_msgs/share/maya_msgs/package.dsv'
[8.239s] INFO:colcon.colcon_core.shell:Creating package script '/home/vidi/reposMecatronica/Mecatronica-Proyecto/software/ros_ws/install/maya_msgs/share/maya_msgs/package.sh'
[8.240s] INFO:colcon.colcon_core.shell:Creating package script '/home/vidi/reposMecatronica/Mecatronica-Proyecto/software/ros_ws/install/maya_msgs/share/maya_msgs/package.bash'
[8.240s] INFO:colcon.colcon_core.shell:Creating package script '/home/vidi/reposMecatronica/Mecatronica-Proyecto/software/ros_ws/install/maya_msgs/share/maya_msgs/package.zsh'
[8.241s] Level 1:colcon.colcon_core.environment:create_file_with_runtime_dependencies(/home/vidi/reposMecatronica/Mecatronica-Proyecto/software/ros_ws/install/maya_msgs/share/colcon-core/packages/maya_msgs)
[8.361s] Level 1:colcon.colcon_core.environment:create_environment_scripts_only(maya_msgs)
[8.364s] Level 1:colcon.colcon_core.environment:checking '/home/vidi/reposMecatronica/Mecatronica-Proyecto/software/ros_ws/install/maya_msgs' for CMake module files
[8.365s] Level 1:colcon.colcon_core.environment:checking '/home/vidi/reposMecatronica/Mecatronica-Proyecto/software/ros_ws/install/maya_msgs' for CMake config files
[8.366s] Level 1:colcon.colcon_core.shell:create_environment_hook('maya_msgs', 'cmake_prefix_path')
[8.369s] INFO:colcon.colcon_core.shell:Creating environment hook '/home/vidi/reposMecatronica/Mecatronica-Proyecto/software/ros_ws/install/maya_msgs/share/maya_msgs/hook/cmake_prefix_path.ps1'
[8.369s] INFO:colcon.colcon_core.shell:Creating environment descriptor '/home/vidi/reposMecatronica/Mecatronica-Proyecto/software/ros_ws/install/maya_msgs/share/maya_msgs/hook/cmake_prefix_path.dsv'
[8.370s] INFO:colcon.colcon_core.shell:Creating environment hook '/home/vidi/reposMecatronica/Mecatronica-Proyecto/software/ros_ws/install/maya_msgs/share/maya_msgs/hook/cmake_prefix_path.sh'
[8.371s] Level 1:colcon.colcon_core.environment:checking '/home/vidi/reposMecatronica/Mecatronica-Proyecto/software/ros_ws/install/maya_msgs/lib'
[8.371s] Level 1:colcon.colcon_core.shell:create_environment_hook('maya_msgs', 'ld_library_path_lib')
[8.373s] INFO:colcon.colcon_core.shell:Creating environment hook '/home/vidi/reposMecatronica/Mecatronica-Proyecto/software/ros_ws/install/maya_msgs/share/maya_msgs/hook/ld_library_path_lib.ps1'
[8.374s] INFO:colcon.colcon_core.shell:Creating environment descriptor '/home/vidi/reposMecatronica/Mecatronica-Proyecto/software/ros_ws/install/maya_msgs/share/maya_msgs/hook/ld_library_path_lib.dsv'
[8.374s] INFO:colcon.colcon_core.shell:Creating environment hook '/home/vidi/reposMecatronica/Mecatronica-Proyecto/software/ros_ws/install/maya_msgs/share/maya_msgs/hook/ld_library_path_lib.sh'
[8.375s] Level 1:colcon.colcon_core.environment:checking '/home/vidi/reposMecatronica/Mecatronica-Proyecto/software/ros_ws/install/maya_msgs/bin'
[8.375s] Level 1:colcon.colcon_core.environment:checking '/home/vidi/reposMecatronica/Mecatronica-Proyecto/software/ros_ws/install/maya_msgs/lib/pkgconfig/maya_msgs.pc'
[8.375s] Level 1:colcon.colcon_core.environment:checking '/home/vidi/reposMecatronica/Mecatronica-Proyecto/software/ros_ws/install/maya_msgs/lib/python3.10/site-packages'
[8.376s] Level 1:colcon.colcon_core.environment:checking '/home/vidi/reposMecatronica/Mecatronica-Proyecto/software/ros_ws/install/maya_msgs/bin'
[8.378s] INFO:colcon.colcon_core.shell:Creating package script '/home/vidi/reposMecatronica/Mecatronica-Proyecto/software/ros_ws/install/maya_msgs/share/maya_msgs/package.ps1'
[8.380s] INFO:colcon.colcon_core.shell:Creating package descriptor '/home/vidi/reposMecatronica/Mecatronica-Proyecto/software/ros_ws/install/maya_msgs/share/maya_msgs/package.dsv'
[8.381s] INFO:colcon.colcon_core.shell:Creating package script '/home/vidi/reposMecatronica/Mecatronica-Proyecto/software/ros_ws/install/maya_msgs/share/maya_msgs/package.sh'
[8.382s] INFO:colcon.colcon_core.shell:Creating package script '/home/vidi/reposMecatronica/Mecatronica-Proyecto/software/ros_ws/install/maya_msgs/share/maya_msgs/package.bash'
[8.383s] INFO:colcon.colcon_core.shell:Creating package script '/home/vidi/reposMecatronica/Mecatronica-Proyecto/software/ros_ws/install/maya_msgs/share/maya_msgs/package.zsh'
[8.384s] Level 1:colcon.colcon_core.environment:create_file_with_runtime_dependencies(/home/vidi/reposMecatronica/Mecatronica-Proyecto/software/ros_ws/install/maya_msgs/share/colcon-core/packages/maya_msgs)
[8.385s] DEBUG:colcon.colcon_parallel_executor.executor.parallel:closing loop
[8.386s] DEBUG:colcon.colcon_parallel_executor.executor.parallel:loop closed
[8.386s] DEBUG:colcon.colcon_parallel_executor.executor.parallel:run_until_complete finished with '0'
[8.386s] DEBUG:colcon.colcon_core.event_reactor:joining thread
[8.401s] INFO:colcon.colcon_core.plugin_system:Skipping extension 'colcon_notification.desktop_notification.terminal_notifier': Not used on non-Darwin systems
[8.401s] INFO:colcon.colcon_core.plugin_system:Skipping extension 'colcon_notification.desktop_notification.win32': Not used on non-Windows systems
[8.401s] INFO:colcon.colcon_notification.desktop_notification:Sending desktop notification using 'notify2'
[8.424s] DEBUG:colcon.colcon_core.event_reactor:joined thread
[8.427s] INFO:colcon.colcon_core.shell:Creating prefix script '/home/vidi/reposMecatronica/Mecatronica-Proyecto/software/ros_ws/install/local_setup.ps1'
[8.429s] INFO:colcon.colcon_core.shell:Creating prefix util module '/home/vidi/reposMecatronica/Mecatronica-Proyecto/software/ros_ws/install/_local_setup_util_ps1.py'
[8.432s] INFO:colcon.colcon_core.shell:Creating prefix chain script '/home/vidi/reposMecatronica/Mecatronica-Proyecto/software/ros_ws/install/setup.ps1'
[8.435s] INFO:colcon.colcon_core.shell:Creating prefix script '/home/vidi/reposMecatronica/Mecatronica-Proyecto/software/ros_ws/install/local_setup.sh'
[8.436s] INFO:colcon.colcon_core.shell:Creating prefix util module '/home/vidi/reposMecatronica/Mecatronica-Proyecto/software/ros_ws/install/_local_setup_util_sh.py'
[8.437s] INFO:colcon.colcon_core.shell:Creating prefix chain script '/home/vidi/reposMecatronica/Mecatronica-Proyecto/software/ros_ws/install/setup.sh'
[8.440s] INFO:colcon.colcon_core.shell:Creating prefix script '/home/vidi/reposMecatronica/Mecatronica-Proyecto/software/ros_ws/install/local_setup.bash'
[8.440s] INFO:colcon.colcon_core.shell:Creating prefix chain script '/home/vidi/reposMecatronica/Mecatronica-Proyecto/software/ros_ws/install/setup.bash'
[8.444s] INFO:colcon.colcon_core.shell:Creating prefix script '/home/vidi/reposMecatronica/Mecatronica-Proyecto/software/ros_ws/install/local_setup.zsh'
[8.444s] INFO:colcon.colcon_core.shell:Creating prefix chain script '/home/vidi/reposMecatronica/Mecatronica-Proyecto/software/ros_ws/install/setup.zsh'
