[0.314s] DEBUG:colcon:Command line arguments: ['/home/patricia/.local/bin/colcon', 'build']
[0.314s] DEBUG:colcon:Parsed command line arguments: Namespace(log_base=None, log_level=None, verb_name='build', build_base='build', install_base='install', merge_install=False, symlink_install=False, test_result_base=None, continue_on_error=False, executor='parallel', parallel_workers=8, event_handlers=None, ignore_user_meta=False, metas=['./colcon.meta'], base_paths=['.'], packages_ignore=None, packages_ignore_regex=None, paths=None, packages_up_to=None, packages_up_to_regex=None, packages_above=None, packages_above_and_dependencies=None, packages_above_depth=None, packages_select_by_dep=None, packages_skip_by_dep=None, packages_skip_up_to=None, packages_select_build_failed=False, packages_skip_build_finished=False, packages_select_test_failures=False, packages_skip_test_passed=False, packages_select=None, packages_skip=None, packages_select_regex=None, packages_skip_regex=None, packages_start=None, packages_end=None, allow_overriding=[], cmake_args=None, cmake_target=None, cmake_target_skip_unavailable=False, cmake_clean_cache=False, cmake_clean_first=False, cmake_force_configure=False, ament_cmake_args=None, catkin_cmake_args=None, catkin_skip_building_tests=False, verb_parser=<colcon_defaults.argument_parser.defaults.DefaultArgumentsDecorator object at 0x7f2baca1d180>, verb_extension=<colcon_core.verb.build.BuildVerb object at 0x7f2bad3a0190>, main=<bound method BuildVerb.main of <colcon_core.verb.build.BuildVerb object at 0x7f2bad3a0190>>)
[0.333s] Level 1:colcon.colcon_core.package_discovery:discover_packages(colcon_meta) check parameters
[0.333s] Level 1:colcon.colcon_core.package_discovery:discover_packages(recursive) check parameters
[0.333s] Level 1:colcon.colcon_core.package_discovery:discover_packages(ignore) check parameters
[0.333s] Level 1:colcon.colcon_core.package_discovery:discover_packages(path) check parameters
[0.333s] Level 1:colcon.colcon_core.package_discovery:discover_packages(colcon_meta) discover
[0.333s] Level 1:colcon.colcon_core.package_discovery:discover_packages(recursive) discover
[0.333s] INFO:colcon.colcon_core.package_discovery:Crawling recursively for packages in '/home/patricia/Escritorio/Mecatronica-Proyecto/software/ros_ws'
[0.334s] Level 1:colcon.colcon_core.package_identification:_identify(.) by extensions ['ignore', 'ignore_ament_install']
[0.334s] Level 1:colcon.colcon_core.package_identification:_identify(.) by extension 'ignore'
[0.334s] Level 1:colcon.colcon_core.package_identification:_identify(.) by extension 'ignore_ament_install'
[0.334s] Level 1:colcon.colcon_core.package_identification:_identify(.) by extensions ['colcon_pkg']
[0.334s] Level 1:colcon.colcon_core.package_identification:_identify(.) by extension 'colcon_pkg'
[0.334s] Level 1:colcon.colcon_core.package_identification:_identify(.) by extensions ['colcon_meta']
[0.334s] Level 1:colcon.colcon_core.package_identification:_identify(.) by extension 'colcon_meta'
[0.334s] Level 1:colcon.colcon_core.package_identification:_identify(.) by extensions ['ros']
[0.334s] Level 1:colcon.colcon_core.package_identification:_identify(.) by extension 'ros'
[0.341s] Level 1:colcon.colcon_core.package_identification:_identify(.) by extensions ['cmake', 'python']
[0.341s] Level 1:colcon.colcon_core.package_identification:_identify(.) by extension 'cmake'
[0.341s] Level 1:colcon.colcon_core.package_identification:_identify(.) by extension 'python'
[0.341s] Level 1:colcon.colcon_core.package_identification:_identify(.) by extensions ['python_setup_py']
[0.341s] Level 1:colcon.colcon_core.package_identification:_identify(.) by extension 'python_setup_py'
[0.341s] Level 1:colcon.colcon_core.package_identification:_identify(build) by extensions ['ignore', 'ignore_ament_install']
[0.341s] Level 1:colcon.colcon_core.package_identification:_identify(build) by extension 'ignore'
[0.341s] Level 1:colcon.colcon_core.package_identification:_identify(build) ignored
[0.341s] Level 1:colcon.colcon_core.package_identification:_identify(install) by extensions ['ignore', 'ignore_ament_install']
[0.341s] Level 1:colcon.colcon_core.package_identification:_identify(install) by extension 'ignore'
[0.341s] Level 1:colcon.colcon_core.package_identification:_identify(install) ignored
[0.341s] Level 1:colcon.colcon_core.package_identification:_identify(log) by extensions ['ignore', 'ignore_ament_install']
[0.341s] Level 1:colcon.colcon_core.package_identification:_identify(log) by extension 'ignore'
[0.341s] Level 1:colcon.colcon_core.package_identification:_identify(log) ignored
[0.342s] Level 1:colcon.colcon_core.package_identification:_identify(src) by extensions ['ignore', 'ignore_ament_install']
[0.342s] Level 1:colcon.colcon_core.package_identification:_identify(src) by extension 'ignore'
[0.342s] Level 1:colcon.colcon_core.package_identification:_identify(src) by extension 'ignore_ament_install'
[0.342s] Level 1:colcon.colcon_core.package_identification:_identify(src) by extensions ['colcon_pkg']
[0.342s] Level 1:colcon.colcon_core.package_identification:_identify(src) by extension 'colcon_pkg'
[0.342s] Level 1:colcon.colcon_core.package_identification:_identify(src) by extensions ['colcon_meta']
[0.342s] Level 1:colcon.colcon_core.package_identification:_identify(src) by extension 'colcon_meta'
[0.342s] Level 1:colcon.colcon_core.package_identification:_identify(src) by extensions ['ros']
[0.342s] Level 1:colcon.colcon_core.package_identification:_identify(src) by extension 'ros'
[0.342s] Level 1:colcon.colcon_core.package_identification:_identify(src) by extensions ['cmake', 'python']
[0.342s] Level 1:colcon.colcon_core.package_identification:_identify(src) by extension 'cmake'
[0.342s] Level 1:colcon.colcon_core.package_identification:_identify(src) by extension 'python'
[0.342s] Level 1:colcon.colcon_core.package_identification:_identify(src) by extensions ['python_setup_py']
[0.342s] Level 1:colcon.colcon_core.package_identification:_identify(src) by extension 'python_setup_py'
[0.342s] Level 1:colcon.colcon_core.package_identification:_identify(src/maya_msgs) by extensions ['ignore', 'ignore_ament_install']
[0.342s] Level 1:colcon.colcon_core.package_identification:_identify(src/maya_msgs) by extension 'ignore'
[0.342s] Level 1:colcon.colcon_core.package_identification:_identify(src/maya_msgs) by extension 'ignore_ament_install'
[0.342s] Level 1:colcon.colcon_core.package_identification:_identify(src/maya_msgs) by extensions ['colcon_pkg']
[0.342s] Level 1:colcon.colcon_core.package_identification:_identify(src/maya_msgs) by extension 'colcon_pkg'
[0.342s] Level 1:colcon.colcon_core.package_identification:_identify(src/maya_msgs) by extensions ['colcon_meta']
[0.342s] Level 1:colcon.colcon_core.package_identification:_identify(src/maya_msgs) by extension 'colcon_meta'
[0.342s] Level 1:colcon.colcon_core.package_identification:_identify(src/maya_msgs) by extensions ['ros']
[0.342s] Level 1:colcon.colcon_core.package_identification:_identify(src/maya_msgs) by extension 'ros'
[0.344s] DEBUG:colcon.colcon_core.package_identification:Package 'src/maya_msgs' with type 'ros.ament_cmake' and name 'maya_msgs'
[0.344s] Level 1:colcon.colcon_core.package_identification:_identify(src/maya_pkg) by extensions ['ignore', 'ignore_ament_install']
[0.344s] Level 1:colcon.colcon_core.package_identification:_identify(src/maya_pkg) by extension 'ignore'
[0.344s] Level 1:colcon.colcon_core.package_identification:_identify(src/maya_pkg) by extension 'ignore_ament_install'
[0.344s] Level 1:colcon.colcon_core.package_identification:_identify(src/maya_pkg) by extensions ['colcon_pkg']
[0.344s] Level 1:colcon.colcon_core.package_identification:_identify(src/maya_pkg) by extension 'colcon_pkg'
[0.344s] Level 1:colcon.colcon_core.package_identification:_identify(src/maya_pkg) by extensions ['colcon_meta']
[0.344s] Level 1:colcon.colcon_core.package_identification:_identify(src/maya_pkg) by extension 'colcon_meta'
[0.344s] Level 1:colcon.colcon_core.package_identification:_identify(src/maya_pkg) by extensions ['ros']
[0.344s] Level 1:colcon.colcon_core.package_identification:_identify(src/maya_pkg) by extension 'ros'
[0.344s] DEBUG:colcon.colcon_core.package_identification:Package 'src/maya_pkg' with type 'ros.ament_python' and name 'maya_pkg'
[0.344s] Level 1:colcon.colcon_core.package_discovery:discover_packages(recursive) using defaults
[0.344s] Level 1:colcon.colcon_core.package_discovery:discover_packages(ignore) discover
[0.344s] Level 1:colcon.colcon_core.package_discovery:discover_packages(ignore) using defaults
[0.344s] Level 1:colcon.colcon_core.package_discovery:discover_packages(path) discover
[0.344s] Level 1:colcon.colcon_core.package_discovery:discover_packages(path) using defaults
[0.365s] Level 1:colcon.colcon_core.package_discovery:discover_packages(prefix_path) check parameters
[0.365s] Level 1:colcon.colcon_core.package_discovery:discover_packages(prefix_path) discover
[0.370s] DEBUG:colcon.colcon_installed_package_information.package_discovery:Found 2 installed packages in /home/patricia/Escritorio/Mecatronica-Proyecto/software/ros_ws/install
[0.372s] DEBUG:colcon.colcon_installed_package_information.package_discovery:Found 1 installed packages in /home/patricia/Escritorio/TFG/install
[0.374s] DEBUG:colcon.colcon_installed_package_information.package_discovery:Found 276 installed packages in /opt/ros/humble
[0.375s] Level 1:colcon.colcon_core.package_discovery:discover_packages(prefix_path) using defaults
[0.413s] Level 5:colcon.colcon_core.verb:set package 'maya_msgs' build argument 'cmake_args' from command line to 'None'
[0.413s] Level 5:colcon.colcon_core.verb:set package 'maya_msgs' build argument 'cmake_target' from command line to 'None'
[0.413s] Level 5:colcon.colcon_core.verb:set package 'maya_msgs' build argument 'cmake_target_skip_unavailable' from command line to 'False'
[0.413s] Level 5:colcon.colcon_core.verb:set package 'maya_msgs' build argument 'cmake_clean_cache' from command line to 'False'
[0.413s] Level 5:colcon.colcon_core.verb:set package 'maya_msgs' build argument 'cmake_clean_first' from command line to 'False'
[0.413s] Level 5:colcon.colcon_core.verb:set package 'maya_msgs' build argument 'cmake_force_configure' from command line to 'False'
[0.413s] Level 5:colcon.colcon_core.verb:set package 'maya_msgs' build argument 'ament_cmake_args' from command line to 'None'
[0.413s] Level 5:colcon.colcon_core.verb:set package 'maya_msgs' build argument 'catkin_cmake_args' from command line to 'None'
[0.413s] Level 5:colcon.colcon_core.verb:set package 'maya_msgs' build argument 'catkin_skip_building_tests' from command line to 'False'
[0.413s] DEBUG:colcon.colcon_core.verb:Building package 'maya_msgs' with the following arguments: {'ament_cmake_args': None, 'build_base': '/home/patricia/Escritorio/Mecatronica-Proyecto/software/ros_ws/build/maya_msgs', 'catkin_cmake_args': None, 'catkin_skip_building_tests': False, 'cmake_args': None, 'cmake_clean_cache': False, 'cmake_clean_first': False, 'cmake_force_configure': False, 'cmake_target': None, 'cmake_target_skip_unavailable': False, 'install_base': '/home/patricia/Escritorio/Mecatronica-Proyecto/software/ros_ws/install/maya_msgs', 'merge_install': False, 'path': '/home/patricia/Escritorio/Mecatronica-Proyecto/software/ros_ws/src/maya_msgs', 'symlink_install': False, 'test_result_base': None}
[0.417s] Level 5:colcon.colcon_core.verb:set package 'maya_pkg' build argument 'cmake_args' from command line to 'None'
[0.417s] Level 5:colcon.colcon_core.verb:set package 'maya_pkg' build argument 'cmake_target' from command line to 'None'
[0.417s] Level 5:colcon.colcon_core.verb:set package 'maya_pkg' build argument 'cmake_target_skip_unavailable' from command line to 'False'
[0.417s] Level 5:colcon.colcon_core.verb:set package 'maya_pkg' build argument 'cmake_clean_cache' from command line to 'False'
[0.417s] Level 5:colcon.colcon_core.verb:set package 'maya_pkg' build argument 'cmake_clean_first' from command line to 'False'
[0.417s] Level 5:colcon.colcon_core.verb:set package 'maya_pkg' build argument 'cmake_force_configure' from command line to 'False'
[0.417s] Level 5:colcon.colcon_core.verb:set package 'maya_pkg' build argument 'ament_cmake_args' from command line to 'None'
[0.417s] Level 5:colcon.colcon_core.verb:set package 'maya_pkg' build argument 'catkin_cmake_args' from command line to 'None'
[0.417s] Level 5:colcon.colcon_core.verb:set package 'maya_pkg' build argument 'catkin_skip_building_tests' from command line to 'False'
[0.417s] DEBUG:colcon.colcon_core.verb:Building package 'maya_pkg' with the following arguments: {'ament_cmake_args': None, 'build_base': '/home/patricia/Escritorio/Mecatronica-Proyecto/software/ros_ws/build/maya_pkg', 'catkin_cmake_args': None, 'catkin_skip_building_tests': False, 'cmake_args': None, 'cmake_clean_cache': False, 'cmake_clean_first': False, 'cmake_force_configure': False, 'cmake_target': None, 'cmake_target_skip_unavailable': False, 'install_base': '/home/patricia/Escritorio/Mecatronica-Proyecto/software/ros_ws/install/maya_pkg', 'merge_install': False, 'path': '/home/patricia/Escritorio/Mecatronica-Proyecto/software/ros_ws/src/maya_pkg', 'symlink_install': False, 'test_result_base': None}
[0.418s] INFO:colcon.colcon_core.executor:Executing jobs using 'parallel' executor
[0.425s] DEBUG:colcon.colcon_parallel_executor.executor.parallel:run_until_complete
[0.425s] INFO:colcon.colcon_ros.task.ament_cmake.build:Building ROS package in '/home/patricia/Escritorio/Mecatronica-Proyecto/software/ros_ws/src/maya_msgs' with build type 'ament_cmake'
[0.425s] INFO:colcon.colcon_cmake.task.cmake.build:Building CMake package in '/home/patricia/Escritorio/Mecatronica-Proyecto/software/ros_ws/src/maya_msgs'
[0.429s] INFO:colcon.colcon_core.plugin_system:Skipping extension 'colcon_core.shell.bat': Not used on non-Windows systems
[0.430s] INFO:colcon.colcon_core.shell:Skip shell extension 'powershell' for command environment: Not usable outside of PowerShell
[0.430s] DEBUG:colcon.colcon_core.shell:Skip shell extension 'dsv' for command environment
[0.439s] INFO:colcon.colcon_ros.task.ament_python.build:Building ROS package in '/home/patricia/Escritorio/Mecatronica-Proyecto/software/ros_ws/src/maya_pkg' with build type 'ament_python'
[0.439s] Level 1:colcon.colcon_core.shell:create_environment_hook('maya_pkg', 'ament_prefix_path')
[0.442s] INFO:colcon.colcon_core.shell:Creating environment hook '/home/patricia/Escritorio/Mecatronica-Proyecto/software/ros_ws/install/maya_pkg/share/maya_pkg/hook/ament_prefix_path.ps1'
[0.443s] INFO:colcon.colcon_core.shell:Creating environment descriptor '/home/patricia/Escritorio/Mecatronica-Proyecto/software/ros_ws/install/maya_pkg/share/maya_pkg/hook/ament_prefix_path.dsv'
[0.443s] INFO:colcon.colcon_core.shell:Creating environment hook '/home/patricia/Escritorio/Mecatronica-Proyecto/software/ros_ws/install/maya_pkg/share/maya_pkg/hook/ament_prefix_path.sh'
[0.446s] INFO:colcon.colcon_core.shell:Skip shell extension 'powershell' for command environment: Not usable outside of PowerShell
[0.446s] DEBUG:colcon.colcon_core.shell:Skip shell extension 'dsv' for command environment
[0.460s] DEBUG:colcon.colcon_core.event_handler.log_command:Invoking command in '/home/patricia/Escritorio/Mecatronica-Proyecto/software/ros_ws/build/maya_msgs': CMAKE_PREFIX_PATH=${CMAKE_PREFIX_PATH}:/home/patricia/Escritorio/Mecatronica-Proyecto/software/ros_ws/install/maya_pkg:/opt/ros/humble /usr/bin/cmake --build /home/patricia/Escritorio/Mecatronica-Proyecto/software/ros_ws/build/maya_msgs -- -j8 -l8
[0.655s] INFO:colcon.colcon_core.task.python.build:Building Python package in '/home/patricia/Escritorio/Mecatronica-Proyecto/software/ros_ws/src/maya_pkg'
[0.660s] INFO:colcon.colcon_core.shell:Skip shell extension 'powershell' for command environment: Not usable outside of PowerShell
[0.660s] DEBUG:colcon.colcon_core.shell:Skip shell extension 'dsv' for command environment
[0.699s] DEBUG:colcon.colcon_core.event_handler.log_command:Invoked command in '/home/patricia/Escritorio/Mecatronica-Proyecto/software/ros_ws/build/maya_msgs' returned '0': CMAKE_PREFIX_PATH=${CMAKE_PREFIX_PATH}:/home/patricia/Escritorio/Mecatronica-Proyecto/software/ros_ws/install/maya_pkg:/opt/ros/humble /usr/bin/cmake --build /home/patricia/Escritorio/Mecatronica-Proyecto/software/ros_ws/build/maya_msgs -- -j8 -l8
[0.741s] DEBUG:colcon.colcon_core.event_handler.log_command:Invoking command in '/home/patricia/Escritorio/Mecatronica-Proyecto/software/ros_ws/build/maya_msgs': CMAKE_PREFIX_PATH=${CMAKE_PREFIX_PATH}:/home/patricia/Escritorio/Mecatronica-Proyecto/software/ros_ws/install/maya_pkg:/opt/ros/humble /usr/bin/cmake --install /home/patricia/Escritorio/Mecatronica-Proyecto/software/ros_ws/build/maya_msgs
[0.774s] Level 1:colcon.colcon_core.environment:create_environment_scripts_only(maya_msgs)
[0.775s] DEBUG:colcon.colcon_core.event_handler.log_command:Invoked command in '/home/patricia/Escritorio/Mecatronica-Proyecto/software/ros_ws/build/maya_msgs' returned '0': CMAKE_PREFIX_PATH=${CMAKE_PREFIX_PATH}:/home/patricia/Escritorio/Mecatronica-Proyecto/software/ros_ws/install/maya_pkg:/opt/ros/humble /usr/bin/cmake --install /home/patricia/Escritorio/Mecatronica-Proyecto/software/ros_ws/build/maya_msgs
[0.779s] Level 1:colcon.colcon_core.environment:checking '/home/patricia/Escritorio/Mecatronica-Proyecto/software/ros_ws/install/maya_msgs' for CMake module files
[0.780s] Level 1:colcon.colcon_core.environment:checking '/home/patricia/Escritorio/Mecatronica-Proyecto/software/ros_ws/install/maya_msgs' for CMake config files
[0.780s] Level 1:colcon.colcon_core.shell:create_environment_hook('maya_msgs', 'cmake_prefix_path')
[0.782s] INFO:colcon.colcon_core.shell:Creating environment hook '/home/patricia/Escritorio/Mecatronica-Proyecto/software/ros_ws/install/maya_msgs/share/maya_msgs/hook/cmake_prefix_path.ps1'
[0.783s] INFO:colcon.colcon_core.shell:Creating environment descriptor '/home/patricia/Escritorio/Mecatronica-Proyecto/software/ros_ws/install/maya_msgs/share/maya_msgs/hook/cmake_prefix_path.dsv'
[0.783s] INFO:colcon.colcon_core.shell:Creating environment hook '/home/patricia/Escritorio/Mecatronica-Proyecto/software/ros_ws/install/maya_msgs/share/maya_msgs/hook/cmake_prefix_path.sh'
[0.783s] Level 1:colcon.colcon_core.environment:checking '/home/patricia/Escritorio/Mecatronica-Proyecto/software/ros_ws/install/maya_msgs/lib'
[0.783s] Level 1:colcon.colcon_core.shell:create_environment_hook('maya_msgs', 'ld_library_path_lib')
[0.786s] INFO:colcon.colcon_core.shell:Creating environment hook '/home/patricia/Escritorio/Mecatronica-Proyecto/software/ros_ws/install/maya_msgs/share/maya_msgs/hook/ld_library_path_lib.ps1'
[0.786s] INFO:colcon.colcon_core.shell:Creating environment descriptor '/home/patricia/Escritorio/Mecatronica-Proyecto/software/ros_ws/install/maya_msgs/share/maya_msgs/hook/ld_library_path_lib.dsv'
[0.786s] INFO:colcon.colcon_core.shell:Creating environment hook '/home/patricia/Escritorio/Mecatronica-Proyecto/software/ros_ws/install/maya_msgs/share/maya_msgs/hook/ld_library_path_lib.sh'
[0.787s] Level 1:colcon.colcon_core.environment:checking '/home/patricia/Escritorio/Mecatronica-Proyecto/software/ros_ws/install/maya_msgs/bin'
[0.787s] Level 1:colcon.colcon_core.environment:checking '/home/patricia/Escritorio/Mecatronica-Proyecto/software/ros_ws/install/maya_msgs/lib/pkgconfig/maya_msgs.pc'
[0.787s] Level 1:colcon.colcon_core.environment:checking '/home/patricia/Escritorio/Mecatronica-Proyecto/software/ros_ws/install/maya_msgs/lib/python3.10/site-packages'
[0.787s] Level 1:colcon.colcon_core.environment:checking '/home/patricia/Escritorio/Mecatronica-Proyecto/software/ros_ws/install/maya_msgs/bin'
[0.790s] INFO:colcon.colcon_core.shell:Creating package script '/home/patricia/Escritorio/Mecatronica-Proyecto/software/ros_ws/install/maya_msgs/share/maya_msgs/package.ps1'
[0.790s] INFO:colcon.colcon_core.shell:Creating package descriptor '/home/patricia/Escritorio/Mecatronica-Proyecto/software/ros_ws/install/maya_msgs/share/maya_msgs/package.dsv'
[0.790s] INFO:colcon.colcon_core.shell:Creating package script '/home/patricia/Escritorio/Mecatronica-Proyecto/software/ros_ws/install/maya_msgs/share/maya_msgs/package.sh'
[0.791s] INFO:colcon.colcon_core.shell:Creating package script '/home/patricia/Escritorio/Mecatronica-Proyecto/software/ros_ws/install/maya_msgs/share/maya_msgs/package.bash'
[0.791s] INFO:colcon.colcon_core.shell:Creating package script '/home/patricia/Escritorio/Mecatronica-Proyecto/software/ros_ws/install/maya_msgs/share/maya_msgs/package.zsh'
[0.792s] Level 1:colcon.colcon_core.environment:create_file_with_runtime_dependencies(/home/patricia/Escritorio/Mecatronica-Proyecto/software/ros_ws/install/maya_msgs/share/colcon-core/packages/maya_msgs)
[0.829s] Level 1:colcon.colcon_core.environment:create_environment_scripts_only(maya_msgs)
[0.832s] Level 1:colcon.colcon_core.environment:checking '/home/patricia/Escritorio/Mecatronica-Proyecto/software/ros_ws/install/maya_msgs' for CMake module files
[0.832s] Level 1:colcon.colcon_core.environment:checking '/home/patricia/Escritorio/Mecatronica-Proyecto/software/ros_ws/install/maya_msgs' for CMake config files
[0.833s] Level 1:colcon.colcon_core.shell:create_environment_hook('maya_msgs', 'cmake_prefix_path')
[0.837s] INFO:colcon.colcon_core.shell:Creating environment hook '/home/patricia/Escritorio/Mecatronica-Proyecto/software/ros_ws/install/maya_msgs/share/maya_msgs/hook/cmake_prefix_path.ps1'
[0.838s] INFO:colcon.colcon_core.shell:Creating environment descriptor '/home/patricia/Escritorio/Mecatronica-Proyecto/software/ros_ws/install/maya_msgs/share/maya_msgs/hook/cmake_prefix_path.dsv'
[0.838s] INFO:colcon.colcon_core.shell:Creating environment hook '/home/patricia/Escritorio/Mecatronica-Proyecto/software/ros_ws/install/maya_msgs/share/maya_msgs/hook/cmake_prefix_path.sh'
[0.838s] Level 1:colcon.colcon_core.environment:checking '/home/patricia/Escritorio/Mecatronica-Proyecto/software/ros_ws/install/maya_msgs/lib'
[0.839s] Level 1:colcon.colcon_core.shell:create_environment_hook('maya_msgs', 'ld_library_path_lib')
[0.841s] INFO:colcon.colcon_core.shell:Creating environment hook '/home/patricia/Escritorio/Mecatronica-Proyecto/software/ros_ws/install/maya_msgs/share/maya_msgs/hook/ld_library_path_lib.ps1'
[0.841s] INFO:colcon.colcon_core.shell:Creating environment descriptor '/home/patricia/Escritorio/Mecatronica-Proyecto/software/ros_ws/install/maya_msgs/share/maya_msgs/hook/ld_library_path_lib.dsv'
[0.842s] INFO:colcon.colcon_core.shell:Creating environment hook '/home/patricia/Escritorio/Mecatronica-Proyecto/software/ros_ws/install/maya_msgs/share/maya_msgs/hook/ld_library_path_lib.sh'
[0.842s] Level 1:colcon.colcon_core.environment:checking '/home/patricia/Escritorio/Mecatronica-Proyecto/software/ros_ws/install/maya_msgs/bin'
[0.842s] Level 1:colcon.colcon_core.environment:checking '/home/patricia/Escritorio/Mecatronica-Proyecto/software/ros_ws/install/maya_msgs/lib/pkgconfig/maya_msgs.pc'
[0.842s] Level 1:colcon.colcon_core.environment:checking '/home/patricia/Escritorio/Mecatronica-Proyecto/software/ros_ws/install/maya_msgs/lib/python3.10/site-packages'
[0.842s] Level 1:colcon.colcon_core.environment:checking '/home/patricia/Escritorio/Mecatronica-Proyecto/software/ros_ws/install/maya_msgs/bin'
[0.845s] INFO:colcon.colcon_core.shell:Creating package script '/home/patricia/Escritorio/Mecatronica-Proyecto/software/ros_ws/install/maya_msgs/share/maya_msgs/package.ps1'
[0.845s] INFO:colcon.colcon_core.shell:Creating package descriptor '/home/patricia/Escritorio/Mecatronica-Proyecto/software/ros_ws/install/maya_msgs/share/maya_msgs/package.dsv'
[0.845s] INFO:colcon.colcon_core.shell:Creating package script '/home/patricia/Escritorio/Mecatronica-Proyecto/software/ros_ws/install/maya_msgs/share/maya_msgs/package.sh'
[0.846s] INFO:colcon.colcon_core.shell:Creating package script '/home/patricia/Escritorio/Mecatronica-Proyecto/software/ros_ws/install/maya_msgs/share/maya_msgs/package.bash'
[0.846s] INFO:colcon.colcon_core.shell:Creating package script '/home/patricia/Escritorio/Mecatronica-Proyecto/software/ros_ws/install/maya_msgs/share/maya_msgs/package.zsh'
[0.846s] Level 1:colcon.colcon_core.environment:create_file_with_runtime_dependencies(/home/patricia/Escritorio/Mecatronica-Proyecto/software/ros_ws/install/maya_msgs/share/colcon-core/packages/maya_msgs)
[0.903s] DEBUG:colcon.colcon_core.event_handler.log_command:Invoking command in '/home/patricia/Escritorio/Mecatronica-Proyecto/software/ros_ws/src/maya_pkg': PYTHONPATH=/home/patricia/Escritorio/Mecatronica-Proyecto/software/ros_ws/install/maya_pkg/lib/python3.10/site-packages:${PYTHONPATH} /usr/bin/python3 setup.py egg_info --egg-base ../../build/maya_pkg build --build-base /home/patricia/Escritorio/Mecatronica-Proyecto/software/ros_ws/build/maya_pkg/build install --prefix /home/patricia/Escritorio/Mecatronica-Proyecto/software/ros_ws/install/maya_pkg --record /home/patricia/Escritorio/Mecatronica-Proyecto/software/ros_ws/build/maya_pkg/install.log --single-version-externally-managed
[1.116s] Level 1:colcon.colcon_core.environment:checking '/home/patricia/Escritorio/Mecatronica-Proyecto/software/ros_ws/install/maya_pkg' for CMake module files
[1.116s] DEBUG:colcon.colcon_core.event_handler.log_command:Invoked command in '/home/patricia/Escritorio/Mecatronica-Proyecto/software/ros_ws/src/maya_pkg' returned '0': PYTHONPATH=/home/patricia/Escritorio/Mecatronica-Proyecto/software/ros_ws/install/maya_pkg/lib/python3.10/site-packages:${PYTHONPATH} /usr/bin/python3 setup.py egg_info --egg-base ../../build/maya_pkg build --build-base /home/patricia/Escritorio/Mecatronica-Proyecto/software/ros_ws/build/maya_pkg/build install --prefix /home/patricia/Escritorio/Mecatronica-Proyecto/software/ros_ws/install/maya_pkg --record /home/patricia/Escritorio/Mecatronica-Proyecto/software/ros_ws/build/maya_pkg/install.log --single-version-externally-managed
[1.116s] Level 1:colcon.colcon_core.environment:checking '/home/patricia/Escritorio/Mecatronica-Proyecto/software/ros_ws/install/maya_pkg' for CMake config files
[1.117s] Level 1:colcon.colcon_core.environment:checking '/home/patricia/Escritorio/Mecatronica-Proyecto/software/ros_ws/install/maya_pkg/lib'
[1.117s] Level 1:colcon.colcon_core.environment:checking '/home/patricia/Escritorio/Mecatronica-Proyecto/software/ros_ws/install/maya_pkg/bin'
[1.117s] Level 1:colcon.colcon_core.environment:checking '/home/patricia/Escritorio/Mecatronica-Proyecto/software/ros_ws/install/maya_pkg/lib/pkgconfig/maya_pkg.pc'
[1.117s] Level 1:colcon.colcon_core.environment:checking '/home/patricia/Escritorio/Mecatronica-Proyecto/software/ros_ws/install/maya_pkg/lib/python3.10/site-packages'
[1.117s] Level 1:colcon.colcon_core.shell:create_environment_hook('maya_pkg', 'pythonpath')
[1.120s] INFO:colcon.colcon_core.shell:Creating environment hook '/home/patricia/Escritorio/Mecatronica-Proyecto/software/ros_ws/install/maya_pkg/share/maya_pkg/hook/pythonpath.ps1'
[1.120s] INFO:colcon.colcon_core.shell:Creating environment descriptor '/home/patricia/Escritorio/Mecatronica-Proyecto/software/ros_ws/install/maya_pkg/share/maya_pkg/hook/pythonpath.dsv'
[1.120s] INFO:colcon.colcon_core.shell:Creating environment hook '/home/patricia/Escritorio/Mecatronica-Proyecto/software/ros_ws/install/maya_pkg/share/maya_pkg/hook/pythonpath.sh'
[1.121s] Level 1:colcon.colcon_core.environment:checking '/home/patricia/Escritorio/Mecatronica-Proyecto/software/ros_ws/install/maya_pkg/bin'
[1.121s] Level 1:colcon.colcon_core.environment:create_environment_scripts_only(maya_pkg)
[1.124s] INFO:colcon.colcon_core.shell:Creating package script '/home/patricia/Escritorio/Mecatronica-Proyecto/software/ros_ws/install/maya_pkg/share/maya_pkg/package.ps1'
[1.124s] INFO:colcon.colcon_core.shell:Creating package descriptor '/home/patricia/Escritorio/Mecatronica-Proyecto/software/ros_ws/install/maya_pkg/share/maya_pkg/package.dsv'
[1.124s] INFO:colcon.colcon_core.shell:Creating package script '/home/patricia/Escritorio/Mecatronica-Proyecto/software/ros_ws/install/maya_pkg/share/maya_pkg/package.sh'
[1.125s] INFO:colcon.colcon_core.shell:Creating package script '/home/patricia/Escritorio/Mecatronica-Proyecto/software/ros_ws/install/maya_pkg/share/maya_pkg/package.bash'
[1.125s] INFO:colcon.colcon_core.shell:Creating package script '/home/patricia/Escritorio/Mecatronica-Proyecto/software/ros_ws/install/maya_pkg/share/maya_pkg/package.zsh'
[1.125s] Level 1:colcon.colcon_core.environment:create_file_with_runtime_dependencies(/home/patricia/Escritorio/Mecatronica-Proyecto/software/ros_ws/install/maya_pkg/share/colcon-core/packages/maya_pkg)
[1.126s] DEBUG:colcon.colcon_parallel_executor.executor.parallel:closing loop
[1.126s] DEBUG:colcon.colcon_parallel_executor.executor.parallel:loop closed
[1.126s] DEBUG:colcon.colcon_parallel_executor.executor.parallel:run_until_complete finished with '0'
[1.126s] DEBUG:colcon.colcon_core.event_reactor:joining thread
[1.133s] INFO:colcon.colcon_core.plugin_system:Skipping extension 'colcon_notification.desktop_notification.terminal_notifier': Not used on non-Darwin systems
[1.133s] INFO:colcon.colcon_core.plugin_system:Skipping extension 'colcon_notification.desktop_notification.win32': Not used on non-Windows systems
[1.133s] INFO:colcon.colcon_notification.desktop_notification:Sending desktop notification using 'notify2'
[1.141s] DEBUG:colcon.colcon_core.event_reactor:joined thread
[1.145s] INFO:colcon.colcon_core.shell:Creating prefix script '/home/patricia/Escritorio/Mecatronica-Proyecto/software/ros_ws/install/local_setup.ps1'
[1.146s] INFO:colcon.colcon_core.shell:Creating prefix util module '/home/patricia/Escritorio/Mecatronica-Proyecto/software/ros_ws/install/_local_setup_util_ps1.py'
[1.148s] INFO:colcon.colcon_core.shell:Creating prefix chain script '/home/patricia/Escritorio/Mecatronica-Proyecto/software/ros_ws/install/setup.ps1'
[1.151s] INFO:colcon.colcon_core.shell:Creating prefix script '/home/patricia/Escritorio/Mecatronica-Proyecto/software/ros_ws/install/local_setup.sh'
[1.152s] INFO:colcon.colcon_core.shell:Creating prefix util module '/home/patricia/Escritorio/Mecatronica-Proyecto/software/ros_ws/install/_local_setup_util_sh.py'
[1.152s] INFO:colcon.colcon_core.shell:Creating prefix chain script '/home/patricia/Escritorio/Mecatronica-Proyecto/software/ros_ws/install/setup.sh'
[1.156s] INFO:colcon.colcon_core.shell:Creating prefix script '/home/patricia/Escritorio/Mecatronica-Proyecto/software/ros_ws/install/local_setup.bash'
[1.157s] INFO:colcon.colcon_core.shell:Creating prefix chain script '/home/patricia/Escritorio/Mecatronica-Proyecto/software/ros_ws/install/setup.bash'
[1.161s] INFO:colcon.colcon_core.shell:Creating prefix script '/home/patricia/Escritorio/Mecatronica-Proyecto/software/ros_ws/install/local_setup.zsh'
[1.162s] INFO:colcon.colcon_core.shell:Creating prefix chain script '/home/patricia/Escritorio/Mecatronica-Proyecto/software/ros_ws/install/setup.zsh'
