[0.041s] Invoking command in '/home/vidi/reposMecatronica/Mecatronica-Proyecto/software/ros_ws/build/maya_msgs': CMAKE_PREFIX_PATH=${CMAKE_PREFIX_PATH}:/home/vidi/reposMecatronica/Mecatronica-Proyecto/software/ros_ws/install/maya_pkg:/home/vidi/tfg/move_test/install/move_test:/home/vidi/tfg/ROS2-Ultimate-learners-Repository/install/tsc:/home/vidi/tfg/ROS2-Ultimate-learners-Repository/install/tracks_gazebo_worlds:/home/vidi/tfg/ROS2-Ultimate-learners-Repository/install/ros2_and_turtlesim_deep_dive:/home/vidi/tfg/ROS2-Ultimate-learners-Repository/install/prius_sdc:/home/vidi/tfg/ROS2-Ultimate-learners-Repository/install/mr_rehri:/home/vidi/tfg/ROS2-Ultimate-learners-Repository/install/custom_package:/home/vidi/tfg/ROS2-Ultimate-learners-Repository/install/custom_models:/home/vidi/tfg/ROS2-Ultimate-learners-Repository/install/bazu:/opt/ros/humble /usr/bin/cmake --build /home/vidi/reposMecatronica/Mecatronica-Proyecto/software/ros_ws/build/maya_msgs -- -j12 -l12
[0.101s] [35m[1mConsolidate compiler generated dependencies of target maya_msgs__rosidl_generator_c[0m
[0.114s] [  2%] Built target maya_msgs__cpp
[0.122s] [ 12%] Built target maya_msgs__rosidl_generator_c
[0.132s] [35m[1mConsolidate compiler generated dependencies of target maya_msgs__rosidl_typesupport_introspection_cpp[0m
[0.133s] [35m[1mConsolidate compiler generated dependencies of target maya_msgs__rosidl_typesupport_cpp[0m
[0.135s] [ 12%] Built target ament_cmake_python_symlink_maya_msgs
[0.138s] [35m[1mConsolidate compiler generated dependencies of target maya_msgs__rosidl_typesupport_fastrtps_cpp[0m
[0.138s] [35m[1mConsolidate compiler generated dependencies of target maya_msgs__rosidl_typesupport_introspection_c[0m
[0.143s] [35m[1mConsolidate compiler generated dependencies of target maya_msgs__rosidl_typesupport_c[0m
[0.143s] [35m[1mConsolidate compiler generated dependencies of target maya_msgs__rosidl_typesupport_fastrtps_c[0m
[0.158s] [ 41%] Built target maya_msgs__rosidl_typesupport_introspection_c
[0.158s] [ 41%] Built target maya_msgs__rosidl_typesupport_cpp
[0.158s] [ 43%] Built target maya_msgs__rosidl_typesupport_introspection_cpp
[0.161s] [ 53%] Built target maya_msgs__rosidl_typesupport_c
[0.167s] [ 64%] Built target maya_msgs__rosidl_typesupport_fastrtps_cpp
[0.169s] [ 74%] Built target maya_msgs__rosidl_typesupport_fastrtps_c
[0.200s] [ 74%] Built target maya_msgs
[0.231s] [ 76%] Built target maya_msgs__py
[0.247s] [35m[1mConsolidate compiler generated dependencies of target maya_msgs__rosidl_generator_py[0m
[0.268s] [ 84%] Built target maya_msgs__rosidl_generator_py
[0.284s] [35m[1mConsolidate compiler generated dependencies of target maya_msgs__rosidl_typesupport_c__pyext[0m
[0.284s] [35m[1mConsolidate compiler generated dependencies of target maya_msgs__rosidl_typesupport_fastrtps_c__pyext[0m
[0.285s] [35m[1mConsolidate compiler generated dependencies of target maya_msgs__rosidl_typesupport_introspection_c__pyext[0m
[0.301s] [ 89%] Built target maya_msgs__rosidl_typesupport_fastrtps_c__pyext
[0.304s] [100%] Built target maya_msgs__rosidl_typesupport_c__pyext
[0.304s] [100%] Built target maya_msgs__rosidl_typesupport_introspection_c__pyext
[0.526s] running egg_info
[0.527s] writing maya_msgs.egg-info/PKG-INFO
[0.527s] writing dependency_links to maya_msgs.egg-info/dependency_links.txt
[0.528s] writing top-level names to maya_msgs.egg-info/top_level.txt
[0.532s] reading manifest file 'maya_msgs.egg-info/SOURCES.txt'
[0.532s] writing manifest file 'maya_msgs.egg-info/SOURCES.txt'
[0.592s] [100%] Built target ament_cmake_python_build_maya_msgs_egg
[0.610s] Invoked command in '/home/vidi/reposMecatronica/Mecatronica-Proyecto/software/ros_ws/build/maya_msgs' returned '0': CMAKE_PREFIX_PATH=${CMAKE_PREFIX_PATH}:/home/vidi/reposMecatronica/Mecatronica-Proyecto/software/ros_ws/install/maya_pkg:/home/vidi/tfg/move_test/install/move_test:/home/vidi/tfg/ROS2-Ultimate-learners-Repository/install/tsc:/home/vidi/tfg/ROS2-Ultimate-learners-Repository/install/tracks_gazebo_worlds:/home/vidi/tfg/ROS2-Ultimate-learners-Repository/install/ros2_and_turtlesim_deep_dive:/home/vidi/tfg/ROS2-Ultimate-learners-Repository/install/prius_sdc:/home/vidi/tfg/ROS2-Ultimate-learners-Repository/install/mr_rehri:/home/vidi/tfg/ROS2-Ultimate-learners-Repository/install/custom_package:/home/vidi/tfg/ROS2-Ultimate-learners-Repository/install/custom_models:/home/vidi/tfg/ROS2-Ultimate-learners-Repository/install/bazu:/opt/ros/humble /usr/bin/cmake --build /home/vidi/reposMecatronica/Mecatronica-Proyecto/software/ros_ws/build/maya_msgs -- -j12 -l12
[0.747s] Invoking command in '/home/vidi/reposMecatronica/Mecatronica-Proyecto/software/ros_ws/build/maya_msgs': CMAKE_PREFIX_PATH=${CMAKE_PREFIX_PATH}:/home/vidi/reposMecatronica/Mecatronica-Proyecto/software/ros_ws/install/maya_pkg:/home/vidi/tfg/move_test/install/move_test:/home/vidi/tfg/ROS2-Ultimate-learners-Repository/install/tsc:/home/vidi/tfg/ROS2-Ultimate-learners-Repository/install/tracks_gazebo_worlds:/home/vidi/tfg/ROS2-Ultimate-learners-Repository/install/ros2_and_turtlesim_deep_dive:/home/vidi/tfg/ROS2-Ultimate-learners-Repository/install/prius_sdc:/home/vidi/tfg/ROS2-Ultimate-learners-Repository/install/mr_rehri:/home/vidi/tfg/ROS2-Ultimate-learners-Repository/install/custom_package:/home/vidi/tfg/ROS2-Ultimate-learners-Repository/install/custom_models:/home/vidi/tfg/ROS2-Ultimate-learners-Repository/install/bazu:/opt/ros/humble /usr/bin/cmake --install /home/vidi/reposMecatronica/Mecatronica-Proyecto/software/ros_ws/build/maya_msgs
[0.756s] -- Install configuration: ""
[0.757s] -- Execute custom install script
[0.757s] -- Up-to-date symlink: /home/vidi/reposMecatronica/Mecatronica-Proyecto/software/ros_ws/install/maya_msgs/share/ament_index/resource_index/rosidl_interfaces/maya_msgs
[0.758s] -- Up-to-date symlink: /home/vidi/reposMecatronica/Mecatronica-Proyecto/software/ros_ws/install/maya_msgs/include/maya_msgs/maya_msgs/msg/control.h
[0.758s] -- Up-to-date symlink: /home/vidi/reposMecatronica/Mecatronica-Proyecto/software/ros_ws/install/maya_msgs/include/maya_msgs/maya_msgs/msg/detail/control__functions.h
[0.758s] -- Up-to-date symlink: /home/vidi/reposMecatronica/Mecatronica-Proyecto/software/ros_ws/install/maya_msgs/include/maya_msgs/maya_msgs/msg/detail/control__struct.h
[0.759s] -- Up-to-date symlink: /home/vidi/reposMecatronica/Mecatronica-Proyecto/software/ros_ws/install/maya_msgs/include/maya_msgs/maya_msgs/msg/detail/control__type_support.h
[0.759s] -- Up-to-date symlink: /home/vidi/reposMecatronica/Mecatronica-Proyecto/software/ros_ws/install/maya_msgs/include/maya_msgs/maya_msgs/msg/detail/sound__functions.h
[0.759s] -- Up-to-date symlink: /home/vidi/reposMecatronica/Mecatronica-Proyecto/software/ros_ws/install/maya_msgs/include/maya_msgs/maya_msgs/msg/detail/sound__struct.h
[0.759s] -- Up-to-date symlink: /home/vidi/reposMecatronica/Mecatronica-Proyecto/software/ros_ws/install/maya_msgs/include/maya_msgs/maya_msgs/msg/detail/sound__type_support.h
[0.760s] -- Up-to-date symlink: /home/vidi/reposMecatronica/Mecatronica-Proyecto/software/ros_ws/install/maya_msgs/include/maya_msgs/maya_msgs/msg/rosidl_generator_c__visibility_control.h
[0.760s] -- Up-to-date symlink: /home/vidi/reposMecatronica/Mecatronica-Proyecto/software/ros_ws/install/maya_msgs/include/maya_msgs/maya_msgs/msg/sound.h
[0.760s] -- Up-to-date symlink: /home/vidi/reposMecatronica/Mecatronica-Proyecto/software/ros_ws/install/maya_msgs/share/maya_msgs/environment/library_path.sh
[0.760s] -- Up-to-date symlink: /home/vidi/reposMecatronica/Mecatronica-Proyecto/software/ros_ws/install/maya_msgs/share/maya_msgs/environment/library_path.dsv
[0.760s] -- Up-to-date symlink: /home/vidi/reposMecatronica/Mecatronica-Proyecto/software/ros_ws/install/maya_msgs/include/maya_msgs/maya_msgs/msg/detail/control__rosidl_typesupport_fastrtps_c.h
[0.761s] -- Up-to-date symlink: /home/vidi/reposMecatronica/Mecatronica-Proyecto/software/ros_ws/install/maya_msgs/include/maya_msgs/maya_msgs/msg/detail/sound__rosidl_typesupport_fastrtps_c.h
[0.761s] -- Up-to-date symlink: /home/vidi/reposMecatronica/Mecatronica-Proyecto/software/ros_ws/install/maya_msgs/include/maya_msgs/maya_msgs/msg/rosidl_typesupport_fastrtps_c__visibility_control.h
[0.761s] -- Up-to-date symlink: /home/vidi/reposMecatronica/Mecatronica-Proyecto/software/ros_ws/install/maya_msgs/include/maya_msgs/maya_msgs/msg/detail/control__rosidl_typesupport_introspection_c.h
[0.761s] -- Up-to-date symlink: /home/vidi/reposMecatronica/Mecatronica-Proyecto/software/ros_ws/install/maya_msgs/include/maya_msgs/maya_msgs/msg/detail/sound__rosidl_typesupport_introspection_c.h
[0.761s] -- Up-to-date symlink: /home/vidi/reposMecatronica/Mecatronica-Proyecto/software/ros_ws/install/maya_msgs/include/maya_msgs/maya_msgs/msg/rosidl_typesupport_introspection_c__visibility_control.h
[0.762s] -- Up-to-date symlink: /home/vidi/reposMecatronica/Mecatronica-Proyecto/software/ros_ws/install/maya_msgs/include/maya_msgs/maya_msgs/msg/control.hpp
[0.762s] -- Up-to-date symlink: /home/vidi/reposMecatronica/Mecatronica-Proyecto/software/ros_ws/install/maya_msgs/include/maya_msgs/maya_msgs/msg/detail/control__builder.hpp
[0.762s] -- Up-to-date symlink: /home/vidi/reposMecatronica/Mecatronica-Proyecto/software/ros_ws/install/maya_msgs/include/maya_msgs/maya_msgs/msg/detail/control__struct.hpp
[0.762s] -- Up-to-date symlink: /home/vidi/reposMecatronica/Mecatronica-Proyecto/software/ros_ws/install/maya_msgs/include/maya_msgs/maya_msgs/msg/detail/control__traits.hpp
[0.763s] -- Up-to-date symlink: /home/vidi/reposMecatronica/Mecatronica-Proyecto/software/ros_ws/install/maya_msgs/include/maya_msgs/maya_msgs/msg/detail/sound__builder.hpp
[0.763s] -- Up-to-date symlink: /home/vidi/reposMecatronica/Mecatronica-Proyecto/software/ros_ws/install/maya_msgs/include/maya_msgs/maya_msgs/msg/detail/sound__struct.hpp
[0.763s] -- Up-to-date symlink: /home/vidi/reposMecatronica/Mecatronica-Proyecto/software/ros_ws/install/maya_msgs/include/maya_msgs/maya_msgs/msg/detail/sound__traits.hpp
[0.763s] -- Up-to-date symlink: /home/vidi/reposMecatronica/Mecatronica-Proyecto/software/ros_ws/install/maya_msgs/include/maya_msgs/maya_msgs/msg/sound.hpp
[0.763s] -- Up-to-date symlink: /home/vidi/reposMecatronica/Mecatronica-Proyecto/software/ros_ws/install/maya_msgs/include/maya_msgs/maya_msgs/msg/detail/control__rosidl_typesupport_fastrtps_cpp.hpp
[0.764s] -- Up-to-date symlink: /home/vidi/reposMecatronica/Mecatronica-Proyecto/software/ros_ws/install/maya_msgs/include/maya_msgs/maya_msgs/msg/detail/sound__rosidl_typesupport_fastrtps_cpp.hpp
[0.764s] -- Up-to-date symlink: /home/vidi/reposMecatronica/Mecatronica-Proyecto/software/ros_ws/install/maya_msgs/include/maya_msgs/maya_msgs/msg/rosidl_typesupport_fastrtps_cpp__visibility_control.h
[0.764s] -- Up-to-date symlink: /home/vidi/reposMecatronica/Mecatronica-Proyecto/software/ros_ws/install/maya_msgs/include/maya_msgs/maya_msgs/msg/detail/control__rosidl_typesupport_introspection_cpp.hpp
[0.764s] -- Up-to-date symlink: /home/vidi/reposMecatronica/Mecatronica-Proyecto/software/ros_ws/install/maya_msgs/include/maya_msgs/maya_msgs/msg/detail/sound__rosidl_typesupport_introspection_cpp.hpp
[0.764s] -- Up-to-date symlink: /home/vidi/reposMecatronica/Mecatronica-Proyecto/software/ros_ws/install/maya_msgs/share/maya_msgs/environment/pythonpath.sh
[0.765s] -- Up-to-date symlink: /home/vidi/reposMecatronica/Mecatronica-Proyecto/software/ros_ws/install/maya_msgs/share/maya_msgs/environment/pythonpath.dsv
[0.765s] -- Up-to-date symlink: /home/vidi/reposMecatronica/Mecatronica-Proyecto/software/ros_ws/install/maya_msgs/local/lib/python3.10/dist-packages/maya_msgs-0.0.0-py3.10.egg-info/PKG-INFO
[0.765s] -- Up-to-date symlink: /home/vidi/reposMecatronica/Mecatronica-Proyecto/software/ros_ws/install/maya_msgs/local/lib/python3.10/dist-packages/maya_msgs-0.0.0-py3.10.egg-info/SOURCES.txt
[0.765s] -- Up-to-date symlink: /home/vidi/reposMecatronica/Mecatronica-Proyecto/software/ros_ws/install/maya_msgs/local/lib/python3.10/dist-packages/maya_msgs-0.0.0-py3.10.egg-info/dependency_links.txt
[0.766s] -- Up-to-date symlink: /home/vidi/reposMecatronica/Mecatronica-Proyecto/software/ros_ws/install/maya_msgs/local/lib/python3.10/dist-packages/maya_msgs-0.0.0-py3.10.egg-info/top_level.txt
[0.766s] -- Up-to-date symlink: /home/vidi/reposMecatronica/Mecatronica-Proyecto/software/ros_ws/install/maya_msgs/local/lib/python3.10/dist-packages/maya_msgs/__init__.py
[0.766s] -- Up-to-date symlink: /home/vidi/reposMecatronica/Mecatronica-Proyecto/software/ros_ws/install/maya_msgs/local/lib/python3.10/dist-packages/maya_msgs/_maya_msgs_s.ep.rosidl_typesupport_c.c
[0.766s] -- Up-to-date symlink: /home/vidi/reposMecatronica/Mecatronica-Proyecto/software/ros_ws/install/maya_msgs/local/lib/python3.10/dist-packages/maya_msgs/_maya_msgs_s.ep.rosidl_typesupport_fastrtps_c.c
[0.766s] -- Up-to-date symlink: /home/vidi/reposMecatronica/Mecatronica-Proyecto/software/ros_ws/install/maya_msgs/local/lib/python3.10/dist-packages/maya_msgs/_maya_msgs_s.ep.rosidl_typesupport_introspection_c.c
[0.767s] -- Up-to-date symlink: /home/vidi/reposMecatronica/Mecatronica-Proyecto/software/ros_ws/install/maya_msgs/local/lib/python3.10/dist-packages/maya_msgs/libmaya_msgs__rosidl_generator_py.so
[0.767s] -- Up-to-date symlink: /home/vidi/reposMecatronica/Mecatronica-Proyecto/software/ros_ws/install/maya_msgs/local/lib/python3.10/dist-packages/maya_msgs/maya_msgs_s__rosidl_typesupport_c.cpython-310-x86_64-linux-gnu.so
[0.767s] -- Up-to-date symlink: /home/vidi/reposMecatronica/Mecatronica-Proyecto/software/ros_ws/install/maya_msgs/local/lib/python3.10/dist-packages/maya_msgs/maya_msgs_s__rosidl_typesupport_fastrtps_c.cpython-310-x86_64-linux-gnu.so
[0.767s] -- Up-to-date symlink: /home/vidi/reposMecatronica/Mecatronica-Proyecto/software/ros_ws/install/maya_msgs/local/lib/python3.10/dist-packages/maya_msgs/maya_msgs_s__rosidl_typesupport_introspection_c.cpython-310-x86_64-linux-gnu.so
[0.768s] -- Up-to-date symlink: /home/vidi/reposMecatronica/Mecatronica-Proyecto/software/ros_ws/install/maya_msgs/local/lib/python3.10/dist-packages/maya_msgs/msg/__init__.py
[0.768s] -- Up-to-date symlink: /home/vidi/reposMecatronica/Mecatronica-Proyecto/software/ros_ws/install/maya_msgs/local/lib/python3.10/dist-packages/maya_msgs/msg/_control.py
[0.768s] -- Up-to-date symlink: /home/vidi/reposMecatronica/Mecatronica-Proyecto/software/ros_ws/install/maya_msgs/local/lib/python3.10/dist-packages/maya_msgs/msg/_control_s.c
[0.768s] -- Up-to-date symlink: /home/vidi/reposMecatronica/Mecatronica-Proyecto/software/ros_ws/install/maya_msgs/local/lib/python3.10/dist-packages/maya_msgs/msg/_sound.py
[0.768s] -- Up-to-date symlink: /home/vidi/reposMecatronica/Mecatronica-Proyecto/software/ros_ws/install/maya_msgs/local/lib/python3.10/dist-packages/maya_msgs/msg/_sound_s.c
[0.769s] -- Up-to-date symlink: /home/vidi/reposMecatronica/Mecatronica-Proyecto/software/ros_ws/install/maya_msgs/local/lib/python3.10/dist-packages/maya_msgs/maya_msgs_s__rosidl_typesupport_fastrtps_c.cpython-310-x86_64-linux-gnu.so
[0.769s] -- Up-to-date symlink: /home/vidi/reposMecatronica/Mecatronica-Proyecto/software/ros_ws/install/maya_msgs/local/lib/python3.10/dist-packages/maya_msgs/maya_msgs_s__rosidl_typesupport_introspection_c.cpython-310-x86_64-linux-gnu.so
[0.769s] -- Up-to-date symlink: /home/vidi/reposMecatronica/Mecatronica-Proyecto/software/ros_ws/install/maya_msgs/local/lib/python3.10/dist-packages/maya_msgs/maya_msgs_s__rosidl_typesupport_c.cpython-310-x86_64-linux-gnu.so
[0.769s] -- Up-to-date symlink: /home/vidi/reposMecatronica/Mecatronica-Proyecto/software/ros_ws/install/maya_msgs/share/maya_msgs/msg/Control.idl
[0.770s] -- Up-to-date symlink: /home/vidi/reposMecatronica/Mecatronica-Proyecto/software/ros_ws/install/maya_msgs/share/maya_msgs/msg/Sound.idl
[0.770s] -- Up-to-date symlink: /home/vidi/reposMecatronica/Mecatronica-Proyecto/software/ros_ws/install/maya_msgs/share/maya_msgs/msg/Control.msg
[0.770s] -- Up-to-date symlink: /home/vidi/reposMecatronica/Mecatronica-Proyecto/software/ros_ws/install/maya_msgs/share/maya_msgs/msg/Sound.msg
[0.770s] -- Up-to-date symlink: /home/vidi/reposMecatronica/Mecatronica-Proyecto/software/ros_ws/install/maya_msgs/share/ament_index/resource_index/package_run_dependencies/maya_msgs
[0.770s] -- Up-to-date symlink: /home/vidi/reposMecatronica/Mecatronica-Proyecto/software/ros_ws/install/maya_msgs/share/ament_index/resource_index/parent_prefix_path/maya_msgs
[0.771s] -- Up-to-date symlink: /home/vidi/reposMecatronica/Mecatronica-Proyecto/software/ros_ws/install/maya_msgs/share/maya_msgs/environment/ament_prefix_path.sh
[0.771s] -- Up-to-date symlink: /home/vidi/reposMecatronica/Mecatronica-Proyecto/software/ros_ws/install/maya_msgs/share/maya_msgs/environment/ament_prefix_path.dsv
[0.771s] -- Up-to-date symlink: /home/vidi/reposMecatronica/Mecatronica-Proyecto/software/ros_ws/install/maya_msgs/share/maya_msgs/environment/path.sh
[0.771s] -- Up-to-date symlink: /home/vidi/reposMecatronica/Mecatronica-Proyecto/software/ros_ws/install/maya_msgs/share/maya_msgs/environment/path.dsv
[0.771s] -- Up-to-date symlink: /home/vidi/reposMecatronica/Mecatronica-Proyecto/software/ros_ws/install/maya_msgs/share/maya_msgs/local_setup.bash
[0.772s] -- Up-to-date symlink: /home/vidi/reposMecatronica/Mecatronica-Proyecto/software/ros_ws/install/maya_msgs/share/maya_msgs/local_setup.sh
[0.772s] -- Up-to-date symlink: /home/vidi/reposMecatronica/Mecatronica-Proyecto/software/ros_ws/install/maya_msgs/share/maya_msgs/local_setup.zsh
[0.772s] -- Up-to-date symlink: /home/vidi/reposMecatronica/Mecatronica-Proyecto/software/ros_ws/install/maya_msgs/share/maya_msgs/local_setup.dsv
[0.772s] -- Symlinking: /home/vidi/reposMecatronica/Mecatronica-Proyecto/software/ros_ws/install/maya_msgs/share/maya_msgs/package.dsv
[0.788s] -- Up-to-date symlink: /home/vidi/reposMecatronica/Mecatronica-Proyecto/software/ros_ws/install/maya_msgs/share/ament_index/resource_index/packages/maya_msgs
[0.788s] -- Up-to-date symlink: /home/vidi/reposMecatronica/Mecatronica-Proyecto/software/ros_ws/install/maya_msgs/share/maya_msgs/cmake/rosidl_cmake-extras.cmake
[0.789s] -- Up-to-date symlink: /home/vidi/reposMecatronica/Mecatronica-Proyecto/software/ros_ws/install/maya_msgs/share/maya_msgs/cmake/ament_cmake_export_include_directories-extras.cmake
[0.789s] -- Up-to-date symlink: /home/vidi/reposMecatronica/Mecatronica-Proyecto/software/ros_ws/install/maya_msgs/share/maya_msgs/cmake/ament_cmake_export_libraries-extras.cmake
[0.789s] -- Up-to-date symlink: /home/vidi/reposMecatronica/Mecatronica-Proyecto/software/ros_ws/install/maya_msgs/share/maya_msgs/cmake/ament_cmake_export_targets-extras.cmake
[0.789s] -- Up-to-date symlink: /home/vidi/reposMecatronica/Mecatronica-Proyecto/software/ros_ws/install/maya_msgs/share/maya_msgs/cmake/rosidl_cmake_export_typesupport_targets-extras.cmake
[0.790s] -- Up-to-date symlink: /home/vidi/reposMecatronica/Mecatronica-Proyecto/software/ros_ws/install/maya_msgs/share/maya_msgs/cmake/ament_cmake_export_dependencies-extras.cmake
[0.790s] -- Up-to-date symlink: /home/vidi/reposMecatronica/Mecatronica-Proyecto/software/ros_ws/install/maya_msgs/share/maya_msgs/cmake/rosidl_cmake_export_typesupport_libraries-extras.cmake
[0.790s] -- Up-to-date symlink: /home/vidi/reposMecatronica/Mecatronica-Proyecto/software/ros_ws/install/maya_msgs/share/maya_msgs/cmake/maya_msgsConfig.cmake
[0.790s] -- Up-to-date symlink: /home/vidi/reposMecatronica/Mecatronica-Proyecto/software/ros_ws/install/maya_msgs/share/maya_msgs/cmake/maya_msgsConfig-version.cmake
[0.791s] -- Up-to-date symlink: /home/vidi/reposMecatronica/Mecatronica-Proyecto/software/ros_ws/install/maya_msgs/share/maya_msgs/package.xml
[0.791s] -- Up-to-date: /home/vidi/reposMecatronica/Mecatronica-Proyecto/software/ros_ws/install/maya_msgs/lib/libmaya_msgs__rosidl_generator_c.so
[0.791s] -- Up-to-date: /home/vidi/reposMecatronica/Mecatronica-Proyecto/software/ros_ws/install/maya_msgs/lib/libmaya_msgs__rosidl_typesupport_fastrtps_c.so
[0.791s] -- Up-to-date: /home/vidi/reposMecatronica/Mecatronica-Proyecto/software/ros_ws/install/maya_msgs/lib/libmaya_msgs__rosidl_typesupport_introspection_c.so
[0.792s] -- Up-to-date: /home/vidi/reposMecatronica/Mecatronica-Proyecto/software/ros_ws/install/maya_msgs/lib/libmaya_msgs__rosidl_typesupport_c.so
[0.792s] -- Up-to-date: /home/vidi/reposMecatronica/Mecatronica-Proyecto/software/ros_ws/install/maya_msgs/lib/libmaya_msgs__rosidl_typesupport_fastrtps_cpp.so
[0.792s] -- Up-to-date: /home/vidi/reposMecatronica/Mecatronica-Proyecto/software/ros_ws/install/maya_msgs/lib/libmaya_msgs__rosidl_typesupport_introspection_cpp.so
[0.792s] -- Up-to-date: /home/vidi/reposMecatronica/Mecatronica-Proyecto/software/ros_ws/install/maya_msgs/lib/libmaya_msgs__rosidl_typesupport_cpp.so
[0.863s] Listing '/home/vidi/reposMecatronica/Mecatronica-Proyecto/software/ros_ws/install/maya_msgs/local/lib/python3.10/dist-packages/maya_msgs'...
[0.863s] Listing '/home/vidi/reposMecatronica/Mecatronica-Proyecto/software/ros_ws/install/maya_msgs/local/lib/python3.10/dist-packages/maya_msgs/msg'...
[0.870s] -- Up-to-date: /home/vidi/reposMecatronica/Mecatronica-Proyecto/software/ros_ws/install/maya_msgs/lib/libmaya_msgs__rosidl_generator_py.so
[0.871s] -- Up-to-date: /home/vidi/reposMecatronica/Mecatronica-Proyecto/software/ros_ws/install/maya_msgs/share/maya_msgs/cmake/export_maya_msgs__rosidl_generator_cExport.cmake
[0.871s] -- Up-to-date: /home/vidi/reposMecatronica/Mecatronica-Proyecto/software/ros_ws/install/maya_msgs/share/maya_msgs/cmake/export_maya_msgs__rosidl_generator_cExport-noconfig.cmake
[0.871s] -- Up-to-date: /home/vidi/reposMecatronica/Mecatronica-Proyecto/software/ros_ws/install/maya_msgs/share/maya_msgs/cmake/export_maya_msgs__rosidl_typesupport_fastrtps_cExport.cmake
[0.871s] -- Up-to-date: /home/vidi/reposMecatronica/Mecatronica-Proyecto/software/ros_ws/install/maya_msgs/share/maya_msgs/cmake/export_maya_msgs__rosidl_typesupport_fastrtps_cExport-noconfig.cmake
[0.872s] -- Up-to-date: /home/vidi/reposMecatronica/Mecatronica-Proyecto/software/ros_ws/install/maya_msgs/share/maya_msgs/cmake/maya_msgs__rosidl_typesupport_introspection_cExport.cmake
[0.872s] -- Up-to-date: /home/vidi/reposMecatronica/Mecatronica-Proyecto/software/ros_ws/install/maya_msgs/share/maya_msgs/cmake/maya_msgs__rosidl_typesupport_introspection_cExport-noconfig.cmake
[0.872s] -- Up-to-date: /home/vidi/reposMecatronica/Mecatronica-Proyecto/software/ros_ws/install/maya_msgs/share/maya_msgs/cmake/maya_msgs__rosidl_typesupport_cExport.cmake
[0.872s] -- Up-to-date: /home/vidi/reposMecatronica/Mecatronica-Proyecto/software/ros_ws/install/maya_msgs/share/maya_msgs/cmake/maya_msgs__rosidl_typesupport_cExport-noconfig.cmake
[0.873s] -- Up-to-date: /home/vidi/reposMecatronica/Mecatronica-Proyecto/software/ros_ws/install/maya_msgs/share/maya_msgs/cmake/export_maya_msgs__rosidl_generator_cppExport.cmake
[0.873s] -- Up-to-date: /home/vidi/reposMecatronica/Mecatronica-Proyecto/software/ros_ws/install/maya_msgs/share/maya_msgs/cmake/export_maya_msgs__rosidl_typesupport_fastrtps_cppExport.cmake
[0.873s] -- Up-to-date: /home/vidi/reposMecatronica/Mecatronica-Proyecto/software/ros_ws/install/maya_msgs/share/maya_msgs/cmake/export_maya_msgs__rosidl_typesupport_fastrtps_cppExport-noconfig.cmake
[0.873s] -- Up-to-date: /home/vidi/reposMecatronica/Mecatronica-Proyecto/software/ros_ws/install/maya_msgs/share/maya_msgs/cmake/maya_msgs__rosidl_typesupport_introspection_cppExport.cmake
[0.873s] -- Up-to-date: /home/vidi/reposMecatronica/Mecatronica-Proyecto/software/ros_ws/install/maya_msgs/share/maya_msgs/cmake/maya_msgs__rosidl_typesupport_introspection_cppExport-noconfig.cmake
[0.873s] -- Up-to-date: /home/vidi/reposMecatronica/Mecatronica-Proyecto/software/ros_ws/install/maya_msgs/share/maya_msgs/cmake/maya_msgs__rosidl_typesupport_cppExport.cmake
[0.874s] -- Up-to-date: /home/vidi/reposMecatronica/Mecatronica-Proyecto/software/ros_ws/install/maya_msgs/share/maya_msgs/cmake/maya_msgs__rosidl_typesupport_cppExport-noconfig.cmake
[0.874s] -- Up-to-date: /home/vidi/reposMecatronica/Mecatronica-Proyecto/software/ros_ws/install/maya_msgs/share/maya_msgs/cmake/export_maya_msgs__rosidl_generator_pyExport.cmake
[0.874s] -- Up-to-date: /home/vidi/reposMecatronica/Mecatronica-Proyecto/software/ros_ws/install/maya_msgs/share/maya_msgs/cmake/export_maya_msgs__rosidl_generator_pyExport-noconfig.cmake
[0.878s] Invoked command in '/home/vidi/reposMecatronica/Mecatronica-Proyecto/software/ros_ws/build/maya_msgs' returned '0': CMAKE_PREFIX_PATH=${CMAKE_PREFIX_PATH}:/home/vidi/reposMecatronica/Mecatronica-Proyecto/software/ros_ws/install/maya_pkg:/home/vidi/tfg/move_test/install/move_test:/home/vidi/tfg/ROS2-Ultimate-learners-Repository/install/tsc:/home/vidi/tfg/ROS2-Ultimate-learners-Repository/install/tracks_gazebo_worlds:/home/vidi/tfg/ROS2-Ultimate-learners-Repository/install/ros2_and_turtlesim_deep_dive:/home/vidi/tfg/ROS2-Ultimate-learners-Repository/install/prius_sdc:/home/vidi/tfg/ROS2-Ultimate-learners-Repository/install/mr_rehri:/home/vidi/tfg/ROS2-Ultimate-learners-Repository/install/custom_package:/home/vidi/tfg/ROS2-Ultimate-learners-Repository/install/custom_models:/home/vidi/tfg/ROS2-Ultimate-learners-Repository/install/bazu:/opt/ros/humble /usr/bin/cmake --install /home/vidi/reposMecatronica/Mecatronica-Proyecto/software/ros_ws/build/maya_msgs
