[35m[1mConsolidate compiler generated dependencies of target maya_msgs__rosidl_generator_c[0m
[  2%] Built target maya_msgs__cpp
[ 12%] Built target maya_msgs__rosidl_generator_c
[ 12%] Built target ament_cmake_python_copy_maya_msgs
[35m[1mConsolidate compiler generated dependencies of target maya_msgs__rosidl_typesupport_fastrtps_c[0m
[35m[1mConsolidate compiler generated dependencies of target maya_msgs__rosidl_typesupport_fastrtps_cpp[0m
[35m[1mConsolidate compiler generated dependencies of target maya_msgs__rosidl_typesupport_c[0m
[35m[1mConsolidate compiler generated dependencies of target maya_msgs__rosidl_typesupport_introspection_cpp[0m
[35m[1mConsolidate compiler generated dependencies of target maya_msgs__rosidl_typesupport_cpp[0m
[35m[1mConsolidate compiler generated dependencies of target maya_msgs__rosidl_typesupport_introspection_c[0m
[ 33%] Built target maya_msgs__rosidl_typesupport_fastrtps_c
[ 33%] Built target maya_msgs__rosidl_typesupport_fastrtps_cpp
[ 43%] Built target maya_msgs__rosidl_typesupport_c
[ 53%] Built target maya_msgs__rosidl_typesupport_introspection_cpp
[ 64%] Built target maya_msgs__rosidl_typesupport_introspection_c
[ 74%] Built target maya_msgs__rosidl_typesupport_cpp
[ 74%] Built target maya_msgs
[ 76%] Built target maya_msgs__py
[35m[1mConsolidate compiler generated dependencies of target maya_msgs__rosidl_generator_py[0m
[ 84%] Built target maya_msgs__rosidl_generator_py
[35m[1mConsolidate compiler generated dependencies of target maya_msgs__rosidl_typesupport_fastrtps_c__pyext[0m
[35m[1mConsolidate compiler generated dependencies of target maya_msgs__rosidl_typesupport_c__pyext[0m
[35m[1mConsolidate compiler generated dependencies of target maya_msgs__rosidl_typesupport_introspection_c__pyext[0m
[ 89%] Built target maya_msgs__rosidl_typesupport_c__pyext
[100%] Built target maya_msgs__rosidl_typesupport_introspection_c__pyext
[100%] Built target maya_msgs__rosidl_typesupport_fastrtps_c__pyext
running egg_info
writing maya_msgs.egg-info/PKG-INFO
writing dependency_links to maya_msgs.egg-info/dependency_links.txt
writing top-level names to maya_msgs.egg-info/top_level.txt
reading manifest file 'maya_msgs.egg-info/SOURCES.txt'
writing manifest file 'maya_msgs.egg-info/SOURCES.txt'
[100%] Built target ament_cmake_python_build_maya_msgs_egg
-- Install configuration: ""
-- Up-to-date: /home/patricia/Escritorio/Mecatronica-Proyecto/software/ros_ws/install/maya_msgs/share/ament_index/resource_index/rosidl_interfaces/maya_msgs
-- Up-to-date: /home/patricia/Escritorio/Mecatronica-Proyecto/software/ros_ws/install/maya_msgs/include/maya_msgs/maya_msgs
-- Up-to-date: /home/patricia/Escritorio/Mecatronica-Proyecto/software/ros_ws/install/maya_msgs/include/maya_msgs/maya_msgs/msg
-- Up-to-date: /home/patricia/Escritorio/Mecatronica-Proyecto/software/ros_ws/install/maya_msgs/include/maya_msgs/maya_msgs/msg/detail
-- Up-to-date: /home/patricia/Escritorio/Mecatronica-Proyecto/software/ros_ws/install/maya_msgs/include/maya_msgs/maya_msgs/msg/detail/sound__functions.h
-- Up-to-date: /home/patricia/Escritorio/Mecatronica-Proyecto/software/ros_ws/install/maya_msgs/include/maya_msgs/maya_msgs/msg/detail/control__functions.c
-- Up-to-date: /home/patricia/Escritorio/Mecatronica-Proyecto/software/ros_ws/install/maya_msgs/include/maya_msgs/maya_msgs/msg/detail/control__type_support.h
-- Up-to-date: /home/patricia/Escritorio/Mecatronica-Proyecto/software/ros_ws/install/maya_msgs/include/maya_msgs/maya_msgs/msg/detail/control__functions.h
-- Up-to-date: /home/patricia/Escritorio/Mecatronica-Proyecto/software/ros_ws/install/maya_msgs/include/maya_msgs/maya_msgs/msg/detail/sound__type_support.h
-- Up-to-date: /home/patricia/Escritorio/Mecatronica-Proyecto/software/ros_ws/install/maya_msgs/include/maya_msgs/maya_msgs/msg/detail/sound__functions.c
-- Up-to-date: /home/patricia/Escritorio/Mecatronica-Proyecto/software/ros_ws/install/maya_msgs/include/maya_msgs/maya_msgs/msg/detail/control__struct.h
-- Up-to-date: /home/patricia/Escritorio/Mecatronica-Proyecto/software/ros_ws/install/maya_msgs/include/maya_msgs/maya_msgs/msg/detail/sound__struct.h
-- Up-to-date: /home/patricia/Escritorio/Mecatronica-Proyecto/software/ros_ws/install/maya_msgs/include/maya_msgs/maya_msgs/msg/rosidl_generator_c__visibility_control.h
-- Up-to-date: /home/patricia/Escritorio/Mecatronica-Proyecto/software/ros_ws/install/maya_msgs/include/maya_msgs/maya_msgs/msg/control.h
-- Up-to-date: /home/patricia/Escritorio/Mecatronica-Proyecto/software/ros_ws/install/maya_msgs/include/maya_msgs/maya_msgs/msg/sound.h
-- Up-to-date: /home/patricia/Escritorio/Mecatronica-Proyecto/software/ros_ws/install/maya_msgs/share/maya_msgs/environment/library_path.sh
-- Up-to-date: /home/patricia/Escritorio/Mecatronica-Proyecto/software/ros_ws/install/maya_msgs/share/maya_msgs/environment/library_path.dsv
-- Up-to-date: /home/patricia/Escritorio/Mecatronica-Proyecto/software/ros_ws/install/maya_msgs/lib/libmaya_msgs__rosidl_generator_c.so
-- Up-to-date: /home/patricia/Escritorio/Mecatronica-Proyecto/software/ros_ws/install/maya_msgs/include/maya_msgs/maya_msgs
-- Up-to-date: /home/patricia/Escritorio/Mecatronica-Proyecto/software/ros_ws/install/maya_msgs/include/maya_msgs/maya_msgs/msg
-- Up-to-date: /home/patricia/Escritorio/Mecatronica-Proyecto/software/ros_ws/install/maya_msgs/include/maya_msgs/maya_msgs/msg/rosidl_typesupport_fastrtps_c__visibility_control.h
-- Up-to-date: /home/patricia/Escritorio/Mecatronica-Proyecto/software/ros_ws/install/maya_msgs/include/maya_msgs/maya_msgs/msg/detail
-- Up-to-date: /home/patricia/Escritorio/Mecatronica-Proyecto/software/ros_ws/install/maya_msgs/include/maya_msgs/maya_msgs/msg/detail/sound__rosidl_typesupport_fastrtps_c.h
-- Up-to-date: /home/patricia/Escritorio/Mecatronica-Proyecto/software/ros_ws/install/maya_msgs/include/maya_msgs/maya_msgs/msg/detail/control__rosidl_typesupport_fastrtps_c.h
-- Up-to-date: /home/patricia/Escritorio/Mecatronica-Proyecto/software/ros_ws/install/maya_msgs/lib/libmaya_msgs__rosidl_typesupport_fastrtps_c.so
-- Up-to-date: /home/patricia/Escritorio/Mecatronica-Proyecto/software/ros_ws/install/maya_msgs/include/maya_msgs/maya_msgs
-- Up-to-date: /home/patricia/Escritorio/Mecatronica-Proyecto/software/ros_ws/install/maya_msgs/include/maya_msgs/maya_msgs/msg
-- Up-to-date: /home/patricia/Escritorio/Mecatronica-Proyecto/software/ros_ws/install/maya_msgs/include/maya_msgs/maya_msgs/msg/detail
-- Up-to-date: /home/patricia/Escritorio/Mecatronica-Proyecto/software/ros_ws/install/maya_msgs/include/maya_msgs/maya_msgs/msg/detail/sound__rosidl_typesupport_introspection_c.h
-- Up-to-date: /home/patricia/Escritorio/Mecatronica-Proyecto/software/ros_ws/install/maya_msgs/include/maya_msgs/maya_msgs/msg/detail/sound__type_support.c
-- Up-to-date: /home/patricia/Escritorio/Mecatronica-Proyecto/software/ros_ws/install/maya_msgs/include/maya_msgs/maya_msgs/msg/detail/control__rosidl_typesupport_introspection_c.h
-- Up-to-date: /home/patricia/Escritorio/Mecatronica-Proyecto/software/ros_ws/install/maya_msgs/include/maya_msgs/maya_msgs/msg/detail/control__type_support.c
-- Up-to-date: /home/patricia/Escritorio/Mecatronica-Proyecto/software/ros_ws/install/maya_msgs/include/maya_msgs/maya_msgs/msg/rosidl_typesupport_introspection_c__visibility_control.h
-- Up-to-date: /home/patricia/Escritorio/Mecatronica-Proyecto/software/ros_ws/install/maya_msgs/lib/libmaya_msgs__rosidl_typesupport_introspection_c.so
-- Up-to-date: /home/patricia/Escritorio/Mecatronica-Proyecto/software/ros_ws/install/maya_msgs/lib/libmaya_msgs__rosidl_typesupport_c.so
-- Up-to-date: /home/patricia/Escritorio/Mecatronica-Proyecto/software/ros_ws/install/maya_msgs/include/maya_msgs/maya_msgs
-- Up-to-date: /home/patricia/Escritorio/Mecatronica-Proyecto/software/ros_ws/install/maya_msgs/include/maya_msgs/maya_msgs/msg
-- Up-to-date: /home/patricia/Escritorio/Mecatronica-Proyecto/software/ros_ws/install/maya_msgs/include/maya_msgs/maya_msgs/msg/control.hpp
-- Up-to-date: /home/patricia/Escritorio/Mecatronica-Proyecto/software/ros_ws/install/maya_msgs/include/maya_msgs/maya_msgs/msg/detail
-- Up-to-date: /home/patricia/Escritorio/Mecatronica-Proyecto/software/ros_ws/install/maya_msgs/include/maya_msgs/maya_msgs/msg/detail/sound__builder.hpp
-- Up-to-date: /home/patricia/Escritorio/Mecatronica-Proyecto/software/ros_ws/install/maya_msgs/include/maya_msgs/maya_msgs/msg/detail/control__struct.hpp
-- Up-to-date: /home/patricia/Escritorio/Mecatronica-Proyecto/software/ros_ws/install/maya_msgs/include/maya_msgs/maya_msgs/msg/detail/sound__traits.hpp
-- Up-to-date: /home/patricia/Escritorio/Mecatronica-Proyecto/software/ros_ws/install/maya_msgs/include/maya_msgs/maya_msgs/msg/detail/control__builder.hpp
-- Up-to-date: /home/patricia/Escritorio/Mecatronica-Proyecto/software/ros_ws/install/maya_msgs/include/maya_msgs/maya_msgs/msg/detail/sound__struct.hpp
-- Up-to-date: /home/patricia/Escritorio/Mecatronica-Proyecto/software/ros_ws/install/maya_msgs/include/maya_msgs/maya_msgs/msg/detail/control__traits.hpp
-- Up-to-date: /home/patricia/Escritorio/Mecatronica-Proyecto/software/ros_ws/install/maya_msgs/include/maya_msgs/maya_msgs/msg/sound.hpp
-- Up-to-date: /home/patricia/Escritorio/Mecatronica-Proyecto/software/ros_ws/install/maya_msgs/include/maya_msgs/maya_msgs
-- Up-to-date: /home/patricia/Escritorio/Mecatronica-Proyecto/software/ros_ws/install/maya_msgs/include/maya_msgs/maya_msgs/msg
-- Up-to-date: /home/patricia/Escritorio/Mecatronica-Proyecto/software/ros_ws/install/maya_msgs/include/maya_msgs/maya_msgs/msg/detail
-- Up-to-date: /home/patricia/Escritorio/Mecatronica-Proyecto/software/ros_ws/install/maya_msgs/include/maya_msgs/maya_msgs/msg/detail/control__rosidl_typesupport_fastrtps_cpp.hpp
-- Up-to-date: /home/patricia/Escritorio/Mecatronica-Proyecto/software/ros_ws/install/maya_msgs/include/maya_msgs/maya_msgs/msg/detail/sound__rosidl_typesupport_fastrtps_cpp.hpp
-- Up-to-date: /home/patricia/Escritorio/Mecatronica-Proyecto/software/ros_ws/install/maya_msgs/include/maya_msgs/maya_msgs/msg/detail/dds_fastrtps
-- Up-to-date: /home/patricia/Escritorio/Mecatronica-Proyecto/software/ros_ws/install/maya_msgs/include/maya_msgs/maya_msgs/msg/rosidl_typesupport_fastrtps_cpp__visibility_control.h
-- Up-to-date: /home/patricia/Escritorio/Mecatronica-Proyecto/software/ros_ws/install/maya_msgs/lib/libmaya_msgs__rosidl_typesupport_fastrtps_cpp.so
-- Up-to-date: /home/patricia/Escritorio/Mecatronica-Proyecto/software/ros_ws/install/maya_msgs/include/maya_msgs/maya_msgs
-- Up-to-date: /home/patricia/Escritorio/Mecatronica-Proyecto/software/ros_ws/install/maya_msgs/include/maya_msgs/maya_msgs/msg
-- Up-to-date: /home/patricia/Escritorio/Mecatronica-Proyecto/software/ros_ws/install/maya_msgs/include/maya_msgs/maya_msgs/msg/detail
-- Up-to-date: /home/patricia/Escritorio/Mecatronica-Proyecto/software/ros_ws/install/maya_msgs/include/maya_msgs/maya_msgs/msg/detail/sound__type_support.cpp
-- Up-to-date: /home/patricia/Escritorio/Mecatronica-Proyecto/software/ros_ws/install/maya_msgs/include/maya_msgs/maya_msgs/msg/detail/control__type_support.cpp
-- Up-to-date: /home/patricia/Escritorio/Mecatronica-Proyecto/software/ros_ws/install/maya_msgs/include/maya_msgs/maya_msgs/msg/detail/sound__rosidl_typesupport_introspection_cpp.hpp
-- Up-to-date: /home/patricia/Escritorio/Mecatronica-Proyecto/software/ros_ws/install/maya_msgs/include/maya_msgs/maya_msgs/msg/detail/control__rosidl_typesupport_introspection_cpp.hpp
-- Up-to-date: /home/patricia/Escritorio/Mecatronica-Proyecto/software/ros_ws/install/maya_msgs/lib/libmaya_msgs__rosidl_typesupport_introspection_cpp.so
-- Up-to-date: /home/patricia/Escritorio/Mecatronica-Proyecto/software/ros_ws/install/maya_msgs/lib/libmaya_msgs__rosidl_typesupport_cpp.so
-- Up-to-date: /home/patricia/Escritorio/Mecatronica-Proyecto/software/ros_ws/install/maya_msgs/share/maya_msgs/environment/pythonpath.sh
-- Up-to-date: /home/patricia/Escritorio/Mecatronica-Proyecto/software/ros_ws/install/maya_msgs/share/maya_msgs/environment/pythonpath.dsv
-- Up-to-date: /home/patricia/Escritorio/Mecatronica-Proyecto/software/ros_ws/install/maya_msgs/local/lib/python3.10/dist-packages/maya_msgs-0.0.0-py3.10.egg-info
-- Installing: /home/patricia/Escritorio/Mecatronica-Proyecto/software/ros_ws/install/maya_msgs/local/lib/python3.10/dist-packages/maya_msgs-0.0.0-py3.10.egg-info/dependency_links.txt
-- Installing: /home/patricia/Escritorio/Mecatronica-Proyecto/software/ros_ws/install/maya_msgs/local/lib/python3.10/dist-packages/maya_msgs-0.0.0-py3.10.egg-info/top_level.txt
-- Installing: /home/patricia/Escritorio/Mecatronica-Proyecto/software/ros_ws/install/maya_msgs/local/lib/python3.10/dist-packages/maya_msgs-0.0.0-py3.10.egg-info/SOURCES.txt
-- Installing: /home/patricia/Escritorio/Mecatronica-Proyecto/software/ros_ws/install/maya_msgs/local/lib/python3.10/dist-packages/maya_msgs-0.0.0-py3.10.egg-info/PKG-INFO
-- Up-to-date: /home/patricia/Escritorio/Mecatronica-Proyecto/software/ros_ws/install/maya_msgs/local/lib/python3.10/dist-packages/maya_msgs
-- Up-to-date: /home/patricia/Escritorio/Mecatronica-Proyecto/software/ros_ws/install/maya_msgs/local/lib/python3.10/dist-packages/maya_msgs/maya_msgs_s__rosidl_typesupport_c.cpython-310-x86_64-linux-gnu.so
-- Up-to-date: /home/patricia/Escritorio/Mecatronica-Proyecto/software/ros_ws/install/maya_msgs/local/lib/python3.10/dist-packages/maya_msgs/maya_msgs_s__rosidl_typesupport_introspection_c.cpython-310-x86_64-linux-gnu.so
-- Up-to-date: /home/patricia/Escritorio/Mecatronica-Proyecto/software/ros_ws/install/maya_msgs/local/lib/python3.10/dist-packages/maya_msgs/_maya_msgs_s.ep.rosidl_typesupport_c.c
-- Up-to-date: /home/patricia/Escritorio/Mecatronica-Proyecto/software/ros_ws/install/maya_msgs/local/lib/python3.10/dist-packages/maya_msgs/msg
-- Up-to-date: /home/patricia/Escritorio/Mecatronica-Proyecto/software/ros_ws/install/maya_msgs/local/lib/python3.10/dist-packages/maya_msgs/msg/_control_s.c
-- Up-to-date: /home/patricia/Escritorio/Mecatronica-Proyecto/software/ros_ws/install/maya_msgs/local/lib/python3.10/dist-packages/maya_msgs/msg/_sound_s.c
-- Up-to-date: /home/patricia/Escritorio/Mecatronica-Proyecto/software/ros_ws/install/maya_msgs/local/lib/python3.10/dist-packages/maya_msgs/msg/__init__.py
-- Up-to-date: /home/patricia/Escritorio/Mecatronica-Proyecto/software/ros_ws/install/maya_msgs/local/lib/python3.10/dist-packages/maya_msgs/msg/_control.py
-- Up-to-date: /home/patricia/Escritorio/Mecatronica-Proyecto/software/ros_ws/install/maya_msgs/local/lib/python3.10/dist-packages/maya_msgs/msg/_sound.py
-- Up-to-date: /home/patricia/Escritorio/Mecatronica-Proyecto/software/ros_ws/install/maya_msgs/local/lib/python3.10/dist-packages/maya_msgs/_maya_msgs_s.ep.rosidl_typesupport_introspection_c.c
-- Up-to-date: /home/patricia/Escritorio/Mecatronica-Proyecto/software/ros_ws/install/maya_msgs/local/lib/python3.10/dist-packages/maya_msgs/__init__.py
-- Up-to-date: /home/patricia/Escritorio/Mecatronica-Proyecto/software/ros_ws/install/maya_msgs/local/lib/python3.10/dist-packages/maya_msgs/_maya_msgs_s.ep.rosidl_typesupport_fastrtps_c.c
-- Up-to-date: /home/patricia/Escritorio/Mecatronica-Proyecto/software/ros_ws/install/maya_msgs/local/lib/python3.10/dist-packages/maya_msgs/libmaya_msgs__rosidl_generator_py.so
-- Up-to-date: /home/patricia/Escritorio/Mecatronica-Proyecto/software/ros_ws/install/maya_msgs/local/lib/python3.10/dist-packages/maya_msgs/maya_msgs_s__rosidl_typesupport_fastrtps_c.cpython-310-x86_64-linux-gnu.so
Listing '/home/patricia/Escritorio/Mecatronica-Proyecto/software/ros_ws/install/maya_msgs/local/lib/python3.10/dist-packages/maya_msgs'...
Listing '/home/patricia/Escritorio/Mecatronica-Proyecto/software/ros_ws/install/maya_msgs/local/lib/python3.10/dist-packages/maya_msgs/msg'...
-- Up-to-date: /home/patricia/Escritorio/Mecatronica-Proyecto/software/ros_ws/install/maya_msgs/local/lib/python3.10/dist-packages/maya_msgs/maya_msgs_s__rosidl_typesupport_fastrtps_c.cpython-310-x86_64-linux-gnu.so
-- Up-to-date: /home/patricia/Escritorio/Mecatronica-Proyecto/software/ros_ws/install/maya_msgs/local/lib/python3.10/dist-packages/maya_msgs/maya_msgs_s__rosidl_typesupport_introspection_c.cpython-310-x86_64-linux-gnu.so
-- Up-to-date: /home/patricia/Escritorio/Mecatronica-Proyecto/software/ros_ws/install/maya_msgs/local/lib/python3.10/dist-packages/maya_msgs/maya_msgs_s__rosidl_typesupport_c.cpython-310-x86_64-linux-gnu.so
-- Up-to-date: /home/patricia/Escritorio/Mecatronica-Proyecto/software/ros_ws/install/maya_msgs/lib/libmaya_msgs__rosidl_generator_py.so
-- Up-to-date: /home/patricia/Escritorio/Mecatronica-Proyecto/software/ros_ws/install/maya_msgs/share/maya_msgs/msg/Control.idl
-- Up-to-date: /home/patricia/Escritorio/Mecatronica-Proyecto/software/ros_ws/install/maya_msgs/share/maya_msgs/msg/Sound.idl
-- Up-to-date: /home/patricia/Escritorio/Mecatronica-Proyecto/software/ros_ws/install/maya_msgs/share/maya_msgs/msg/Control.msg
-- Up-to-date: /home/patricia/Escritorio/Mecatronica-Proyecto/software/ros_ws/install/maya_msgs/share/maya_msgs/msg/Sound.msg
-- Up-to-date: /home/patricia/Escritorio/Mecatronica-Proyecto/software/ros_ws/install/maya_msgs/share/ament_index/resource_index/package_run_dependencies/maya_msgs
-- Up-to-date: /home/patricia/Escritorio/Mecatronica-Proyecto/software/ros_ws/install/maya_msgs/share/ament_index/resource_index/parent_prefix_path/maya_msgs
-- Up-to-date: /home/patricia/Escritorio/Mecatronica-Proyecto/software/ros_ws/install/maya_msgs/share/maya_msgs/environment/ament_prefix_path.sh
-- Up-to-date: /home/patricia/Escritorio/Mecatronica-Proyecto/software/ros_ws/install/maya_msgs/share/maya_msgs/environment/ament_prefix_path.dsv
-- Up-to-date: /home/patricia/Escritorio/Mecatronica-Proyecto/software/ros_ws/install/maya_msgs/share/maya_msgs/environment/path.sh
-- Up-to-date: /home/patricia/Escritorio/Mecatronica-Proyecto/software/ros_ws/install/maya_msgs/share/maya_msgs/environment/path.dsv
-- Up-to-date: /home/patricia/Escritorio/Mecatronica-Proyecto/software/ros_ws/install/maya_msgs/share/maya_msgs/local_setup.bash
-- Up-to-date: /home/patricia/Escritorio/Mecatronica-Proyecto/software/ros_ws/install/maya_msgs/share/maya_msgs/local_setup.sh
-- Up-to-date: /home/patricia/Escritorio/Mecatronica-Proyecto/software/ros_ws/install/maya_msgs/share/maya_msgs/local_setup.zsh
-- Up-to-date: /home/patricia/Escritorio/Mecatronica-Proyecto/software/ros_ws/install/maya_msgs/share/maya_msgs/local_setup.dsv
-- Installing: /home/patricia/Escritorio/Mecatronica-Proyecto/software/ros_ws/install/maya_msgs/share/maya_msgs/package.dsv
-- Up-to-date: /home/patricia/Escritorio/Mecatronica-Proyecto/software/ros_ws/install/maya_msgs/share/ament_index/resource_index/packages/maya_msgs
-- Up-to-date: /home/patricia/Escritorio/Mecatronica-Proyecto/software/ros_ws/install/maya_msgs/share/maya_msgs/cmake/export_maya_msgs__rosidl_generator_cExport.cmake
-- Up-to-date: /home/patricia/Escritorio/Mecatronica-Proyecto/software/ros_ws/install/maya_msgs/share/maya_msgs/cmake/export_maya_msgs__rosidl_generator_cExport-noconfig.cmake
-- Up-to-date: /home/patricia/Escritorio/Mecatronica-Proyecto/software/ros_ws/install/maya_msgs/share/maya_msgs/cmake/export_maya_msgs__rosidl_typesupport_fastrtps_cExport.cmake
-- Up-to-date: /home/patricia/Escritorio/Mecatronica-Proyecto/software/ros_ws/install/maya_msgs/share/maya_msgs/cmake/export_maya_msgs__rosidl_typesupport_fastrtps_cExport-noconfig.cmake
-- Up-to-date: /home/patricia/Escritorio/Mecatronica-Proyecto/software/ros_ws/install/maya_msgs/share/maya_msgs/cmake/maya_msgs__rosidl_typesupport_introspection_cExport.cmake
-- Up-to-date: /home/patricia/Escritorio/Mecatronica-Proyecto/software/ros_ws/install/maya_msgs/share/maya_msgs/cmake/maya_msgs__rosidl_typesupport_introspection_cExport-noconfig.cmake
-- Up-to-date: /home/patricia/Escritorio/Mecatronica-Proyecto/software/ros_ws/install/maya_msgs/share/maya_msgs/cmake/maya_msgs__rosidl_typesupport_cExport.cmake
-- Up-to-date: /home/patricia/Escritorio/Mecatronica-Proyecto/software/ros_ws/install/maya_msgs/share/maya_msgs/cmake/maya_msgs__rosidl_typesupport_cExport-noconfig.cmake
-- Up-to-date: /home/patricia/Escritorio/Mecatronica-Proyecto/software/ros_ws/install/maya_msgs/share/maya_msgs/cmake/export_maya_msgs__rosidl_generator_cppExport.cmake
-- Up-to-date: /home/patricia/Escritorio/Mecatronica-Proyecto/software/ros_ws/install/maya_msgs/share/maya_msgs/cmake/export_maya_msgs__rosidl_typesupport_fastrtps_cppExport.cmake
-- Up-to-date: /home/patricia/Escritorio/Mecatronica-Proyecto/software/ros_ws/install/maya_msgs/share/maya_msgs/cmake/export_maya_msgs__rosidl_typesupport_fastrtps_cppExport-noconfig.cmake
-- Up-to-date: /home/patricia/Escritorio/Mecatronica-Proyecto/software/ros_ws/install/maya_msgs/share/maya_msgs/cmake/maya_msgs__rosidl_typesupport_introspection_cppExport.cmake
-- Up-to-date: /home/patricia/Escritorio/Mecatronica-Proyecto/software/ros_ws/install/maya_msgs/share/maya_msgs/cmake/maya_msgs__rosidl_typesupport_introspection_cppExport-noconfig.cmake
-- Up-to-date: /home/patricia/Escritorio/Mecatronica-Proyecto/software/ros_ws/install/maya_msgs/share/maya_msgs/cmake/maya_msgs__rosidl_typesupport_cppExport.cmake
-- Up-to-date: /home/patricia/Escritorio/Mecatronica-Proyecto/software/ros_ws/install/maya_msgs/share/maya_msgs/cmake/maya_msgs__rosidl_typesupport_cppExport-noconfig.cmake
-- Up-to-date: /home/patricia/Escritorio/Mecatronica-Proyecto/software/ros_ws/install/maya_msgs/share/maya_msgs/cmake/export_maya_msgs__rosidl_generator_pyExport.cmake
-- Up-to-date: /home/patricia/Escritorio/Mecatronica-Proyecto/software/ros_ws/install/maya_msgs/share/maya_msgs/cmake/export_maya_msgs__rosidl_generator_pyExport-noconfig.cmake
-- Up-to-date: /home/patricia/Escritorio/Mecatronica-Proyecto/software/ros_ws/install/maya_msgs/share/maya_msgs/cmake/rosidl_cmake-extras.cmake
-- Up-to-date: /home/patricia/Escritorio/Mecatronica-Proyecto/software/ros_ws/install/maya_msgs/share/maya_msgs/cmake/ament_cmake_export_include_directories-extras.cmake
-- Up-to-date: /home/patricia/Escritorio/Mecatronica-Proyecto/software/ros_ws/install/maya_msgs/share/maya_msgs/cmake/ament_cmake_export_libraries-extras.cmake
-- Up-to-date: /home/patricia/Escritorio/Mecatronica-Proyecto/software/ros_ws/install/maya_msgs/share/maya_msgs/cmake/ament_cmake_export_targets-extras.cmake
-- Up-to-date: /home/patricia/Escritorio/Mecatronica-Proyecto/software/ros_ws/install/maya_msgs/share/maya_msgs/cmake/rosidl_cmake_export_typesupport_targets-extras.cmake
-- Up-to-date: /home/patricia/Escritorio/Mecatronica-Proyecto/software/ros_ws/install/maya_msgs/share/maya_msgs/cmake/ament_cmake_export_dependencies-extras.cmake
-- Up-to-date: /home/patricia/Escritorio/Mecatronica-Proyecto/software/ros_ws/install/maya_msgs/share/maya_msgs/cmake/rosidl_cmake_export_typesupport_libraries-extras.cmake
-- Up-to-date: /home/patricia/Escritorio/Mecatronica-Proyecto/software/ros_ws/install/maya_msgs/share/maya_msgs/cmake/maya_msgsConfig.cmake
-- Up-to-date: /home/patricia/Escritorio/Mecatronica-Proyecto/software/ros_ws/install/maya_msgs/share/maya_msgs/cmake/maya_msgsConfig-version.cmake
-- Up-to-date: /home/patricia/Escritorio/Mecatronica-Proyecto/software/ros_ws/install/maya_msgs/share/maya_msgs/package.xml
