[0.033s] Invoking command in '/home/patricia/Escritorio/Mecatronica-Proyecto/software/ros_ws/build/maya_msgs': CMAKE_PREFIX_PATH=${CMAKE_PREFIX_PATH}:/home/patricia/Escritorio/Mecatronica-Proyecto/software/ros_ws/install/maya_pkg:/opt/ros/humble /usr/bin/cmake --build /home/patricia/Escritorio/Mecatronica-Proyecto/software/ros_ws/build/maya_msgs -- -j8 -l8
[0.055s] [35m[1mConsolidate compiler generated dependencies of target maya_msgs__rosidl_generator_c[0m
[0.060s] [  2%] Built target maya_msgs__cpp
[0.061s] [ 12%] Built target maya_msgs__rosidl_generator_c
[0.067s] [ 12%] Built target ament_cmake_python_copy_maya_msgs
[0.067s] [35m[1mConsolidate compiler generated dependencies of target maya_msgs__rosidl_typesupport_fastrtps_c[0m
[0.067s] [35m[1mConsolidate compiler generated dependencies of target maya_msgs__rosidl_typesupport_fastrtps_cpp[0m
[0.068s] [35m[1mConsolidate compiler generated dependencies of target maya_msgs__rosidl_typesupport_c[0m
[0.068s] [35m[1mConsolidate compiler generated dependencies of target maya_msgs__rosidl_typesupport_introspection_cpp[0m
[0.068s] [35m[1mConsolidate compiler generated dependencies of target maya_msgs__rosidl_typesupport_cpp[0m
[0.075s] [35m[1mConsolidate compiler generated dependencies of target maya_msgs__rosidl_typesupport_introspection_c[0m
[0.079s] [ 33%] Built target maya_msgs__rosidl_typesupport_fastrtps_c
[0.079s] [ 33%] Built target maya_msgs__rosidl_typesupport_fastrtps_cpp
[0.080s] [ 43%] Built target maya_msgs__rosidl_typesupport_c
[0.080s] [ 53%] Built target maya_msgs__rosidl_typesupport_introspection_cpp
[0.087s] [ 64%] Built target maya_msgs__rosidl_typesupport_introspection_c
[0.088s] [ 74%] Built target maya_msgs__rosidl_typesupport_cpp
[0.101s] [ 74%] Built target maya_msgs
[0.111s] [ 76%] Built target maya_msgs__py
[0.118s] [35m[1mConsolidate compiler generated dependencies of target maya_msgs__rosidl_generator_py[0m
[0.125s] [ 84%] Built target maya_msgs__rosidl_generator_py
[0.133s] [35m[1mConsolidate compiler generated dependencies of target maya_msgs__rosidl_typesupport_fastrtps_c__pyext[0m
[0.133s] [35m[1mConsolidate compiler generated dependencies of target maya_msgs__rosidl_typesupport_c__pyext[0m
[0.133s] [35m[1mConsolidate compiler generated dependencies of target maya_msgs__rosidl_typesupport_introspection_c__pyext[0m
[0.142s] [ 89%] Built target maya_msgs__rosidl_typesupport_c__pyext
[0.144s] [100%] Built target maya_msgs__rosidl_typesupport_introspection_c__pyext
[0.144s] [100%] Built target maya_msgs__rosidl_typesupport_fastrtps_c__pyext
[0.247s] running egg_info
[0.248s] writing maya_msgs.egg-info/PKG-INFO
[0.248s] writing dependency_links to maya_msgs.egg-info/dependency_links.txt
[0.248s] writing top-level names to maya_msgs.egg-info/top_level.txt
[0.248s] reading manifest file 'maya_msgs.egg-info/SOURCES.txt'
[0.248s] writing manifest file 'maya_msgs.egg-info/SOURCES.txt'
[0.267s] [100%] Built target ament_cmake_python_build_maya_msgs_egg
[0.273s] Invoked command in '/home/patricia/Escritorio/Mecatronica-Proyecto/software/ros_ws/build/maya_msgs' returned '0': CMAKE_PREFIX_PATH=${CMAKE_PREFIX_PATH}:/home/patricia/Escritorio/Mecatronica-Proyecto/software/ros_ws/install/maya_pkg:/opt/ros/humble /usr/bin/cmake --build /home/patricia/Escritorio/Mecatronica-Proyecto/software/ros_ws/build/maya_msgs -- -j8 -l8
[0.315s] Invoking command in '/home/patricia/Escritorio/Mecatronica-Proyecto/software/ros_ws/build/maya_msgs': CMAKE_PREFIX_PATH=${CMAKE_PREFIX_PATH}:/home/patricia/Escritorio/Mecatronica-Proyecto/software/ros_ws/install/maya_pkg:/opt/ros/humble /usr/bin/cmake --install /home/patricia/Escritorio/Mecatronica-Proyecto/software/ros_ws/build/maya_msgs
[0.319s] -- Install configuration: ""
[0.319s] -- Up-to-date: /home/patricia/Escritorio/Mecatronica-Proyecto/software/ros_ws/install/maya_msgs/share/ament_index/resource_index/rosidl_interfaces/maya_msgs
[0.319s] -- Up-to-date: /home/patricia/Escritorio/Mecatronica-Proyecto/software/ros_ws/install/maya_msgs/include/maya_msgs/maya_msgs
[0.319s] -- Up-to-date: /home/patricia/Escritorio/Mecatronica-Proyecto/software/ros_ws/install/maya_msgs/include/maya_msgs/maya_msgs/msg
[0.319s] -- Up-to-date: /home/patricia/Escritorio/Mecatronica-Proyecto/software/ros_ws/install/maya_msgs/include/maya_msgs/maya_msgs/msg/detail
[0.320s] -- Up-to-date: /home/patricia/Escritorio/Mecatronica-Proyecto/software/ros_ws/install/maya_msgs/include/maya_msgs/maya_msgs/msg/detail/sound__functions.h
[0.320s] -- Up-to-date: /home/patricia/Escritorio/Mecatronica-Proyecto/software/ros_ws/install/maya_msgs/include/maya_msgs/maya_msgs/msg/detail/control__functions.c
[0.320s] -- Up-to-date: /home/patricia/Escritorio/Mecatronica-Proyecto/software/ros_ws/install/maya_msgs/include/maya_msgs/maya_msgs/msg/detail/control__type_support.h
[0.320s] -- Up-to-date: /home/patricia/Escritorio/Mecatronica-Proyecto/software/ros_ws/install/maya_msgs/include/maya_msgs/maya_msgs/msg/detail/control__functions.h
[0.320s] -- Up-to-date: /home/patricia/Escritorio/Mecatronica-Proyecto/software/ros_ws/install/maya_msgs/include/maya_msgs/maya_msgs/msg/detail/sound__type_support.h
[0.320s] -- Up-to-date: /home/patricia/Escritorio/Mecatronica-Proyecto/software/ros_ws/install/maya_msgs/include/maya_msgs/maya_msgs/msg/detail/sound__functions.c
[0.320s] -- Up-to-date: /home/patricia/Escritorio/Mecatronica-Proyecto/software/ros_ws/install/maya_msgs/include/maya_msgs/maya_msgs/msg/detail/control__struct.h
[0.320s] -- Up-to-date: /home/patricia/Escritorio/Mecatronica-Proyecto/software/ros_ws/install/maya_msgs/include/maya_msgs/maya_msgs/msg/detail/sound__struct.h
[0.320s] -- Up-to-date: /home/patricia/Escritorio/Mecatronica-Proyecto/software/ros_ws/install/maya_msgs/include/maya_msgs/maya_msgs/msg/rosidl_generator_c__visibility_control.h
[0.320s] -- Up-to-date: /home/patricia/Escritorio/Mecatronica-Proyecto/software/ros_ws/install/maya_msgs/include/maya_msgs/maya_msgs/msg/control.h
[0.320s] -- Up-to-date: /home/patricia/Escritorio/Mecatronica-Proyecto/software/ros_ws/install/maya_msgs/include/maya_msgs/maya_msgs/msg/sound.h
[0.321s] -- Up-to-date: /home/patricia/Escritorio/Mecatronica-Proyecto/software/ros_ws/install/maya_msgs/share/maya_msgs/environment/library_path.sh
[0.321s] -- Up-to-date: /home/patricia/Escritorio/Mecatronica-Proyecto/software/ros_ws/install/maya_msgs/share/maya_msgs/environment/library_path.dsv
[0.321s] -- Up-to-date: /home/patricia/Escritorio/Mecatronica-Proyecto/software/ros_ws/install/maya_msgs/lib/libmaya_msgs__rosidl_generator_c.so
[0.321s] -- Up-to-date: /home/patricia/Escritorio/Mecatronica-Proyecto/software/ros_ws/install/maya_msgs/include/maya_msgs/maya_msgs
[0.321s] -- Up-to-date: /home/patricia/Escritorio/Mecatronica-Proyecto/software/ros_ws/install/maya_msgs/include/maya_msgs/maya_msgs/msg
[0.321s] -- Up-to-date: /home/patricia/Escritorio/Mecatronica-Proyecto/software/ros_ws/install/maya_msgs/include/maya_msgs/maya_msgs/msg/rosidl_typesupport_fastrtps_c__visibility_control.h
[0.321s] -- Up-to-date: /home/patricia/Escritorio/Mecatronica-Proyecto/software/ros_ws/install/maya_msgs/include/maya_msgs/maya_msgs/msg/detail
[0.321s] -- Up-to-date: /home/patricia/Escritorio/Mecatronica-Proyecto/software/ros_ws/install/maya_msgs/include/maya_msgs/maya_msgs/msg/detail/sound__rosidl_typesupport_fastrtps_c.h
[0.321s] -- Up-to-date: /home/patricia/Escritorio/Mecatronica-Proyecto/software/ros_ws/install/maya_msgs/include/maya_msgs/maya_msgs/msg/detail/control__rosidl_typesupport_fastrtps_c.h
[0.321s] -- Up-to-date: /home/patricia/Escritorio/Mecatronica-Proyecto/software/ros_ws/install/maya_msgs/lib/libmaya_msgs__rosidl_typesupport_fastrtps_c.so
[0.321s] -- Up-to-date: /home/patricia/Escritorio/Mecatronica-Proyecto/software/ros_ws/install/maya_msgs/include/maya_msgs/maya_msgs
[0.321s] -- Up-to-date: /home/patricia/Escritorio/Mecatronica-Proyecto/software/ros_ws/install/maya_msgs/include/maya_msgs/maya_msgs/msg
[0.321s] -- Up-to-date: /home/patricia/Escritorio/Mecatronica-Proyecto/software/ros_ws/install/maya_msgs/include/maya_msgs/maya_msgs/msg/detail
[0.322s] -- Up-to-date: /home/patricia/Escritorio/Mecatronica-Proyecto/software/ros_ws/install/maya_msgs/include/maya_msgs/maya_msgs/msg/detail/sound__rosidl_typesupport_introspection_c.h
[0.322s] -- Up-to-date: /home/patricia/Escritorio/Mecatronica-Proyecto/software/ros_ws/install/maya_msgs/include/maya_msgs/maya_msgs/msg/detail/sound__type_support.c
[0.322s] -- Up-to-date: /home/patricia/Escritorio/Mecatronica-Proyecto/software/ros_ws/install/maya_msgs/include/maya_msgs/maya_msgs/msg/detail/control__rosidl_typesupport_introspection_c.h
[0.322s] -- Up-to-date: /home/patricia/Escritorio/Mecatronica-Proyecto/software/ros_ws/install/maya_msgs/include/maya_msgs/maya_msgs/msg/detail/control__type_support.c
[0.322s] -- Up-to-date: /home/patricia/Escritorio/Mecatronica-Proyecto/software/ros_ws/install/maya_msgs/include/maya_msgs/maya_msgs/msg/rosidl_typesupport_introspection_c__visibility_control.h
[0.322s] -- Up-to-date: /home/patricia/Escritorio/Mecatronica-Proyecto/software/ros_ws/install/maya_msgs/lib/libmaya_msgs__rosidl_typesupport_introspection_c.so
[0.322s] -- Up-to-date: /home/patricia/Escritorio/Mecatronica-Proyecto/software/ros_ws/install/maya_msgs/lib/libmaya_msgs__rosidl_typesupport_c.so
[0.322s] -- Up-to-date: /home/patricia/Escritorio/Mecatronica-Proyecto/software/ros_ws/install/maya_msgs/include/maya_msgs/maya_msgs
[0.322s] -- Up-to-date: /home/patricia/Escritorio/Mecatronica-Proyecto/software/ros_ws/install/maya_msgs/include/maya_msgs/maya_msgs/msg
[0.322s] -- Up-to-date: /home/patricia/Escritorio/Mecatronica-Proyecto/software/ros_ws/install/maya_msgs/include/maya_msgs/maya_msgs/msg/control.hpp
[0.322s] -- Up-to-date: /home/patricia/Escritorio/Mecatronica-Proyecto/software/ros_ws/install/maya_msgs/include/maya_msgs/maya_msgs/msg/detail
[0.322s] -- Up-to-date: /home/patricia/Escritorio/Mecatronica-Proyecto/software/ros_ws/install/maya_msgs/include/maya_msgs/maya_msgs/msg/detail/sound__builder.hpp
[0.322s] -- Up-to-date: /home/patricia/Escritorio/Mecatronica-Proyecto/software/ros_ws/install/maya_msgs/include/maya_msgs/maya_msgs/msg/detail/control__struct.hpp
[0.322s] -- Up-to-date: /home/patricia/Escritorio/Mecatronica-Proyecto/software/ros_ws/install/maya_msgs/include/maya_msgs/maya_msgs/msg/detail/sound__traits.hpp
[0.322s] -- Up-to-date: /home/patricia/Escritorio/Mecatronica-Proyecto/software/ros_ws/install/maya_msgs/include/maya_msgs/maya_msgs/msg/detail/control__builder.hpp
[0.323s] -- Up-to-date: /home/patricia/Escritorio/Mecatronica-Proyecto/software/ros_ws/install/maya_msgs/include/maya_msgs/maya_msgs/msg/detail/sound__struct.hpp
[0.323s] -- Up-to-date: /home/patricia/Escritorio/Mecatronica-Proyecto/software/ros_ws/install/maya_msgs/include/maya_msgs/maya_msgs/msg/detail/control__traits.hpp
[0.323s] -- Up-to-date: /home/patricia/Escritorio/Mecatronica-Proyecto/software/ros_ws/install/maya_msgs/include/maya_msgs/maya_msgs/msg/sound.hpp
[0.323s] -- Up-to-date: /home/patricia/Escritorio/Mecatronica-Proyecto/software/ros_ws/install/maya_msgs/include/maya_msgs/maya_msgs
[0.323s] -- Up-to-date: /home/patricia/Escritorio/Mecatronica-Proyecto/software/ros_ws/install/maya_msgs/include/maya_msgs/maya_msgs/msg
[0.323s] -- Up-to-date: /home/patricia/Escritorio/Mecatronica-Proyecto/software/ros_ws/install/maya_msgs/include/maya_msgs/maya_msgs/msg/detail
[0.323s] -- Up-to-date: /home/patricia/Escritorio/Mecatronica-Proyecto/software/ros_ws/install/maya_msgs/include/maya_msgs/maya_msgs/msg/detail/control__rosidl_typesupport_fastrtps_cpp.hpp
[0.323s] -- Up-to-date: /home/patricia/Escritorio/Mecatronica-Proyecto/software/ros_ws/install/maya_msgs/include/maya_msgs/maya_msgs/msg/detail/sound__rosidl_typesupport_fastrtps_cpp.hpp
[0.323s] -- Up-to-date: /home/patricia/Escritorio/Mecatronica-Proyecto/software/ros_ws/install/maya_msgs/include/maya_msgs/maya_msgs/msg/detail/dds_fastrtps
[0.323s] -- Up-to-date: /home/patricia/Escritorio/Mecatronica-Proyecto/software/ros_ws/install/maya_msgs/include/maya_msgs/maya_msgs/msg/rosidl_typesupport_fastrtps_cpp__visibility_control.h
[0.323s] -- Up-to-date: /home/patricia/Escritorio/Mecatronica-Proyecto/software/ros_ws/install/maya_msgs/lib/libmaya_msgs__rosidl_typesupport_fastrtps_cpp.so
[0.323s] -- Up-to-date: /home/patricia/Escritorio/Mecatronica-Proyecto/software/ros_ws/install/maya_msgs/include/maya_msgs/maya_msgs
[0.323s] -- Up-to-date: /home/patricia/Escritorio/Mecatronica-Proyecto/software/ros_ws/install/maya_msgs/include/maya_msgs/maya_msgs/msg
[0.324s] -- Up-to-date: /home/patricia/Escritorio/Mecatronica-Proyecto/software/ros_ws/install/maya_msgs/include/maya_msgs/maya_msgs/msg/detail
[0.324s] -- Up-to-date: /home/patricia/Escritorio/Mecatronica-Proyecto/software/ros_ws/install/maya_msgs/include/maya_msgs/maya_msgs/msg/detail/sound__type_support.cpp
[0.324s] -- Up-to-date: /home/patricia/Escritorio/Mecatronica-Proyecto/software/ros_ws/install/maya_msgs/include/maya_msgs/maya_msgs/msg/detail/control__type_support.cpp
[0.324s] -- Up-to-date: /home/patricia/Escritorio/Mecatronica-Proyecto/software/ros_ws/install/maya_msgs/include/maya_msgs/maya_msgs/msg/detail/sound__rosidl_typesupport_introspection_cpp.hpp
[0.324s] -- Up-to-date: /home/patricia/Escritorio/Mecatronica-Proyecto/software/ros_ws/install/maya_msgs/include/maya_msgs/maya_msgs/msg/detail/control__rosidl_typesupport_introspection_cpp.hpp
[0.324s] -- Up-to-date: /home/patricia/Escritorio/Mecatronica-Proyecto/software/ros_ws/install/maya_msgs/lib/libmaya_msgs__rosidl_typesupport_introspection_cpp.so
[0.324s] -- Up-to-date: /home/patricia/Escritorio/Mecatronica-Proyecto/software/ros_ws/install/maya_msgs/lib/libmaya_msgs__rosidl_typesupport_cpp.so
[0.324s] -- Up-to-date: /home/patricia/Escritorio/Mecatronica-Proyecto/software/ros_ws/install/maya_msgs/share/maya_msgs/environment/pythonpath.sh
[0.324s] -- Up-to-date: /home/patricia/Escritorio/Mecatronica-Proyecto/software/ros_ws/install/maya_msgs/share/maya_msgs/environment/pythonpath.dsv
[0.324s] -- Up-to-date: /home/patricia/Escritorio/Mecatronica-Proyecto/software/ros_ws/install/maya_msgs/local/lib/python3.10/dist-packages/maya_msgs-0.0.0-py3.10.egg-info
[0.324s] -- Installing: /home/patricia/Escritorio/Mecatronica-Proyecto/software/ros_ws/install/maya_msgs/local/lib/python3.10/dist-packages/maya_msgs-0.0.0-py3.10.egg-info/dependency_links.txt
[0.324s] -- Installing: /home/patricia/Escritorio/Mecatronica-Proyecto/software/ros_ws/install/maya_msgs/local/lib/python3.10/dist-packages/maya_msgs-0.0.0-py3.10.egg-info/top_level.txt
[0.324s] -- Installing: /home/patricia/Escritorio/Mecatronica-Proyecto/software/ros_ws/install/maya_msgs/local/lib/python3.10/dist-packages/maya_msgs-0.0.0-py3.10.egg-info/SOURCES.txt
[0.324s] -- Installing: /home/patricia/Escritorio/Mecatronica-Proyecto/software/ros_ws/install/maya_msgs/local/lib/python3.10/dist-packages/maya_msgs-0.0.0-py3.10.egg-info/PKG-INFO
[0.324s] -- Up-to-date: /home/patricia/Escritorio/Mecatronica-Proyecto/software/ros_ws/install/maya_msgs/local/lib/python3.10/dist-packages/maya_msgs
[0.325s] -- Up-to-date: /home/patricia/Escritorio/Mecatronica-Proyecto/software/ros_ws/install/maya_msgs/local/lib/python3.10/dist-packages/maya_msgs/maya_msgs_s__rosidl_typesupport_c.cpython-310-x86_64-linux-gnu.so
[0.325s] -- Up-to-date: /home/patricia/Escritorio/Mecatronica-Proyecto/software/ros_ws/install/maya_msgs/local/lib/python3.10/dist-packages/maya_msgs/maya_msgs_s__rosidl_typesupport_introspection_c.cpython-310-x86_64-linux-gnu.so
[0.325s] -- Up-to-date: /home/patricia/Escritorio/Mecatronica-Proyecto/software/ros_ws/install/maya_msgs/local/lib/python3.10/dist-packages/maya_msgs/_maya_msgs_s.ep.rosidl_typesupport_c.c
[0.325s] -- Up-to-date: /home/patricia/Escritorio/Mecatronica-Proyecto/software/ros_ws/install/maya_msgs/local/lib/python3.10/dist-packages/maya_msgs/msg
[0.325s] -- Up-to-date: /home/patricia/Escritorio/Mecatronica-Proyecto/software/ros_ws/install/maya_msgs/local/lib/python3.10/dist-packages/maya_msgs/msg/_control_s.c
[0.325s] -- Up-to-date: /home/patricia/Escritorio/Mecatronica-Proyecto/software/ros_ws/install/maya_msgs/local/lib/python3.10/dist-packages/maya_msgs/msg/_sound_s.c
[0.325s] -- Up-to-date: /home/patricia/Escritorio/Mecatronica-Proyecto/software/ros_ws/install/maya_msgs/local/lib/python3.10/dist-packages/maya_msgs/msg/__init__.py
[0.325s] -- Up-to-date: /home/patricia/Escritorio/Mecatronica-Proyecto/software/ros_ws/install/maya_msgs/local/lib/python3.10/dist-packages/maya_msgs/msg/_control.py
[0.325s] -- Up-to-date: /home/patricia/Escritorio/Mecatronica-Proyecto/software/ros_ws/install/maya_msgs/local/lib/python3.10/dist-packages/maya_msgs/msg/_sound.py
[0.325s] -- Up-to-date: /home/patricia/Escritorio/Mecatronica-Proyecto/software/ros_ws/install/maya_msgs/local/lib/python3.10/dist-packages/maya_msgs/_maya_msgs_s.ep.rosidl_typesupport_introspection_c.c
[0.325s] -- Up-to-date: /home/patricia/Escritorio/Mecatronica-Proyecto/software/ros_ws/install/maya_msgs/local/lib/python3.10/dist-packages/maya_msgs/__init__.py
[0.325s] -- Up-to-date: /home/patricia/Escritorio/Mecatronica-Proyecto/software/ros_ws/install/maya_msgs/local/lib/python3.10/dist-packages/maya_msgs/_maya_msgs_s.ep.rosidl_typesupport_fastrtps_c.c
[0.325s] -- Up-to-date: /home/patricia/Escritorio/Mecatronica-Proyecto/software/ros_ws/install/maya_msgs/local/lib/python3.10/dist-packages/maya_msgs/libmaya_msgs__rosidl_generator_py.so
[0.325s] -- Up-to-date: /home/patricia/Escritorio/Mecatronica-Proyecto/software/ros_ws/install/maya_msgs/local/lib/python3.10/dist-packages/maya_msgs/maya_msgs_s__rosidl_typesupport_fastrtps_c.cpython-310-x86_64-linux-gnu.so
[0.341s] Listing '/home/patricia/Escritorio/Mecatronica-Proyecto/software/ros_ws/install/maya_msgs/local/lib/python3.10/dist-packages/maya_msgs'...
[0.341s] Listing '/home/patricia/Escritorio/Mecatronica-Proyecto/software/ros_ws/install/maya_msgs/local/lib/python3.10/dist-packages/maya_msgs/msg'...
[0.344s] -- Up-to-date: /home/patricia/Escritorio/Mecatronica-Proyecto/software/ros_ws/install/maya_msgs/local/lib/python3.10/dist-packages/maya_msgs/maya_msgs_s__rosidl_typesupport_fastrtps_c.cpython-310-x86_64-linux-gnu.so
[0.344s] -- Up-to-date: /home/patricia/Escritorio/Mecatronica-Proyecto/software/ros_ws/install/maya_msgs/local/lib/python3.10/dist-packages/maya_msgs/maya_msgs_s__rosidl_typesupport_introspection_c.cpython-310-x86_64-linux-gnu.so
[0.344s] -- Up-to-date: /home/patricia/Escritorio/Mecatronica-Proyecto/software/ros_ws/install/maya_msgs/local/lib/python3.10/dist-packages/maya_msgs/maya_msgs_s__rosidl_typesupport_c.cpython-310-x86_64-linux-gnu.so
[0.345s] -- Up-to-date: /home/patricia/Escritorio/Mecatronica-Proyecto/software/ros_ws/install/maya_msgs/lib/libmaya_msgs__rosidl_generator_py.so
[0.345s] -- Up-to-date: /home/patricia/Escritorio/Mecatronica-Proyecto/software/ros_ws/install/maya_msgs/share/maya_msgs/msg/Control.idl
[0.345s] -- Up-to-date: /home/patricia/Escritorio/Mecatronica-Proyecto/software/ros_ws/install/maya_msgs/share/maya_msgs/msg/Sound.idl
[0.345s] -- Up-to-date: /home/patricia/Escritorio/Mecatronica-Proyecto/software/ros_ws/install/maya_msgs/share/maya_msgs/msg/Control.msg
[0.345s] -- Up-to-date: /home/patricia/Escritorio/Mecatronica-Proyecto/software/ros_ws/install/maya_msgs/share/maya_msgs/msg/Sound.msg
[0.345s] -- Up-to-date: /home/patricia/Escritorio/Mecatronica-Proyecto/software/ros_ws/install/maya_msgs/share/ament_index/resource_index/package_run_dependencies/maya_msgs
[0.345s] -- Up-to-date: /home/patricia/Escritorio/Mecatronica-Proyecto/software/ros_ws/install/maya_msgs/share/ament_index/resource_index/parent_prefix_path/maya_msgs
[0.345s] -- Up-to-date: /home/patricia/Escritorio/Mecatronica-Proyecto/software/ros_ws/install/maya_msgs/share/maya_msgs/environment/ament_prefix_path.sh
[0.345s] -- Up-to-date: /home/patricia/Escritorio/Mecatronica-Proyecto/software/ros_ws/install/maya_msgs/share/maya_msgs/environment/ament_prefix_path.dsv
[0.345s] -- Up-to-date: /home/patricia/Escritorio/Mecatronica-Proyecto/software/ros_ws/install/maya_msgs/share/maya_msgs/environment/path.sh
[0.346s] -- Up-to-date: /home/patricia/Escritorio/Mecatronica-Proyecto/software/ros_ws/install/maya_msgs/share/maya_msgs/environment/path.dsv
[0.346s] -- Up-to-date: /home/patricia/Escritorio/Mecatronica-Proyecto/software/ros_ws/install/maya_msgs/share/maya_msgs/local_setup.bash
[0.346s] -- Up-to-date: /home/patricia/Escritorio/Mecatronica-Proyecto/software/ros_ws/install/maya_msgs/share/maya_msgs/local_setup.sh
[0.346s] -- Up-to-date: /home/patricia/Escritorio/Mecatronica-Proyecto/software/ros_ws/install/maya_msgs/share/maya_msgs/local_setup.zsh
[0.346s] -- Up-to-date: /home/patricia/Escritorio/Mecatronica-Proyecto/software/ros_ws/install/maya_msgs/share/maya_msgs/local_setup.dsv
[0.346s] -- Installing: /home/patricia/Escritorio/Mecatronica-Proyecto/software/ros_ws/install/maya_msgs/share/maya_msgs/package.dsv
[0.346s] -- Up-to-date: /home/patricia/Escritorio/Mecatronica-Proyecto/software/ros_ws/install/maya_msgs/share/ament_index/resource_index/packages/maya_msgs
[0.346s] -- Up-to-date: /home/patricia/Escritorio/Mecatronica-Proyecto/software/ros_ws/install/maya_msgs/share/maya_msgs/cmake/export_maya_msgs__rosidl_generator_cExport.cmake
[0.346s] -- Up-to-date: /home/patricia/Escritorio/Mecatronica-Proyecto/software/ros_ws/install/maya_msgs/share/maya_msgs/cmake/export_maya_msgs__rosidl_generator_cExport-noconfig.cmake
[0.346s] -- Up-to-date: /home/patricia/Escritorio/Mecatronica-Proyecto/software/ros_ws/install/maya_msgs/share/maya_msgs/cmake/export_maya_msgs__rosidl_typesupport_fastrtps_cExport.cmake
[0.346s] -- Up-to-date: /home/patricia/Escritorio/Mecatronica-Proyecto/software/ros_ws/install/maya_msgs/share/maya_msgs/cmake/export_maya_msgs__rosidl_typesupport_fastrtps_cExport-noconfig.cmake
[0.346s] -- Up-to-date: /home/patricia/Escritorio/Mecatronica-Proyecto/software/ros_ws/install/maya_msgs/share/maya_msgs/cmake/maya_msgs__rosidl_typesupport_introspection_cExport.cmake
[0.346s] -- Up-to-date: /home/patricia/Escritorio/Mecatronica-Proyecto/software/ros_ws/install/maya_msgs/share/maya_msgs/cmake/maya_msgs__rosidl_typesupport_introspection_cExport-noconfig.cmake
[0.346s] -- Up-to-date: /home/patricia/Escritorio/Mecatronica-Proyecto/software/ros_ws/install/maya_msgs/share/maya_msgs/cmake/maya_msgs__rosidl_typesupport_cExport.cmake
[0.346s] -- Up-to-date: /home/patricia/Escritorio/Mecatronica-Proyecto/software/ros_ws/install/maya_msgs/share/maya_msgs/cmake/maya_msgs__rosidl_typesupport_cExport-noconfig.cmake
[0.347s] -- Up-to-date: /home/patricia/Escritorio/Mecatronica-Proyecto/software/ros_ws/install/maya_msgs/share/maya_msgs/cmake/export_maya_msgs__rosidl_generator_cppExport.cmake
[0.347s] -- Up-to-date: /home/patricia/Escritorio/Mecatronica-Proyecto/software/ros_ws/install/maya_msgs/share/maya_msgs/cmake/export_maya_msgs__rosidl_typesupport_fastrtps_cppExport.cmake
[0.347s] -- Up-to-date: /home/patricia/Escritorio/Mecatronica-Proyecto/software/ros_ws/install/maya_msgs/share/maya_msgs/cmake/export_maya_msgs__rosidl_typesupport_fastrtps_cppExport-noconfig.cmake
[0.347s] -- Up-to-date: /home/patricia/Escritorio/Mecatronica-Proyecto/software/ros_ws/install/maya_msgs/share/maya_msgs/cmake/maya_msgs__rosidl_typesupport_introspection_cppExport.cmake
[0.347s] -- Up-to-date: /home/patricia/Escritorio/Mecatronica-Proyecto/software/ros_ws/install/maya_msgs/share/maya_msgs/cmake/maya_msgs__rosidl_typesupport_introspection_cppExport-noconfig.cmake
[0.347s] -- Up-to-date: /home/patricia/Escritorio/Mecatronica-Proyecto/software/ros_ws/install/maya_msgs/share/maya_msgs/cmake/maya_msgs__rosidl_typesupport_cppExport.cmake
[0.347s] -- Up-to-date: /home/patricia/Escritorio/Mecatronica-Proyecto/software/ros_ws/install/maya_msgs/share/maya_msgs/cmake/maya_msgs__rosidl_typesupport_cppExport-noconfig.cmake
[0.347s] -- Up-to-date: /home/patricia/Escritorio/Mecatronica-Proyecto/software/ros_ws/install/maya_msgs/share/maya_msgs/cmake/export_maya_msgs__rosidl_generator_pyExport.cmake
[0.347s] -- Up-to-date: /home/patricia/Escritorio/Mecatronica-Proyecto/software/ros_ws/install/maya_msgs/share/maya_msgs/cmake/export_maya_msgs__rosidl_generator_pyExport-noconfig.cmake
[0.347s] -- Up-to-date: /home/patricia/Escritorio/Mecatronica-Proyecto/software/ros_ws/install/maya_msgs/share/maya_msgs/cmake/rosidl_cmake-extras.cmake
[0.347s] -- Up-to-date: /home/patricia/Escritorio/Mecatronica-Proyecto/software/ros_ws/install/maya_msgs/share/maya_msgs/cmake/ament_cmake_export_include_directories-extras.cmake
[0.347s] -- Up-to-date: /home/patricia/Escritorio/Mecatronica-Proyecto/software/ros_ws/install/maya_msgs/share/maya_msgs/cmake/ament_cmake_export_libraries-extras.cmake
[0.347s] -- Up-to-date: /home/patricia/Escritorio/Mecatronica-Proyecto/software/ros_ws/install/maya_msgs/share/maya_msgs/cmake/ament_cmake_export_targets-extras.cmake
[0.347s] -- Up-to-date: /home/patricia/Escritorio/Mecatronica-Proyecto/software/ros_ws/install/maya_msgs/share/maya_msgs/cmake/rosidl_cmake_export_typesupport_targets-extras.cmake
[0.347s] -- Up-to-date: /home/patricia/Escritorio/Mecatronica-Proyecto/software/ros_ws/install/maya_msgs/share/maya_msgs/cmake/ament_cmake_export_dependencies-extras.cmake
[0.347s] -- Up-to-date: /home/patricia/Escritorio/Mecatronica-Proyecto/software/ros_ws/install/maya_msgs/share/maya_msgs/cmake/rosidl_cmake_export_typesupport_libraries-extras.cmake
[0.347s] -- Up-to-date: /home/patricia/Escritorio/Mecatronica-Proyecto/software/ros_ws/install/maya_msgs/share/maya_msgs/cmake/maya_msgsConfig.cmake
[0.347s] -- Up-to-date: /home/patricia/Escritorio/Mecatronica-Proyecto/software/ros_ws/install/maya_msgs/share/maya_msgs/cmake/maya_msgsConfig-version.cmake
[0.347s] -- Up-to-date: /home/patricia/Escritorio/Mecatronica-Proyecto/software/ros_ws/install/maya_msgs/share/maya_msgs/package.xml
[0.349s] Invoked command in '/home/patricia/Escritorio/Mecatronica-Proyecto/software/ros_ws/build/maya_msgs' returned '0': CMAKE_PREFIX_PATH=${CMAKE_PREFIX_PATH}:/home/patricia/Escritorio/Mecatronica-Proyecto/software/ros_ws/install/maya_pkg:/opt/ros/humble /usr/bin/cmake --install /home/patricia/Escritorio/Mecatronica-Proyecto/software/ros_ws/build/maya_msgs
